{"E:\\andela\\New Andela\\Andela Team work\\resent_email\\src\\server.js":{"path":"E:\\andela\\New Andela\\Andela Team work\\resent_email\\src\\server.js","statementMap":{"0":{"start":{"line":3,"column":0},"end":{"line":5,"column":3}},"1":{"start":{"line":6,"column":0},"end":{"line":6,"column":28}},"2":{"start":{"line":7,"column":15},"end":{"line":7,"column":57}},"3":{"start":{"line":8,"column":12},"end":{"line":8,"column":51}},"4":{"start":{"line":9,"column":15},"end":{"line":9,"column":59}},"5":{"start":{"line":10,"column":20},"end":{"line":10,"column":68}},"6":{"start":{"line":11,"column":24},"end":{"line":11,"column":77}},"7":{"start":{"line":12,"column":39},"end":{"line":12,"column":95}},"8":{"start":{"line":13,"column":0},"end":{"line":13,"column":27}},"9":{"start":{"line":14,"column":10},"end":{"line":14,"column":36}},"10":{"start":{"line":15,"column":14},"end":{"line":33,"column":1}},"11":{"start":{"line":34,"column":12},"end":{"line":34,"column":50}},"12":{"start":{"line":35,"column":0},"end":{"line":35,"column":100}},"13":{"start":{"line":36,"column":0},"end":{"line":36,"column":36}},"14":{"start":{"line":37,"column":0},"end":{"line":37,"column":33}},"15":{"start":{"line":38,"column":0},"end":{"line":38,"column":29}},"16":{"start":{"line":39,"column":11},"end":{"line":39,"column":35}},"17":{"start":{"line":40,"column":0},"end":{"line":42,"column":3}},"18":{"start":{"line":41,"column":2},"end":{"line":41,"column":48}},"19":{"start":{"line":43,"column":15},"end":{"line":43,"column":18}},"20":{"start":{"line":44,"column":0},"end":{"line":44,"column":30}}},"fnMap":{"0":{"name":"_interopRequireDefault","decl":{"start":{"line":12,"column":9},"end":{"line":12,"column":31}},"loc":{"start":{"line":12,"column":37},"end":{"line":12,"column":97}},"line":12},"1":{"name":"(anonymous_1)","decl":{"start":{"line":40,"column":17},"end":{"line":40,"column":18}},"loc":{"start":{"line":40,"column":29},"end":{"line":42,"column":1}},"line":40}},"branchMap":{"0":{"loc":{"start":{"line":12,"column":46},"end":{"line":12,"column":94}},"type":"cond-expr","locations":[{"start":{"line":12,"column":70},"end":{"line":12,"column":73}},{"start":{"line":12,"column":76},"end":{"line":12,"column":94}}],"line":12},"1":{"loc":{"start":{"line":12,"column":46},"end":{"line":12,"column":67}},"type":"binary-expr","locations":[{"start":{"line":12,"column":46},"end":{"line":12,"column":49}},{"start":{"line":12,"column":53},"end":{"line":12,"column":67}}],"line":12},"2":{"loc":{"start":{"line":39,"column":11},"end":{"line":39,"column":35}},"type":"binary-expr","locations":[{"start":{"line":39,"column":11},"end":{"line":39,"column":27}},{"start":{"line":39,"column":31},"end":{"line":39,"column":35}}],"line":39}},"s":{"0":1,"1":1,"2":1,"3":1,"4":1,"5":1,"6":1,"7":5,"8":1,"9":1,"10":1,"11":1,"12":1,"13":1,"14":1,"15":1,"16":1,"17":1,"18":1,"19":1,"20":1},"f":{"0":5,"1":1},"b":{"0":[1,4],"1":[5,5],"2":[1,0]},"inputSourceMap":{"version":3,"names":["_express","_interopRequireDefault","require","_cors","_routers","_swaggerJsdoc","_swaggerUiExpress","obj","__esModule","config","app","express","options","definition","openapi","info","title","version","description","contact","name","url","email","servers","apis","specs","swaggerJsdoc","use","swaggerUi","serve","setup","json","cors","routers","port","process","env","PORT","listen","console","log","concat","_default","exports"],"sourceRoot":"E:\\andela\\New Andela\\Andela Team work\\resent_email\\src\\","sources":["server.js"],"sourcesContent":["import express from \"express\";\r\nimport cors from \"cors\";\r\nimport routers from \"./routers\";\r\nimport swaggerJsdoc from \"swagger-jsdoc\";\r\nimport swaggerUi from \"swagger-ui-express\"\r\nrequire('dotenv').config();\r\nconst app = express();\r\n\r\n\r\nconst options = {\r\n    definition: {\r\n      openapi: \"3.0.0\",\r\n      info: {\r\n        title: \"E-commerce\",\r\n        version: \"0.1.0\",\r\n        description:\r\n          \"E-commerce Swagger\",\r\n        contact: {\r\n          name: \"Mirindi saidi\",\r\n          url: \"My Brand\",\r\n          email: \"mirindisaidi19@gmail.com\",\r\n        },\r\n      },\r\n      servers: [\r\n        {\r\n          url: \"http://localhost:4000\",\r\n        },\r\n      ],\r\n    },\r\n    apis: [\"./src/routers/auth.routers.js\",\"./src/routers/product.routers.js\"],\r\n  };\r\n  \r\n  const specs = swaggerJsdoc(options);\r\n  app.use(\r\n    \"/api-docs\",\r\n    swaggerUi.serve,\r\n    swaggerUi.setup(specs)\r\n  );\r\n\r\n\r\n\r\n\r\n\r\napp.use(express.json());\r\napp.use(cors());\r\napp.use(routers);\r\n\r\nconst port =process.env.PORT || 5000;\r\napp.listen(port, ()=> {\r\n    console.log(`http://localhost:${port}`)\r\n});\r\n\r\nexport default app;"],"mappings":";;;;;;AAAA,IAAAA,QAAA,GAAAC,sBAAA,CAAAC,OAAA;AACA,IAAAC,KAAA,GAAAF,sBAAA,CAAAC,OAAA;AACA,IAAAE,QAAA,GAAAH,sBAAA,CAAAC,OAAA;AACA,IAAAG,aAAA,GAAAJ,sBAAA,CAAAC,OAAA;AACA,IAAAI,iBAAA,GAAAL,sBAAA,CAAAC,OAAA;AAA0C,SAAAD,uBAAAM,GAAA,WAAAA,GAAA,IAAAA,GAAA,CAAAC,UAAA,GAAAD,GAAA,gBAAAA,GAAA;AAC1CL,OAAO,CAAC,QAAQ,CAAC,CAACO,MAAM,EAAE;AAC1B,IAAMC,GAAG,GAAG,IAAAC,mBAAO,GAAE;AAGrB,IAAMC,OAAO,GAAG;EACZC,UAAU,EAAE;IACVC,OAAO,EAAE,OAAO;IAChBC,IAAI,EAAE;MACJC,KAAK,EAAE,YAAY;MACnBC,OAAO,EAAE,OAAO;MAChBC,WAAW,EACT,oBAAoB;MACtBC,OAAO,EAAE;QACPC,IAAI,EAAE,eAAe;QACrBC,GAAG,EAAE,UAAU;QACfC,KAAK,EAAE;MACT;IACF,CAAC;IACDC,OAAO,EAAE,CACP;MACEF,GAAG,EAAE;IACP,CAAC;EAEL,CAAC;EACDG,IAAI,EAAE,CAAC,+BAA+B,EAAC,kCAAkC;AAC3E,CAAC;AAED,IAAMC,KAAK,GAAG,IAAAC,wBAAY,EAACd,OAAO,CAAC;AACnCF,GAAG,CAACiB,GAAG,CACL,WAAW,EACXC,4BAAS,CAACC,KAAK,EACfD,4BAAS,CAACE,KAAK,CAACL,KAAK,CAAC,CACvB;AAMHf,GAAG,CAACiB,GAAG,CAAChB,mBAAO,CAACoB,IAAI,EAAE,CAAC;AACvBrB,GAAG,CAACiB,GAAG,CAAC,IAAAK,gBAAI,GAAE,CAAC;AACftB,GAAG,CAACiB,GAAG,CAACM,mBAAO,CAAC;AAEhB,IAAMC,IAAI,GAAEC,OAAO,CAACC,GAAG,CAACC,IAAI,IAAI,IAAI;AACpC3B,GAAG,CAAC4B,MAAM,CAACJ,IAAI,EAAE,YAAK;EAClBK,OAAO,CAACC,GAAG,qBAAAC,MAAA,CAAqBP,IAAI,EAAG;AAC3C,CAAC,CAAC;AAAC,IAAAQ,QAAA,GAEYhC,GAAG;AAAAiC,OAAA,cAAAD,QAAA"},"_coverageSchema":"1a1c01bbd47fc00a2c39e90264f33305004495a9","hash":"6fde66bb36764af11b0d37f9a62954ebd5b8901e","contentHash":"2325755c38f9a75188998f72d202a736d145616c7d7829632d95401a17c67d9c"},"E:\\andela\\New Andela\\Andela Team work\\resent_email\\src\\routers\\index.js":{"path":"E:\\andela\\New Andela\\Andela Team work\\resent_email\\src\\routers\\index.js","statementMap":{"0":{"start":{"line":3,"column":0},"end":{"line":5,"column":3}},"1":{"start":{"line":6,"column":0},"end":{"line":6,"column":28}},"2":{"start":{"line":7,"column":15},"end":{"line":7,"column":33}},"3":{"start":{"line":8,"column":12},"end":{"line":8,"column":61}},"4":{"start":{"line":9,"column":15},"end":{"line":9,"column":67}},"5":{"start":{"line":10,"column":39},"end":{"line":10,"column":95}},"6":{"start":{"line":11,"column":13},"end":{"line":11,"column":35}},"7":{"start":{"line":12,"column":0},"end":{"line":12,"column":38}},"8":{"start":{"line":13,"column":0},"end":{"line":13,"column":44}},"9":{"start":{"line":14,"column":15},"end":{"line":14,"column":21}},"10":{"start":{"line":15,"column":0},"end":{"line":15,"column":30}}},"fnMap":{"0":{"name":"_interopRequireDefault","decl":{"start":{"line":10,"column":9},"end":{"line":10,"column":31}},"loc":{"start":{"line":10,"column":37},"end":{"line":10,"column":97}},"line":10}},"branchMap":{"0":{"loc":{"start":{"line":10,"column":46},"end":{"line":10,"column":94}},"type":"cond-expr","locations":[{"start":{"line":10,"column":70},"end":{"line":10,"column":73}},{"start":{"line":10,"column":76},"end":{"line":10,"column":94}}],"line":10},"1":{"loc":{"start":{"line":10,"column":46},"end":{"line":10,"column":67}},"type":"binary-expr","locations":[{"start":{"line":10,"column":46},"end":{"line":10,"column":49}},{"start":{"line":10,"column":53},"end":{"line":10,"column":67}}],"line":10}},"s":{"0":1,"1":1,"2":1,"3":1,"4":1,"5":2,"6":1,"7":1,"8":1,"9":1,"10":1},"f":{"0":2},"b":{"0":[2,0],"1":[2,2]},"inputSourceMap":{"version":3,"names":["_express","require","_auth","_interopRequireDefault","_product","obj","__esModule","router","Router","use","authRouter","productRouter","_default","exports"],"sourceRoot":"E:\\andela\\New Andela\\Andela Team work\\resent_email\\src\\routers\\","sources":["index.js"],"sourcesContent":["import {Router} from\"express\";\r\nimport authRouter from\"./auth.routers\";\r\nimport productRouter from\"./product.routers\";\r\nconst router =Router();\r\n\r\nrouter.use(\"/auth\",authRouter);\r\nrouter.use(\"/product\",productRouter);\r\nexport default router"],"mappings":";;;;;;AAAA,IAAAA,QAAA,GAAAC,OAAA;AACA,IAAAC,KAAA,GAAAC,sBAAA,CAAAF,OAAA;AACA,IAAAG,QAAA,GAAAD,sBAAA,CAAAF,OAAA;AAA6C,SAAAE,uBAAAE,GAAA,WAAAA,GAAA,IAAAA,GAAA,CAAAC,UAAA,GAAAD,GAAA,gBAAAA,GAAA;AAC7C,IAAME,MAAM,GAAE,IAAAC,eAAM,GAAE;AAEtBD,MAAM,CAACE,GAAG,CAAC,OAAO,EAACC,gBAAU,CAAC;AAC9BH,MAAM,CAACE,GAAG,CAAC,UAAU,EAACE,mBAAa,CAAC;AAAC,IAAAC,QAAA,GACtBL,MAAM;AAAAM,OAAA,cAAAD,QAAA"},"_coverageSchema":"1a1c01bbd47fc00a2c39e90264f33305004495a9","hash":"9ddbc4b2a0655f5ab444e3c9373e17081f10b719","contentHash":"812452204017e47a914b9e20237aedce007426beacd95ea5da95ad225f65cb5a"},"E:\\andela\\New Andela\\Andela Team work\\resent_email\\src\\routers\\auth.routers.js":{"path":"E:\\andela\\New Andela\\Andela Team work\\resent_email\\src\\routers\\auth.routers.js","statementMap":{"0":{"start":{"line":3,"column":0},"end":{"line":5,"column":3}},"1":{"start":{"line":6,"column":0},"end":{"line":6,"column":28}},"2":{"start":{"line":7,"column":15},"end":{"line":7,"column":33}},"3":{"start":{"line":8,"column":22},"end":{"line":8,"column":85}},"4":{"start":{"line":9,"column":17},"end":{"line":9,"column":76}},"5":{"start":{"line":10,"column":39},"end":{"line":10,"column":95}},"6":{"start":{"line":49,"column":13},"end":{"line":49,"column":35}},"7":{"start":{"line":50,"column":0},"end":{"line":50,"column":79}},"8":{"start":{"line":51,"column":0},"end":{"line":51,"column":60}},"9":{"start":{"line":52,"column":0},"end":{"line":52,"column":97}},"10":{"start":{"line":53,"column":0},"end":{"line":53,"column":79}},"11":{"start":{"line":54,"column":15},"end":{"line":54,"column":21}},"12":{"start":{"line":55,"column":0},"end":{"line":55,"column":30}}},"fnMap":{"0":{"name":"_interopRequireDefault","decl":{"start":{"line":10,"column":9},"end":{"line":10,"column":31}},"loc":{"start":{"line":10,"column":37},"end":{"line":10,"column":97}},"line":10}},"branchMap":{"0":{"loc":{"start":{"line":10,"column":46},"end":{"line":10,"column":94}},"type":"cond-expr","locations":[{"start":{"line":10,"column":70},"end":{"line":10,"column":73}},{"start":{"line":10,"column":76},"end":{"line":10,"column":94}}],"line":10},"1":{"loc":{"start":{"line":10,"column":46},"end":{"line":10,"column":67}},"type":"binary-expr","locations":[{"start":{"line":10,"column":46},"end":{"line":10,"column":49}},{"start":{"line":10,"column":53},"end":{"line":10,"column":67}}],"line":10}},"s":{"0":1,"1":1,"2":1,"3":1,"4":1,"5":2,"6":1,"7":1,"8":1,"9":1,"10":1,"11":1,"12":1},"f":{"0":2},"b":{"0":[2,0],"1":[2,2]},"inputSourceMap":{"version":3,"names":["_express","require","_authController","_interopRequireDefault","_checkUser","obj","__esModule","router","Router","post","checkUser","authController","Login","signup","put","forgotPassword","resetPassword","_default","exports"],"sourceRoot":"E:\\andela\\New Andela\\Andela Team work\\resent_email\\src\\routers\\","sources":["auth.routers.js"],"sourcesContent":["/**\r\n * @swagger\r\n * tags:\r\n *   name: Forget Password\r\n *   description: Forget password API\r\n * /auth/forgot-password:\r\n *   put:\r\n *     summary: Forget password \r\n *     tags: [User]\r\n *     requestBody:\r\n *       required: true\r\n *       content: \r\n *         application/json:\r\n *           schema:\r\n *             type: object\r\n *             properties:\r\n *               email:\r\n *                 type: string\r\n *             example:\r\n *               email: \"mirindisaidi19@gmail.com\"\r\n *     responses:\r\n *       200:\r\n *         description: Message  sent successfully!.\r\n *         content:\r\n *           application/json:\r\n *             schema:\r\n *               type: object\r\n *               properties: \r\n *                 status:\r\n *                  type: integer\r\n *                 message:\r\n *                  type: string\r\n *                 data:\r\n *                  type: object\r\n *       500:\r\n *         description: Some server error\r\n */\r\n\r\n\r\n\r\n\r\n\r\n\r\nimport { Router } from \"express\";\r\nimport authController from\"../controller/authController\";\r\nimport checkUser from \"../middelwares/checkUser\";\r\n\r\nconst router = Router();\r\n\r\nrouter.post(\"/login\",checkUser,authController.Login);\r\nrouter.post(\"/register\",authController.signup);\r\nrouter.put('/forgot-password',checkUser, authController.forgotPassword);\r\nrouter.put('/reset-password/:token',authController.resetPassword);\r\nexport default router"],"mappings":";;;;;;AA2CA,IAAAA,QAAA,GAAAC,OAAA;AACA,IAAAC,eAAA,GAAAC,sBAAA,CAAAF,OAAA;AACA,IAAAG,UAAA,GAAAD,sBAAA,CAAAF,OAAA;AAAiD,SAAAE,uBAAAE,GAAA,WAAAA,GAAA,IAAAA,GAAA,CAAAC,UAAA,GAAAD,GAAA,gBAAAA,GAAA;AA7CjD;AACA;AACA;AACA;AACA;AACA;AACA;AACA;AACA;AACA;AACA;AACA;AACA;AACA;AACA;AACA;AACA;AACA;AACA;AACA;AACA;AACA;AACA;AACA;AACA;AACA;AACA;AACA;AACA;AACA;AACA;AACA;AACA;AACA;AACA;AACA;AACA;;AAWA,IAAME,MAAM,GAAG,IAAAC,eAAM,GAAE;AAEvBD,MAAM,CAACE,IAAI,CAAC,QAAQ,EAACC,qBAAS,EAACC,0BAAc,CAACC,KAAK,CAAC;AACpDL,MAAM,CAACE,IAAI,CAAC,WAAW,EAACE,0BAAc,CAACE,MAAM,CAAC;AAC9CN,MAAM,CAACO,GAAG,CAAC,kBAAkB,EAACJ,qBAAS,EAAEC,0BAAc,CAACI,cAAc,CAAC;AACvER,MAAM,CAACO,GAAG,CAAC,wBAAwB,EAACH,0BAAc,CAACK,aAAa,CAAC;AAAC,IAAAC,QAAA,GACnDV,MAAM;AAAAW,OAAA,cAAAD,QAAA"},"_coverageSchema":"1a1c01bbd47fc00a2c39e90264f33305004495a9","hash":"349a2b24f5e5552df09b890cd759c19bc675ef59","contentHash":"0326d4d33a54ab1b7980791f67532dbd283c4517f8dafb4952589a9277e018b2"},"E:\\andela\\New Andela\\Andela Team work\\resent_email\\src\\controller\\authController.js":{"path":"E:\\andela\\New Andela\\Andela Team work\\resent_email\\src\\controller\\authController.js","statementMap":{"0":{"start":{"line":3,"column":0},"end":{"line":5,"column":3}},"1":{"start":{"line":6,"column":0},"end":{"line":6,"column":28}},"2":{"start":{"line":7,"column":14},"end":{"line":7,"column":61}},"3":{"start":{"line":8,"column":14},"end":{"line":8,"column":55}},"4":{"start":{"line":9,"column":12},"end":{"line":9,"column":27}},"5":{"start":{"line":10,"column":19},"end":{"line":10,"column":51}},"6":{"start":{"line":11,"column":18},"end":{"line":11,"column":63}},"7":{"start":{"line":12,"column":12},"end":{"line":12,"column":61}},"8":{"start":{"line":13,"column":20},"end":{"line":13,"column":67}},"9":{"start":{"line":14,"column":39},"end":{"line":14,"column":95}},"10":{"start":{"line":15,"column":51},"end":{"line":15,"column":334}},"11":{"start":{"line":15,"column":153},"end":{"line":15,"column":171}},"12":{"start":{"line":15,"column":193},"end":{"line":15,"column":317}},"13":{"start":{"line":16,"column":196},"end":{"line":16,"column":269}},"14":{"start":{"line":16,"column":251},"end":{"line":16,"column":266}},"15":{"start":{"line":16,"column":284},"end":{"line":16,"column":286}},"16":{"start":{"line":16,"column":293},"end":{"line":16,"column":309}},"17":{"start":{"line":16,"column":320},"end":{"line":16,"column":337}},"18":{"start":{"line":16,"column":356},"end":{"line":16,"column":433}},"19":{"start":{"line":16,"column":409},"end":{"line":16,"column":431}},"20":{"start":{"line":16,"column":445},"end":{"line":16,"column":486}},"21":{"start":{"line":16,"column":505},"end":{"line":16,"column":537}},"22":{"start":{"line":16,"column":561},"end":{"line":16,"column":603}},"23":{"start":{"line":16,"column":625},"end":{"line":16,"column":663}},"24":{"start":{"line":16,"column":700},"end":{"line":16,"column":815}},"25":{"start":{"line":16,"column":818},"end":{"line":16,"column":929}},"26":{"start":{"line":16,"column":824},"end":{"line":16,"column":839}},"27":{"start":{"line":16,"column":856},"end":{"line":16,"column":927}},"28":{"start":{"line":16,"column":900},"end":{"line":16,"column":924}},"29":{"start":{"line":16,"column":1004},"end":{"line":16,"column":1075}},"30":{"start":{"line":16,"column":1089},"end":{"line":16,"column":1128}},"31":{"start":{"line":16,"column":1140},"end":{"line":16,"column":1170}},"32":{"start":{"line":16,"column":1172},"end":{"line":16,"column":1280}},"33":{"start":{"line":16,"column":1317},"end":{"line":16,"column":1427}},"34":{"start":{"line":16,"column":1323},"end":{"line":16,"column":1373}},"35":{"start":{"line":16,"column":1390},"end":{"line":16,"column":1425}},"36":{"start":{"line":16,"column":1430},"end":{"line":16,"column":1450}},"37":{"start":{"line":16,"column":1474},"end":{"line":16,"column":1476}},"38":{"start":{"line":16,"column":1599},"end":{"line":16,"column":1601}},"39":{"start":{"line":16,"column":1603},"end":{"line":16,"column":1675}},"40":{"start":{"line":16,"column":1659},"end":{"line":16,"column":1671}},"41":{"start":{"line":16,"column":1691},"end":{"line":16,"column":1712}},"42":{"start":{"line":16,"column":1740},"end":{"line":16,"column":1782}},"43":{"start":{"line":16,"column":1784},"end":{"line":16,"column":1947}},"44":{"start":{"line":16,"column":1957},"end":{"line":16,"column":2050}},"45":{"start":{"line":16,"column":2096},"end":{"line":16,"column":2236}},"46":{"start":{"line":16,"column":2152},"end":{"line":16,"column":2232}},"47":{"start":{"line":16,"column":2195},"end":{"line":16,"column":2228}},"48":{"start":{"line":16,"column":2349},"end":{"line":16,"column":2392}},"49":{"start":{"line":16,"column":2394},"end":{"line":16,"column":2886}},"50":{"start":{"line":16,"column":2438},"end":{"line":16,"column":2448}},"51":{"start":{"line":16,"column":2458},"end":{"line":16,"column":2470}},"52":{"start":{"line":16,"column":2472},"end":{"line":16,"column":2884}},"53":{"start":{"line":16,"column":2609},"end":{"line":16,"column":2648}},"54":{"start":{"line":16,"column":2669},"end":{"line":16,"column":2707}},"55":{"start":{"line":16,"column":2768},"end":{"line":16,"column":2810}},"56":{"start":{"line":16,"column":2833},"end":{"line":16,"column":2880}},"57":{"start":{"line":16,"column":2887},"end":{"line":16,"column":2906}},"58":{"start":{"line":16,"column":2930},"end":{"line":16,"column":3294}},"59":{"start":{"line":16,"column":3041},"end":{"line":16,"column":3134}},"60":{"start":{"line":16,"column":3093},"end":{"line":16,"column":3130}},"61":{"start":{"line":16,"column":3137},"end":{"line":16,"column":3288}},"62":{"start":{"line":16,"column":3361},"end":{"line":16,"column":3377}},"63":{"start":{"line":16,"column":3379},"end":{"line":16,"column":4499}},"64":{"start":{"line":16,"column":3411},"end":{"line":16,"column":3486}},"65":{"start":{"line":16,"column":3438},"end":{"line":16,"column":3486}},"66":{"start":{"line":16,"column":3487},"end":{"line":16,"column":3573}},"67":{"start":{"line":16,"column":3516},"end":{"line":16,"column":3550}},"68":{"start":{"line":16,"column":3540},"end":{"line":16,"column":3550}},"69":{"start":{"line":16,"column":3551},"end":{"line":16,"column":3571}},"70":{"start":{"line":16,"column":3574},"end":{"line":16,"column":4496}},"71":{"start":{"line":16,"column":3642},"end":{"line":16,"column":3658}},"72":{"start":{"line":16,"column":3660},"end":{"line":16,"column":3836}},"73":{"start":{"line":16,"column":3697},"end":{"line":16,"column":3735}},"74":{"start":{"line":16,"column":3737},"end":{"line":16,"column":3834}},"75":{"start":{"line":16,"column":3759},"end":{"line":16,"column":3809}},"76":{"start":{"line":16,"column":3800},"end":{"line":16,"column":3809}},"77":{"start":{"line":16,"column":3810},"end":{"line":16,"column":3832}},"78":{"start":{"line":16,"column":3837},"end":{"line":16,"column":4138}},"79":{"start":{"line":16,"column":3868},"end":{"line":16,"column":3911}},"80":{"start":{"line":16,"column":3916},"end":{"line":16,"column":4138}},"81":{"start":{"line":16,"column":3950},"end":{"line":16,"column":4021}},"82":{"start":{"line":16,"column":3982},"end":{"line":16,"column":4021}},"83":{"start":{"line":16,"column":4022},"end":{"line":16,"column":4061}},"84":{"start":{"line":16,"column":4069},"end":{"line":16,"column":4138}},"85":{"start":{"line":16,"column":4139},"end":{"line":16,"column":4159}},"86":{"start":{"line":16,"column":4173},"end":{"line":16,"column":4205}},"87":{"start":{"line":16,"column":4207},"end":{"line":16,"column":4392}},"88":{"start":{"line":16,"column":4239},"end":{"line":16,"column":4340}},"89":{"start":{"line":16,"column":4331},"end":{"line":16,"column":4340}},"90":{"start":{"line":16,"column":4341},"end":{"line":16,"column":4390}},"91":{"start":{"line":16,"column":4393},"end":{"line":16,"column":4494}},"92":{"start":{"line":16,"column":4569},"end":{"line":16,"column":4583}},"93":{"start":{"line":16,"column":4594},"end":{"line":16,"column":4623}},"94":{"start":{"line":16,"column":4625},"end":{"line":16,"column":5028}},"95":{"start":{"line":16,"column":4651},"end":{"line":16,"column":5028}},"96":{"start":{"line":16,"column":5042},"end":{"line":16,"column":5090}},"97":{"start":{"line":16,"column":5092},"end":{"line":16,"column":5222}},"98":{"start":{"line":16,"column":5121},"end":{"line":16,"column":5222}},"99":{"start":{"line":16,"column":5234},"end":{"line":16,"column":5244}},"100":{"start":{"line":16,"column":5246},"end":{"line":16,"column":5619}},"101":{"start":{"line":16,"column":5664},"end":{"line":16,"column":5683}},"102":{"start":{"line":16,"column":5685},"end":{"line":16,"column":5823}},"103":{"start":{"line":16,"column":5871},"end":{"line":16,"column":5893}},"104":{"start":{"line":16,"column":5895},"end":{"line":16,"column":5964}},"105":{"start":{"line":16,"column":5999},"end":{"line":16,"column":6095}},"106":{"start":{"line":16,"column":6126},"end":{"line":16,"column":6572}},"107":{"start":{"line":16,"column":6163},"end":{"line":16,"column":6187}},"108":{"start":{"line":16,"column":6189},"end":{"line":16,"column":6246}},"109":{"start":{"line":16,"column":6209},"end":{"line":16,"column":6246}},"110":{"start":{"line":16,"column":6247},"end":{"line":16,"column":6303}},"111":{"start":{"line":16,"column":6287},"end":{"line":16,"column":6303}},"112":{"start":{"line":16,"column":6304},"end":{"line":16,"column":6570}},"113":{"start":{"line":16,"column":6343},"end":{"line":16,"column":6345}},"114":{"start":{"line":16,"column":6354},"end":{"line":16,"column":6542}},"115":{"start":{"line":16,"column":6372},"end":{"line":16,"column":6487}},"116":{"start":{"line":16,"column":6403},"end":{"line":16,"column":6487}},"117":{"start":{"line":16,"column":6433},"end":{"line":16,"column":6487}},"118":{"start":{"line":16,"column":6488},"end":{"line":16,"column":6540}},"119":{"start":{"line":16,"column":6544},"end":{"line":16,"column":6568}},"120":{"start":{"line":16,"column":6573},"end":{"line":16,"column":6601}},"121":{"start":{"line":16,"column":6628},"end":{"line":16,"column":6666}},"122":{"start":{"line":16,"column":6669},"end":{"line":16,"column":12094}},"123":{"start":{"line":16,"column":7102},"end":{"line":16,"column":7151}},"124":{"start":{"line":16,"column":7153},"end":{"line":16,"column":7258}},"125":{"start":{"line":16,"column":7297},"end":{"line":16,"column":7538}},"126":{"start":{"line":16,"column":7575},"end":{"line":16,"column":7599}},"127":{"start":{"line":16,"column":7718},"end":{"line":16,"column":7730}},"128":{"start":{"line":16,"column":7852},"end":{"line":16,"column":7902}},"129":{"start":{"line":16,"column":7914},"end":{"line":16,"column":7987}},"130":{"start":{"line":16,"column":7989},"end":{"line":16,"column":8131}},"131":{"start":{"line":16,"column":8079},"end":{"line":16,"column":8127}},"132":{"start":{"line":16,"column":8247},"end":{"line":16,"column":8259}},"133":{"start":{"line":16,"column":8301},"end":{"line":16,"column":8329}},"134":{"start":{"line":16,"column":8379},"end":{"line":16,"column":8390}},"135":{"start":{"line":16,"column":8399},"end":{"line":16,"column":8401}},"136":{"start":{"line":16,"column":8403},"end":{"line":16,"column":8442}},"137":{"start":{"line":16,"column":8427},"end":{"line":16,"column":8442}},"138":{"start":{"line":16,"column":8443},"end":{"line":16,"column":8628}},"139":{"start":{"line":16,"column":8484},"end":{"line":16,"column":8596}},"140":{"start":{"line":16,"column":8517},"end":{"line":16,"column":8527}},"141":{"start":{"line":16,"column":8529},"end":{"line":16,"column":8594}},"142":{"start":{"line":16,"column":8548},"end":{"line":16,"column":8594}},"143":{"start":{"line":16,"column":8597},"end":{"line":16,"column":8625}},"144":{"start":{"line":16,"column":8740},"end":{"line":16,"column":9075}},"145":{"start":{"line":16,"column":8948},"end":{"line":16,"column":9075}},"146":{"start":{"line":16,"column":8971},"end":{"line":16,"column":9075}},"147":{"start":{"line":16,"column":9103},"end":{"line":16,"column":9118}},"148":{"start":{"line":16,"column":9136},"end":{"line":16,"column":9165}},"149":{"start":{"line":16,"column":9167},"end":{"line":16,"column":9221}},"150":{"start":{"line":16,"column":9200},"end":{"line":16,"column":9221}},"151":{"start":{"line":16,"column":9222},"end":{"line":16,"column":9239}},"152":{"start":{"line":16,"column":9302},"end":{"line":16,"column":9333}},"153":{"start":{"line":16,"column":9317},"end":{"line":16,"column":9333}},"154":{"start":{"line":16,"column":9348},"end":{"line":16,"column":9352}},"155":{"start":{"line":16,"column":9385},"end":{"line":16,"column":9530}},"156":{"start":{"line":16,"column":9533},"end":{"line":16,"column":10237}},"157":{"start":{"line":16,"column":9546},"end":{"line":16,"column":9572}},"158":{"start":{"line":16,"column":9601},"end":{"line":16,"column":9619}},"159":{"start":{"line":16,"column":9630},"end":{"line":16,"column":9646}},"160":{"start":{"line":16,"column":9648},"end":{"line":16,"column":9698}},"161":{"start":{"line":16,"column":9677},"end":{"line":16,"column":9698}},"162":{"start":{"line":16,"column":9699},"end":{"line":16,"column":10235}},"163":{"start":{"line":16,"column":9747},"end":{"line":16,"column":9777}},"164":{"start":{"line":16,"column":9792},"end":{"line":16,"column":9824}},"165":{"start":{"line":16,"column":9826},"end":{"line":16,"column":10233}},"166":{"start":{"line":16,"column":9856},"end":{"line":16,"column":9922}},"167":{"start":{"line":16,"column":9888},"end":{"line":16,"column":9922}},"168":{"start":{"line":16,"column":9923},"end":{"line":16,"column":9989}},"169":{"start":{"line":16,"column":9957},"end":{"line":16,"column":9989}},"170":{"start":{"line":16,"column":9997},"end":{"line":16,"column":10233}},"171":{"start":{"line":16,"column":10013},"end":{"line":16,"column":10079}},"172":{"start":{"line":16,"column":10045},"end":{"line":16,"column":10079}},"173":{"start":{"line":16,"column":10089},"end":{"line":16,"column":10164}},"174":{"start":{"line":16,"column":10106},"end":{"line":16,"column":10164}},"175":{"start":{"line":16,"column":10165},"end":{"line":16,"column":10231}},"176":{"start":{"line":16,"column":10199},"end":{"line":16,"column":10231}},"177":{"start":{"line":16,"column":10278},"end":{"line":16,"column":10503}},"178":{"start":{"line":16,"column":10291},"end":{"line":16,"column":10317}},"179":{"start":{"line":16,"column":10346},"end":{"line":16,"column":10364}},"180":{"start":{"line":16,"column":10366},"end":{"line":16,"column":10501}},"181":{"start":{"line":16,"column":10486},"end":{"line":16,"column":10491}},"182":{"start":{"line":16,"column":10493},"end":{"line":16,"column":10499}},"183":{"start":{"line":16,"column":10504},"end":{"line":16,"column":10651}},"184":{"start":{"line":16,"column":10665},"end":{"line":16,"column":10708}},"185":{"start":{"line":16,"column":10710},"end":{"line":16,"column":10872}},"186":{"start":{"line":16,"column":10924},"end":{"line":16,"column":10970}},"187":{"start":{"line":16,"column":10953},"end":{"line":16,"column":10970}},"188":{"start":{"line":16,"column":10971},"end":{"line":16,"column":11248}},"189":{"start":{"line":16,"column":11290},"end":{"line":16,"column":11512}},"190":{"start":{"line":16,"column":11303},"end":{"line":16,"column":11329}},"191":{"start":{"line":16,"column":11358},"end":{"line":16,"column":11376}},"192":{"start":{"line":16,"column":11378},"end":{"line":16,"column":11510}},"193":{"start":{"line":16,"column":11415},"end":{"line":16,"column":11510}},"194":{"start":{"line":16,"column":11551},"end":{"line":16,"column":11799}},"195":{"start":{"line":16,"column":11564},"end":{"line":16,"column":11590}},"196":{"start":{"line":16,"column":11619},"end":{"line":16,"column":11637}},"197":{"start":{"line":16,"column":11639},"end":{"line":16,"column":11797}},"198":{"start":{"line":16,"column":11683},"end":{"line":16,"column":11699}},"199":{"start":{"line":16,"column":11701},"end":{"line":16,"column":11780}},"200":{"start":{"line":16,"column":11745},"end":{"line":16,"column":11755}},"201":{"start":{"line":16,"column":11757},"end":{"line":16,"column":11778}},"202":{"start":{"line":16,"column":11781},"end":{"line":16,"column":11795}},"203":{"start":{"line":16,"column":11800},"end":{"line":16,"column":11841}},"204":{"start":{"line":16,"column":11916},"end":{"line":16,"column":12080}},"205":{"start":{"line":17,"column":77},"end":{"line":17,"column":175}},"206":{"start":{"line":17,"column":94},"end":{"line":17,"column":107}},"207":{"start":{"line":17,"column":121},"end":{"line":17,"column":131}},"208":{"start":{"line":17,"column":151},"end":{"line":17,"column":165}},"209":{"start":{"line":17,"column":166},"end":{"line":17,"column":173}},"210":{"start":{"line":17,"column":176},"end":{"line":17,"column":263}},"211":{"start":{"line":17,"column":193},"end":{"line":17,"column":208}},"212":{"start":{"line":17,"column":218},"end":{"line":17,"column":261}},"213":{"start":{"line":18,"column":33},"end":{"line":18,"column":387}},"214":{"start":{"line":18,"column":65},"end":{"line":18,"column":69}},"215":{"start":{"line":18,"column":78},"end":{"line":18,"column":87}},"216":{"start":{"line":18,"column":89},"end":{"line":18,"column":384}},"217":{"start":{"line":18,"column":147},"end":{"line":18,"column":167}},"218":{"start":{"line":18,"column":193},"end":{"line":18,"column":264}},"219":{"start":{"line":18,"column":290},"end":{"line":18,"column":360}},"220":{"start":{"line":18,"column":363},"end":{"line":18,"column":380}},"221":{"start":{"line":19,"column":50},"end":{"line":19,"column":151}},"222":{"start":{"line":19,"column":92},"end":{"line":19,"column":149}},"223":{"start":{"line":20,"column":44},"end":{"line":20,"column":331}},"224":{"start":{"line":20,"column":57},"end":{"line":20,"column":58}},"225":{"start":{"line":20,"column":102},"end":{"line":20,"column":110}},"226":{"start":{"line":20,"column":112},"end":{"line":20,"column":167}},"227":{"start":{"line":20,"column":168},"end":{"line":20,"column":199}},"228":{"start":{"line":20,"column":200},"end":{"line":20,"column":254}},"229":{"start":{"line":20,"column":227},"end":{"line":20,"column":254}},"230":{"start":{"line":20,"column":255},"end":{"line":20,"column":329}},"231":{"start":{"line":21,"column":62},"end":{"line":21,"column":131}},"232":{"start":{"line":21,"column":78},"end":{"line":21,"column":131}},"233":{"start":{"line":21,"column":132},"end":{"line":21,"column":193}},"234":{"start":{"line":21,"column":149},"end":{"line":21,"column":193}},"235":{"start":{"line":21,"column":194},"end":{"line":21,"column":263}},"236":{"start":{"line":21,"column":264},"end":{"line":21,"column":283}},"237":{"start":{"line":22,"column":41},"end":{"line":22,"column":68}},"238":{"start":{"line":22,"column":70},"end":{"line":22,"column":123}},"239":{"start":{"line":23,"column":37},"end":{"line":23,"column":101}},"240":{"start":{"line":23,"column":88},"end":{"line":23,"column":101}},"241":{"start":{"line":23,"column":113},"end":{"line":23,"column":138}},"242":{"start":{"line":23,"column":140},"end":{"line":23,"column":326}},"243":{"start":{"line":23,"column":176},"end":{"line":23,"column":211}},"244":{"start":{"line":23,"column":213},"end":{"line":23,"column":255}},"245":{"start":{"line":23,"column":244},"end":{"line":23,"column":255}},"246":{"start":{"line":23,"column":256},"end":{"line":23,"column":324}},"247":{"start":{"line":23,"column":327},"end":{"line":23,"column":379}},"248":{"start":{"line":24,"column":12},"end":{"line":24,"column":36}},"249":{"start":{"line":25,"column":0},"end":{"line":25,"column":57}},"250":{"start":{"line":26,"column":34},"end":{"line":374,"column":3}},"251":{"start":{"line":28,"column":4},"end":{"line":28,"column":42}},"252":{"start":{"line":30,"column":2},"end":{"line":372,"column":6}},"253":{"start":{"line":33,"column":20},"end":{"line":92,"column":9}},"254":{"start":{"line":35,"column":8},"end":{"line":91,"column":37}},"255":{"start":{"line":36,"column":10},"end":{"line":90,"column":11}},"256":{"start":{"line":36,"column":20},"end":{"line":90,"column":11}},"257":{"start":{"line":38,"column":14},"end":{"line":38,"column":32}},"258":{"start":{"line":39,"column":14},"end":{"line":39,"column":122}},"259":{"start":{"line":40,"column":14},"end":{"line":40,"column":39}},"260":{"start":{"line":41,"column":14},"end":{"line":41,"column":32}},"261":{"start":{"line":42,"column":14},"end":{"line":42,"column":63}},"262":{"start":{"line":44,"column":14},"end":{"line":44,"column":35}},"263":{"start":{"line":45,"column":14},"end":{"line":45,"column":32}},"264":{"start":{"line":46,"column":14},"end":{"line":50,"column":17}},"265":{"start":{"line":52,"column":14},"end":{"line":52,"column":40}},"266":{"start":{"line":53,"column":14},"end":{"line":56,"column":15}},"267":{"start":{"line":54,"column":16},"end":{"line":54,"column":35}},"268":{"start":{"line":55,"column":16},"end":{"line":55,"column":22}},"269":{"start":{"line":57,"column":14},"end":{"line":60,"column":18}},"270":{"start":{"line":62,"column":14},"end":{"line":62,"column":33}},"271":{"start":{"line":63,"column":14},"end":{"line":69,"column":17}},"272":{"start":{"line":71,"column":14},"end":{"line":71,"column":41}},"273":{"start":{"line":72,"column":14},"end":{"line":76,"column":17}},"274":{"start":{"line":78,"column":14},"end":{"line":78,"column":33}},"275":{"start":{"line":79,"column":14},"end":{"line":79,"column":20}},"276":{"start":{"line":81,"column":14},"end":{"line":81,"column":33}},"277":{"start":{"line":82,"column":14},"end":{"line":82,"column":49}},"278":{"start":{"line":83,"column":14},"end":{"line":86,"column":17}},"279":{"start":{"line":89,"column":14},"end":{"line":89,"column":37}},"280":{"start":{"line":94,"column":8},"end":{"line":94,"column":46}},"281":{"start":{"line":96,"column":6},"end":{"line":96,"column":20}},"282":{"start":{"line":101,"column":19},"end":{"line":196,"column":9}},"283":{"start":{"line":103,"column":8},"end":{"line":195,"column":38}},"284":{"start":{"line":104,"column":10},"end":{"line":194,"column":11}},"285":{"start":{"line":104,"column":20},"end":{"line":194,"column":11}},"286":{"start":{"line":106,"column":14},"end":{"line":106,"column":33}},"287":{"start":{"line":107,"column":14},"end":{"line":107,"column":94}},"288":{"start":{"line":108,"column":14},"end":{"line":108,"column":33}},"289":{"start":{"line":109,"column":14},"end":{"line":113,"column":17}},"290":{"start":{"line":115,"column":14},"end":{"line":115,"column":40}},"291":{"start":{"line":116,"column":14},"end":{"line":119,"column":15}},"292":{"start":{"line":117,"column":16},"end":{"line":117,"column":35}},"293":{"start":{"line":118,"column":16},"end":{"line":118,"column":22}},"294":{"start":{"line":120,"column":14},"end":{"line":123,"column":17}},"295":{"start":{"line":124,"column":14},"end":{"line":124,"column":34}},"296":{"start":{"line":125,"column":14},"end":{"line":125,"column":20}},"297":{"start":{"line":127,"column":14},"end":{"line":127,"column":39}},"298":{"start":{"line":128,"column":14},"end":{"line":128,"column":45}},"299":{"start":{"line":129,"column":14},"end":{"line":129,"column":37}},"300":{"start":{"line":130,"column":14},"end":{"line":130,"column":57}},"301":{"start":{"line":131,"column":14},"end":{"line":131,"column":34}},"302":{"start":{"line":132,"column":14},"end":{"line":132,"column":70}},"303":{"start":{"line":134,"column":14},"end":{"line":134,"column":49}},"304":{"start":{"line":135,"column":14},"end":{"line":135,"column":54}},"305":{"start":{"line":136,"column":14},"end":{"line":139,"column":15}},"306":{"start":{"line":137,"column":16},"end":{"line":137,"column":36}},"307":{"start":{"line":138,"column":16},"end":{"line":138,"column":22}},"308":{"start":{"line":140,"column":14},"end":{"line":143,"column":15}},"309":{"start":{"line":141,"column":16},"end":{"line":141,"column":36}},"310":{"start":{"line":142,"column":16},"end":{"line":142,"column":22}},"311":{"start":{"line":144,"column":14},"end":{"line":144,"column":34}},"312":{"start":{"line":145,"column":14},"end":{"line":149,"column":17}},"313":{"start":{"line":151,"column":14},"end":{"line":151,"column":37}},"314":{"start":{"line":152,"column":14},"end":{"line":152,"column":34}},"315":{"start":{"line":153,"column":14},"end":{"line":153,"column":53}},"316":{"start":{"line":155,"column":14},"end":{"line":155,"column":43}},"317":{"start":{"line":156,"column":14},"end":{"line":156,"column":40}},"318":{"start":{"line":157,"column":14},"end":{"line":157,"column":49}},"319":{"start":{"line":158,"column":14},"end":{"line":158,"column":48}},"320":{"start":{"line":159,"column":14},"end":{"line":167,"column":18}},"321":{"start":{"line":169,"column":14},"end":{"line":172,"column":17}},"322":{"start":{"line":174,"column":14},"end":{"line":174,"column":34}},"323":{"start":{"line":175,"column":14},"end":{"line":175,"column":20}},"324":{"start":{"line":177,"column":14},"end":{"line":180,"column":17}},"325":{"start":{"line":182,"column":14},"end":{"line":182,"column":34}},"326":{"start":{"line":183,"column":14},"end":{"line":183,"column":20}},"327":{"start":{"line":185,"column":14},"end":{"line":185,"column":34}},"328":{"start":{"line":186,"column":14},"end":{"line":186,"column":51}},"329":{"start":{"line":187,"column":14},"end":{"line":190,"column":17}},"330":{"start":{"line":193,"column":14},"end":{"line":193,"column":38}},"331":{"start":{"line":198,"column":8},"end":{"line":198,"column":45}},"332":{"start":{"line":200,"column":6},"end":{"line":200,"column":19}},"333":{"start":{"line":205,"column":28},"end":{"line":290,"column":9}},"334":{"start":{"line":207,"column":8},"end":{"line":289,"column":38}},"335":{"start":{"line":208,"column":10},"end":{"line":288,"column":11}},"336":{"start":{"line":208,"column":20},"end":{"line":288,"column":11}},"337":{"start":{"line":210,"column":14},"end":{"line":210,"column":37}},"338":{"start":{"line":211,"column":14},"end":{"line":211,"column":33}},"339":{"start":{"line":212,"column":14},"end":{"line":215,"column":15}},"340":{"start":{"line":213,"column":16},"end":{"line":213,"column":35}},"341":{"start":{"line":214,"column":16},"end":{"line":214,"column":22}},"342":{"start":{"line":216,"column":14},"end":{"line":219,"column":18}},"343":{"start":{"line":221,"column":14},"end":{"line":221,"column":33}},"344":{"start":{"line":222,"column":14},"end":{"line":224,"column":17}},"345":{"start":{"line":226,"column":14},"end":{"line":226,"column":36}},"346":{"start":{"line":227,"column":14},"end":{"line":232,"column":17}},"347":{"start":{"line":233,"column":14},"end":{"line":233,"column":34}},"348":{"start":{"line":234,"column":14},"end":{"line":240,"column":17}},"349":{"start":{"line":242,"column":14},"end":{"line":251,"column":17}},"350":{"start":{"line":252,"column":14},"end":{"line":252,"column":34}},"351":{"start":{"line":253,"column":14},"end":{"line":259,"column":17}},"352":{"start":{"line":261,"column":14},"end":{"line":261,"column":36}},"353":{"start":{"line":262,"column":14},"end":{"line":272,"column":15}},"354":{"start":{"line":263,"column":16},"end":{"line":269,"column":19}},"355":{"start":{"line":264,"column":18},"end":{"line":268,"column":19}},"356":{"start":{"line":265,"column":20},"end":{"line":265,"column":39}},"357":{"start":{"line":267,"column":20},"end":{"line":267,"column":57}},"358":{"start":{"line":271,"column":16},"end":{"line":271,"column":53}},"359":{"start":{"line":273,"column":14},"end":{"line":277,"column":18}},"360":{"start":{"line":279,"column":14},"end":{"line":279,"column":34}},"361":{"start":{"line":280,"column":14},"end":{"line":280,"column":51}},"362":{"start":{"line":281,"column":14},"end":{"line":284,"column":18}},"363":{"start":{"line":287,"column":14},"end":{"line":287,"column":38}},"364":{"start":{"line":292,"column":8},"end":{"line":292,"column":54}},"365":{"start":{"line":294,"column":6},"end":{"line":294,"column":28}},"366":{"start":{"line":299,"column":27},"end":{"line":366,"column":9}},"367":{"start":{"line":301,"column":8},"end":{"line":365,"column":38}},"368":{"start":{"line":302,"column":10},"end":{"line":364,"column":11}},"369":{"start":{"line":302,"column":20},"end":{"line":364,"column":11}},"370":{"start":{"line":304,"column":14},"end":{"line":304,"column":39}},"371":{"start":{"line":305,"column":14},"end":{"line":305,"column":43}},"372":{"start":{"line":306,"column":14},"end":{"line":306,"column":95}},"373":{"start":{"line":307,"column":14},"end":{"line":307,"column":33}},"374":{"start":{"line":308,"column":14},"end":{"line":308,"column":37}},"375":{"start":{"line":309,"column":14},"end":{"line":309,"column":42}},"376":{"start":{"line":310,"column":14},"end":{"line":310,"column":33}},"377":{"start":{"line":311,"column":14},"end":{"line":311,"column":33}},"378":{"start":{"line":312,"column":14},"end":{"line":316,"column":17}},"379":{"start":{"line":318,"column":14},"end":{"line":318,"column":40}},"380":{"start":{"line":319,"column":14},"end":{"line":324,"column":15}},"381":{"start":{"line":320,"column":16},"end":{"line":323,"column":19}},"382":{"start":{"line":325,"column":14},"end":{"line":325,"column":30}},"383":{"start":{"line":326,"column":14},"end":{"line":326,"column":34}},"384":{"start":{"line":327,"column":14},"end":{"line":327,"column":64}},"385":{"start":{"line":329,"column":14},"end":{"line":329,"column":36}},"386":{"start":{"line":330,"column":14},"end":{"line":330,"column":34}},"387":{"start":{"line":331,"column":14},"end":{"line":331,"column":65}},"388":{"start":{"line":333,"column":14},"end":{"line":333,"column":46}},"389":{"start":{"line":334,"column":14},"end":{"line":334,"column":34}},"390":{"start":{"line":335,"column":14},"end":{"line":343,"column":17}},"391":{"start":{"line":345,"column":14},"end":{"line":345,"column":47}},"392":{"start":{"line":346,"column":14},"end":{"line":349,"column":17}},"393":{"start":{"line":350,"column":14},"end":{"line":353,"column":18}},"394":{"start":{"line":355,"column":14},"end":{"line":355,"column":34}},"395":{"start":{"line":356,"column":14},"end":{"line":356,"column":51}},"396":{"start":{"line":357,"column":14},"end":{"line":360,"column":18}},"397":{"start":{"line":363,"column":14},"end":{"line":363,"column":38}},"398":{"start":{"line":368,"column":8},"end":{"line":368,"column":53}},"399":{"start":{"line":370,"column":6},"end":{"line":370,"column":27}},"400":{"start":{"line":373,"column":2},"end":{"line":373,"column":24}},"401":{"start":{"line":375,"column":15},"end":{"line":375,"column":29}},"402":{"start":{"line":376,"column":0},"end":{"line":376,"column":30}}},"fnMap":{"0":{"name":"_interopRequireDefault","decl":{"start":{"line":14,"column":9},"end":{"line":14,"column":31}},"loc":{"start":{"line":14,"column":37},"end":{"line":14,"column":97}},"line":14},"1":{"name":"_typeof","decl":{"start":{"line":15,"column":9},"end":{"line":15,"column":16}},"loc":{"start":{"line":15,"column":22},"end":{"line":15,"column":336}},"line":15},"2":{"name":"(anonymous_2)","decl":{"start":{"line":15,"column":136},"end":{"line":15,"column":137}},"loc":{"start":{"line":15,"column":151},"end":{"line":15,"column":173}},"line":15},"3":{"name":"(anonymous_3)","decl":{"start":{"line":15,"column":176},"end":{"line":15,"column":177}},"loc":{"start":{"line":15,"column":191},"end":{"line":15,"column":319}},"line":15},"4":{"name":"_regeneratorRuntime","decl":{"start":{"line":16,"column":9},"end":{"line":16,"column":28}},"loc":{"start":{"line":16,"column":31},"end":{"line":16,"column":12096}},"line":16},"5":{"name":"_regeneratorRuntime","decl":{"start":{"line":16,"column":227},"end":{"line":16,"column":246}},"loc":{"start":{"line":16,"column":249},"end":{"line":16,"column":268}},"line":16},"6":{"name":"(anonymous_6)","decl":{"start":{"line":16,"column":381},"end":{"line":16,"column":382}},"loc":{"start":{"line":16,"column":407},"end":{"line":16,"column":433}},"line":16},"7":{"name":"define","decl":{"start":{"line":16,"column":674},"end":{"line":16,"column":680}},"loc":{"start":{"line":16,"column":698},"end":{"line":16,"column":817}},"line":16},"8":{"name":"define","decl":{"start":{"line":16,"column":874},"end":{"line":16,"column":880}},"loc":{"start":{"line":16,"column":898},"end":{"line":16,"column":926}},"line":16},"9":{"name":"wrap","decl":{"start":{"line":16,"column":939},"end":{"line":16,"column":943}},"loc":{"start":{"line":16,"column":981},"end":{"line":16,"column":1282}},"line":16},"10":{"name":"tryCatch","decl":{"start":{"line":16,"column":1292},"end":{"line":16,"column":1300}},"loc":{"start":{"line":16,"column":1315},"end":{"line":16,"column":1429}},"line":16},"11":{"name":"Generator","decl":{"start":{"line":16,"column":1487},"end":{"line":16,"column":1496}},"loc":{"start":{"line":16,"column":1499},"end":{"line":16,"column":1501}},"line":16},"12":{"name":"GeneratorFunction","decl":{"start":{"line":16,"column":1511},"end":{"line":16,"column":1528}},"loc":{"start":{"line":16,"column":1531},"end":{"line":16,"column":1533}},"line":16},"13":{"name":"GeneratorFunctionPrototype","decl":{"start":{"line":16,"column":1543},"end":{"line":16,"column":1569}},"loc":{"start":{"line":16,"column":1572},"end":{"line":16,"column":1574}},"line":16},"14":{"name":"(anonymous_14)","decl":{"start":{"line":16,"column":1645},"end":{"line":16,"column":1646}},"loc":{"start":{"line":16,"column":1657},"end":{"line":16,"column":1673}},"line":16},"15":{"name":"defineIteratorMethods","decl":{"start":{"line":16,"column":2061},"end":{"line":16,"column":2082}},"loc":{"start":{"line":16,"column":2094},"end":{"line":16,"column":2238}},"line":16},"16":{"name":"(anonymous_16)","decl":{"start":{"line":16,"column":2132},"end":{"line":16,"column":2133}},"loc":{"start":{"line":16,"column":2150},"end":{"line":16,"column":2234}},"line":16},"17":{"name":"(anonymous_17)","decl":{"start":{"line":16,"column":2178},"end":{"line":16,"column":2179}},"loc":{"start":{"line":16,"column":2193},"end":{"line":16,"column":2230}},"line":16},"18":{"name":"AsyncIterator","decl":{"start":{"line":16,"column":2248},"end":{"line":16,"column":2261}},"loc":{"start":{"line":16,"column":2286},"end":{"line":16,"column":3296}},"line":16},"19":{"name":"invoke","decl":{"start":{"line":16,"column":2297},"end":{"line":16,"column":2303}},"loc":{"start":{"line":16,"column":2334},"end":{"line":16,"column":2908}},"line":16},"20":{"name":"(anonymous_20)","decl":{"start":{"line":16,"column":2590},"end":{"line":16,"column":2591}},"loc":{"start":{"line":16,"column":2607},"end":{"line":16,"column":2650}},"line":16},"21":{"name":"(anonymous_21)","decl":{"start":{"line":16,"column":2652},"end":{"line":16,"column":2653}},"loc":{"start":{"line":16,"column":2667},"end":{"line":16,"column":2709}},"line":16},"22":{"name":"(anonymous_22)","decl":{"start":{"line":16,"column":2745},"end":{"line":16,"column":2746}},"loc":{"start":{"line":16,"column":2766},"end":{"line":16,"column":2812}},"line":16},"23":{"name":"(anonymous_23)","decl":{"start":{"line":16,"column":2814},"end":{"line":16,"column":2815}},"loc":{"start":{"line":16,"column":2831},"end":{"line":16,"column":2882}},"line":16},"24":{"name":"value","decl":{"start":{"line":16,"column":2980},"end":{"line":16,"column":2985}},"loc":{"start":{"line":16,"column":2999},"end":{"line":16,"column":3290}},"line":16},"25":{"name":"callInvokeWithMethodAndArg","decl":{"start":{"line":16,"column":3010},"end":{"line":16,"column":3036}},"loc":{"start":{"line":16,"column":3039},"end":{"line":16,"column":3136}},"line":16},"26":{"name":"(anonymous_26)","decl":{"start":{"line":16,"column":3064},"end":{"line":16,"column":3065}},"loc":{"start":{"line":16,"column":3091},"end":{"line":16,"column":3132}},"line":16},"27":{"name":"makeInvokeMethod","decl":{"start":{"line":16,"column":3306},"end":{"line":16,"column":3322}},"loc":{"start":{"line":16,"column":3347},"end":{"line":16,"column":4501}},"line":16},"28":{"name":"(anonymous_28)","decl":{"start":{"line":16,"column":3386},"end":{"line":16,"column":3387}},"loc":{"start":{"line":16,"column":3409},"end":{"line":16,"column":4498}},"line":16},"29":{"name":"maybeInvokeDelegate","decl":{"start":{"line":16,"column":4511},"end":{"line":16,"column":4530}},"loc":{"start":{"line":16,"column":4550},"end":{"line":16,"column":5621}},"line":16},"30":{"name":"pushTryEntry","decl":{"start":{"line":16,"column":5631},"end":{"line":16,"column":5643}},"loc":{"start":{"line":16,"column":5650},"end":{"line":16,"column":5825}},"line":16},"31":{"name":"resetTryEntry","decl":{"start":{"line":16,"column":5835},"end":{"line":16,"column":5848}},"loc":{"start":{"line":16,"column":5856},"end":{"line":16,"column":5966}},"line":16},"32":{"name":"Context","decl":{"start":{"line":16,"column":5976},"end":{"line":16,"column":5983}},"loc":{"start":{"line":16,"column":5997},"end":{"line":16,"column":6097}},"line":16},"33":{"name":"values","decl":{"start":{"line":16,"column":6107},"end":{"line":16,"column":6113}},"loc":{"start":{"line":16,"column":6124},"end":{"line":16,"column":6603}},"line":16},"34":{"name":"next","decl":{"start":{"line":16,"column":6363},"end":{"line":16,"column":6367}},"loc":{"start":{"line":16,"column":6370},"end":{"line":16,"column":6542}},"line":16},"35":{"name":"doneResult","decl":{"start":{"line":16,"column":6613},"end":{"line":16,"column":6623}},"loc":{"start":{"line":16,"column":6626},"end":{"line":16,"column":6668}},"line":16},"36":{"name":"(anonymous_36)","decl":{"start":{"line":16,"column":7071},"end":{"line":16,"column":7072}},"loc":{"start":{"line":16,"column":7089},"end":{"line":16,"column":7260}},"line":16},"37":{"name":"(anonymous_37)","decl":{"start":{"line":16,"column":7277},"end":{"line":16,"column":7278}},"loc":{"start":{"line":16,"column":7295},"end":{"line":16,"column":7540}},"line":16},"38":{"name":"(anonymous_38)","decl":{"start":{"line":16,"column":7558},"end":{"line":16,"column":7559}},"loc":{"start":{"line":16,"column":7573},"end":{"line":16,"column":7601}},"line":16},"39":{"name":"(anonymous_39)","decl":{"start":{"line":16,"column":7704},"end":{"line":16,"column":7705}},"loc":{"start":{"line":16,"column":7716},"end":{"line":16,"column":7732}},"line":16},"40":{"name":"(anonymous_40)","decl":{"start":{"line":16,"column":7790},"end":{"line":16,"column":7791}},"loc":{"start":{"line":16,"column":7850},"end":{"line":16,"column":8133}},"line":16},"41":{"name":"(anonymous_41)","decl":{"start":{"line":16,"column":8059},"end":{"line":16,"column":8060}},"loc":{"start":{"line":16,"column":8077},"end":{"line":16,"column":8129}},"line":16},"42":{"name":"(anonymous_42)","decl":{"start":{"line":16,"column":8233},"end":{"line":16,"column":8234}},"loc":{"start":{"line":16,"column":8245},"end":{"line":16,"column":8261}},"line":16},"43":{"name":"(anonymous_43)","decl":{"start":{"line":16,"column":8287},"end":{"line":16,"column":8288}},"loc":{"start":{"line":16,"column":8299},"end":{"line":16,"column":8331}},"line":16},"44":{"name":"(anonymous_44)","decl":{"start":{"line":16,"column":8349},"end":{"line":16,"column":8350}},"loc":{"start":{"line":16,"column":8364},"end":{"line":16,"column":8630}},"line":16},"45":{"name":"next","decl":{"start":{"line":16,"column":8475},"end":{"line":16,"column":8479}},"loc":{"start":{"line":16,"column":8482},"end":{"line":16,"column":8627}},"line":16},"46":{"name":"reset","decl":{"start":{"line":16,"column":8717},"end":{"line":16,"column":8722}},"loc":{"start":{"line":16,"column":8738},"end":{"line":16,"column":9077}},"line":16},"47":{"name":"stop","decl":{"start":{"line":16,"column":9094},"end":{"line":16,"column":9098}},"loc":{"start":{"line":16,"column":9101},"end":{"line":16,"column":9241}},"line":16},"48":{"name":"dispatchException","decl":{"start":{"line":16,"column":9271},"end":{"line":16,"column":9288}},"loc":{"start":{"line":16,"column":9300},"end":{"line":16,"column":10239}},"line":16},"49":{"name":"handle","decl":{"start":{"line":16,"column":9363},"end":{"line":16,"column":9369}},"loc":{"start":{"line":16,"column":9383},"end":{"line":16,"column":9532}},"line":16},"50":{"name":"abrupt","decl":{"start":{"line":16,"column":10258},"end":{"line":16,"column":10264}},"loc":{"start":{"line":16,"column":10276},"end":{"line":16,"column":10874}},"line":16},"51":{"name":"complete","decl":{"start":{"line":16,"column":10895},"end":{"line":16,"column":10903}},"loc":{"start":{"line":16,"column":10922},"end":{"line":16,"column":11250}},"line":16},"52":{"name":"finish","decl":{"start":{"line":16,"column":11269},"end":{"line":16,"column":11275}},"loc":{"start":{"line":16,"column":11288},"end":{"line":16,"column":11514}},"line":16},"53":{"name":"_catch","decl":{"start":{"line":16,"column":11534},"end":{"line":16,"column":11540}},"loc":{"start":{"line":16,"column":11549},"end":{"line":16,"column":11843}},"line":16},"54":{"name":"delegateYield","decl":{"start":{"line":16,"column":11869},"end":{"line":16,"column":11882}},"loc":{"start":{"line":16,"column":11914},"end":{"line":16,"column":12082}},"line":16},"55":{"name":"asyncGeneratorStep","decl":{"start":{"line":17,"column":9},"end":{"line":17,"column":27}},"loc":{"start":{"line":17,"column":75},"end":{"line":17,"column":265}},"line":17},"56":{"name":"_asyncToGenerator","decl":{"start":{"line":18,"column":9},"end":{"line":18,"column":26}},"loc":{"start":{"line":18,"column":31},"end":{"line":18,"column":389}},"line":18},"57":{"name":"(anonymous_57)","decl":{"start":{"line":18,"column":40},"end":{"line":18,"column":41}},"loc":{"start":{"line":18,"column":52},"end":{"line":18,"column":386}},"line":18},"58":{"name":"(anonymous_58)","decl":{"start":{"line":18,"column":108},"end":{"line":18,"column":109}},"loc":{"start":{"line":18,"column":135},"end":{"line":18,"column":382}},"line":18},"59":{"name":"_next","decl":{"start":{"line":18,"column":178},"end":{"line":18,"column":183}},"loc":{"start":{"line":18,"column":191},"end":{"line":18,"column":266}},"line":18},"60":{"name":"_throw","decl":{"start":{"line":18,"column":276},"end":{"line":18,"column":282}},"loc":{"start":{"line":18,"column":288},"end":{"line":18,"column":362}},"line":18},"61":{"name":"_classCallCheck","decl":{"start":{"line":19,"column":9},"end":{"line":19,"column":24}},"loc":{"start":{"line":19,"column":48},"end":{"line":19,"column":153}},"line":19},"62":{"name":"_defineProperties","decl":{"start":{"line":20,"column":9},"end":{"line":20,"column":26}},"loc":{"start":{"line":20,"column":42},"end":{"line":20,"column":333}},"line":20},"63":{"name":"_createClass","decl":{"start":{"line":21,"column":9},"end":{"line":21,"column":21}},"loc":{"start":{"line":21,"column":60},"end":{"line":21,"column":285}},"line":21},"64":{"name":"_toPropertyKey","decl":{"start":{"line":22,"column":9},"end":{"line":22,"column":23}},"loc":{"start":{"line":22,"column":29},"end":{"line":22,"column":125}},"line":22},"65":{"name":"_toPrimitive","decl":{"start":{"line":23,"column":9},"end":{"line":23,"column":21}},"loc":{"start":{"line":23,"column":35},"end":{"line":23,"column":381}},"line":23},"66":{"name":"(anonymous_66)","decl":{"start":{"line":26,"column":34},"end":{"line":26,"column":35}},"loc":{"start":{"line":26,"column":46},"end":{"line":374,"column":1}},"line":26},"67":{"name":"authController","decl":{"start":{"line":27,"column":11},"end":{"line":27,"column":25}},"loc":{"start":{"line":27,"column":28},"end":{"line":29,"column":3}},"line":27},"68":{"name":"(anonymous_68)","decl":{"start":{"line":32,"column":11},"end":{"line":32,"column":12}},"loc":{"start":{"line":32,"column":23},"end":{"line":97,"column":5}},"line":32},"69":{"name":"_callee","decl":{"start":{"line":33,"column":88},"end":{"line":33,"column":95}},"loc":{"start":{"line":33,"column":106},"end":{"line":92,"column":7}},"line":33},"70":{"name":"_callee$","decl":{"start":{"line":35,"column":51},"end":{"line":35,"column":59}},"loc":{"start":{"line":35,"column":70},"end":{"line":91,"column":9}},"line":35},"71":{"name":"signup","decl":{"start":{"line":93,"column":15},"end":{"line":93,"column":21}},"loc":{"start":{"line":93,"column":31},"end":{"line":95,"column":7}},"line":93},"72":{"name":"(anonymous_72)","decl":{"start":{"line":100,"column":11},"end":{"line":100,"column":12}},"loc":{"start":{"line":100,"column":23},"end":{"line":201,"column":5}},"line":100},"73":{"name":"_callee2","decl":{"start":{"line":101,"column":87},"end":{"line":101,"column":95}},"loc":{"start":{"line":101,"column":106},"end":{"line":196,"column":7}},"line":101},"74":{"name":"_callee2$","decl":{"start":{"line":103,"column":51},"end":{"line":103,"column":60}},"loc":{"start":{"line":103,"column":72},"end":{"line":195,"column":9}},"line":103},"75":{"name":"Login","decl":{"start":{"line":197,"column":15},"end":{"line":197,"column":20}},"loc":{"start":{"line":197,"column":31},"end":{"line":199,"column":7}},"line":197},"76":{"name":"(anonymous_76)","decl":{"start":{"line":204,"column":11},"end":{"line":204,"column":12}},"loc":{"start":{"line":204,"column":23},"end":{"line":295,"column":5}},"line":204},"77":{"name":"_callee3","decl":{"start":{"line":205,"column":96},"end":{"line":205,"column":104}},"loc":{"start":{"line":205,"column":115},"end":{"line":290,"column":7}},"line":205},"78":{"name":"_callee3$","decl":{"start":{"line":207,"column":51},"end":{"line":207,"column":60}},"loc":{"start":{"line":207,"column":72},"end":{"line":289,"column":9}},"line":207},"79":{"name":"(anonymous_79)","decl":{"start":{"line":263,"column":36},"end":{"line":263,"column":37}},"loc":{"start":{"line":263,"column":59},"end":{"line":269,"column":17}},"line":263},"80":{"name":"forgotPassword","decl":{"start":{"line":291,"column":15},"end":{"line":291,"column":29}},"loc":{"start":{"line":291,"column":40},"end":{"line":293,"column":7}},"line":291},"81":{"name":"(anonymous_81)","decl":{"start":{"line":298,"column":11},"end":{"line":298,"column":12}},"loc":{"start":{"line":298,"column":23},"end":{"line":371,"column":5}},"line":298},"82":{"name":"_callee4","decl":{"start":{"line":299,"column":95},"end":{"line":299,"column":103}},"loc":{"start":{"line":299,"column":114},"end":{"line":366,"column":7}},"line":299},"83":{"name":"_callee4$","decl":{"start":{"line":301,"column":51},"end":{"line":301,"column":60}},"loc":{"start":{"line":301,"column":72},"end":{"line":365,"column":9}},"line":301},"84":{"name":"resetPassword","decl":{"start":{"line":367,"column":15},"end":{"line":367,"column":28}},"loc":{"start":{"line":367,"column":39},"end":{"line":369,"column":7}},"line":367}},"branchMap":{"0":{"loc":{"start":{"line":14,"column":46},"end":{"line":14,"column":94}},"type":"cond-expr","locations":[{"start":{"line":14,"column":70},"end":{"line":14,"column":73}},{"start":{"line":14,"column":76},"end":{"line":14,"column":94}}],"line":14},"1":{"loc":{"start":{"line":14,"column":46},"end":{"line":14,"column":67}},"type":"binary-expr","locations":[{"start":{"line":14,"column":46},"end":{"line":14,"column":49}},{"start":{"line":14,"column":53},"end":{"line":14,"column":67}}],"line":14},"2":{"loc":{"start":{"line":15,"column":68},"end":{"line":15,"column":319}},"type":"cond-expr","locations":[{"start":{"line":15,"column":136},"end":{"line":15,"column":173}},{"start":{"line":15,"column":176},"end":{"line":15,"column":319}}],"line":15},"3":{"loc":{"start":{"line":15,"column":68},"end":{"line":15,"column":133}},"type":"binary-expr","locations":[{"start":{"line":15,"column":68},"end":{"line":15,"column":95}},{"start":{"line":15,"column":99},"end":{"line":15,"column":133}}],"line":15},"4":{"loc":{"start":{"line":15,"column":200},"end":{"line":15,"column":316}},"type":"cond-expr","locations":[{"start":{"line":15,"column":295},"end":{"line":15,"column":303}},{"start":{"line":15,"column":306},"end":{"line":15,"column":316}}],"line":15},"5":{"loc":{"start":{"line":15,"column":200},"end":{"line":15,"column":292}},"type":"binary-expr","locations":[{"start":{"line":15,"column":200},"end":{"line":15,"column":203}},{"start":{"line":15,"column":207},"end":{"line":15,"column":234}},{"start":{"line":15,"column":238},"end":{"line":15,"column":264}},{"start":{"line":15,"column":268},"end":{"line":15,"column":292}}],"line":15},"6":{"loc":{"start":{"line":16,"column":356},"end":{"line":16,"column":433}},"type":"binary-expr","locations":[{"start":{"line":16,"column":356},"end":{"line":16,"column":377}},{"start":{"line":16,"column":381},"end":{"line":16,"column":433}}],"line":16},"7":{"loc":{"start":{"line":16,"column":445},"end":{"line":16,"column":486}},"type":"cond-expr","locations":[{"start":{"line":16,"column":475},"end":{"line":16,"column":481}},{"start":{"line":16,"column":484},"end":{"line":16,"column":486}}],"line":16},"8":{"loc":{"start":{"line":16,"column":505},"end":{"line":16,"column":537}},"type":"binary-expr","locations":[{"start":{"line":16,"column":505},"end":{"line":16,"column":521}},{"start":{"line":16,"column":525},"end":{"line":16,"column":537}}],"line":16},"9":{"loc":{"start":{"line":16,"column":561},"end":{"line":16,"column":603}},"type":"binary-expr","locations":[{"start":{"line":16,"column":561},"end":{"line":16,"column":582}},{"start":{"line":16,"column":586},"end":{"line":16,"column":603}}],"line":16},"10":{"loc":{"start":{"line":16,"column":625},"end":{"line":16,"column":663}},"type":"binary-expr","locations":[{"start":{"line":16,"column":625},"end":{"line":16,"column":644}},{"start":{"line":16,"column":648},"end":{"line":16,"column":663}}],"line":16},"11":{"loc":{"start":{"line":16,"column":1004},"end":{"line":16,"column":1075}},"type":"cond-expr","locations":[{"start":{"line":16,"column":1056},"end":{"line":16,"column":1063}},{"start":{"line":16,"column":1066},"end":{"line":16,"column":1075}}],"line":16},"12":{"loc":{"start":{"line":16,"column":1004},"end":{"line":16,"column":1053}},"type":"binary-expr","locations":[{"start":{"line":16,"column":1004},"end":{"line":16,"column":1011}},{"start":{"line":16,"column":1015},"end":{"line":16,"column":1053}}],"line":16},"13":{"loc":{"start":{"line":16,"column":1152},"end":{"line":16,"column":1169}},"type":"binary-expr","locations":[{"start":{"line":16,"column":1152},"end":{"line":16,"column":1163}},{"start":{"line":16,"column":1167},"end":{"line":16,"column":1169}}],"line":16},"14":{"loc":{"start":{"line":16,"column":1740},"end":{"line":16,"column":1782}},"type":"binary-expr","locations":[{"start":{"line":16,"column":1740},"end":{"line":16,"column":1748}},{"start":{"line":16,"column":1752},"end":{"line":16,"column":1782}}],"line":16},"15":{"loc":{"start":{"line":16,"column":1784},"end":{"line":16,"column":1946}},"type":"binary-expr","locations":[{"start":{"line":16,"column":1784},"end":{"line":16,"column":1807}},{"start":{"line":16,"column":1811},"end":{"line":16,"column":1841}},{"start":{"line":16,"column":1845},"end":{"line":16,"column":1897}},{"start":{"line":16,"column":1902},"end":{"line":16,"column":1945}}],"line":16},"16":{"loc":{"start":{"line":16,"column":2394},"end":{"line":16,"column":2886}},"type":"if","locations":[{"start":{"line":16,"column":2394},"end":{"line":16,"column":2886}},{"start":{"line":16,"column":2394},"end":{"line":16,"column":2886}}],"line":16},"17":{"loc":{"start":{"line":16,"column":2479},"end":{"line":16,"column":2883}},"type":"cond-expr","locations":[{"start":{"line":16,"column":2550},"end":{"line":16,"column":2710}},{"start":{"line":16,"column":2713},"end":{"line":16,"column":2883}}],"line":16},"18":{"loc":{"start":{"line":16,"column":2479},"end":{"line":16,"column":2547}},"type":"binary-expr","locations":[{"start":{"line":16,"column":2479},"end":{"line":16,"column":2484}},{"start":{"line":16,"column":2488},"end":{"line":16,"column":2514}},{"start":{"line":16,"column":2518},"end":{"line":16,"column":2547}}],"line":16},"19":{"loc":{"start":{"line":16,"column":3162},"end":{"line":16,"column":3287}},"type":"cond-expr","locations":[{"start":{"line":16,"column":3180},"end":{"line":16,"column":3256}},{"start":{"line":16,"column":3259},"end":{"line":16,"column":3287}}],"line":16},"20":{"loc":{"start":{"line":16,"column":3411},"end":{"line":16,"column":3486}},"type":"if","locations":[{"start":{"line":16,"column":3411},"end":{"line":16,"column":3486}},{"start":{"line":16,"column":3411},"end":{"line":16,"column":3486}}],"line":16},"21":{"loc":{"start":{"line":16,"column":3487},"end":{"line":16,"column":3573}},"type":"if","locations":[{"start":{"line":16,"column":3487},"end":{"line":16,"column":3573}},{"start":{"line":16,"column":3487},"end":{"line":16,"column":3573}}],"line":16},"22":{"loc":{"start":{"line":16,"column":3516},"end":{"line":16,"column":3550}},"type":"if","locations":[{"start":{"line":16,"column":3516},"end":{"line":16,"column":3550}},{"start":{"line":16,"column":3516},"end":{"line":16,"column":3550}}],"line":16},"23":{"loc":{"start":{"line":16,"column":3660},"end":{"line":16,"column":3836}},"type":"if","locations":[{"start":{"line":16,"column":3660},"end":{"line":16,"column":3836}},{"start":{"line":16,"column":3660},"end":{"line":16,"column":3836}}],"line":16},"24":{"loc":{"start":{"line":16,"column":3737},"end":{"line":16,"column":3834}},"type":"if","locations":[{"start":{"line":16,"column":3737},"end":{"line":16,"column":3834}},{"start":{"line":16,"column":3737},"end":{"line":16,"column":3834}}],"line":16},"25":{"loc":{"start":{"line":16,"column":3759},"end":{"line":16,"column":3809}},"type":"if","locations":[{"start":{"line":16,"column":3759},"end":{"line":16,"column":3809}},{"start":{"line":16,"column":3759},"end":{"line":16,"column":3809}}],"line":16},"26":{"loc":{"start":{"line":16,"column":3837},"end":{"line":16,"column":4138}},"type":"if","locations":[{"start":{"line":16,"column":3837},"end":{"line":16,"column":4138}},{"start":{"line":16,"column":3837},"end":{"line":16,"column":4138}}],"line":16},"27":{"loc":{"start":{"line":16,"column":3916},"end":{"line":16,"column":4138}},"type":"if","locations":[{"start":{"line":16,"column":3916},"end":{"line":16,"column":4138}},{"start":{"line":16,"column":3916},"end":{"line":16,"column":4138}}],"line":16},"28":{"loc":{"start":{"line":16,"column":3950},"end":{"line":16,"column":4021}},"type":"if","locations":[{"start":{"line":16,"column":3950},"end":{"line":16,"column":4021}},{"start":{"line":16,"column":3950},"end":{"line":16,"column":4021}}],"line":16},"29":{"loc":{"start":{"line":16,"column":4069},"end":{"line":16,"column":4137}},"type":"binary-expr","locations":[{"start":{"line":16,"column":4069},"end":{"line":16,"column":4096}},{"start":{"line":16,"column":4100},"end":{"line":16,"column":4137}}],"line":16},"30":{"loc":{"start":{"line":16,"column":4207},"end":{"line":16,"column":4392}},"type":"if","locations":[{"start":{"line":16,"column":4207},"end":{"line":16,"column":4392}},{"start":{"line":16,"column":4207},"end":{"line":16,"column":4392}}],"line":16},"31":{"loc":{"start":{"line":16,"column":4239},"end":{"line":16,"column":4340}},"type":"if","locations":[{"start":{"line":16,"column":4239},"end":{"line":16,"column":4340}},{"start":{"line":16,"column":4239},"end":{"line":16,"column":4340}}],"line":16},"32":{"loc":{"start":{"line":16,"column":4251},"end":{"line":16,"column":4296}},"type":"cond-expr","locations":[{"start":{"line":16,"column":4266},"end":{"line":16,"column":4277}},{"start":{"line":16,"column":4280},"end":{"line":16,"column":4296}}],"line":16},"33":{"loc":{"start":{"line":16,"column":4393},"end":{"line":16,"column":4493}},"type":"binary-expr","locations":[{"start":{"line":16,"column":4393},"end":{"line":16,"column":4416}},{"start":{"line":16,"column":4421},"end":{"line":16,"column":4492}}],"line":16},"34":{"loc":{"start":{"line":16,"column":4625},"end":{"line":16,"column":5028}},"type":"if","locations":[{"start":{"line":16,"column":4625},"end":{"line":16,"column":5028}},{"start":{"line":16,"column":4625},"end":{"line":16,"column":5028}}],"line":16},"35":{"loc":{"start":{"line":16,"column":4683},"end":{"line":16,"column":5009}},"type":"binary-expr","locations":[{"start":{"line":16,"column":4683},"end":{"line":16,"column":4705}},{"start":{"line":16,"column":4709},"end":{"line":16,"column":4736}},{"start":{"line":16,"column":4741},"end":{"line":16,"column":4859}},{"start":{"line":16,"column":4864},"end":{"line":16,"column":4887}},{"start":{"line":16,"column":4892},"end":{"line":16,"column":5008}}],"line":16},"36":{"loc":{"start":{"line":16,"column":5092},"end":{"line":16,"column":5222}},"type":"if","locations":[{"start":{"line":16,"column":5092},"end":{"line":16,"column":5222}},{"start":{"line":16,"column":5092},"end":{"line":16,"column":5222}}],"line":16},"37":{"loc":{"start":{"line":16,"column":5253},"end":{"line":16,"column":5618}},"type":"cond-expr","locations":[{"start":{"line":16,"column":5260},"end":{"line":16,"column":5481}},{"start":{"line":16,"column":5485},"end":{"line":16,"column":5617}}],"line":16},"38":{"loc":{"start":{"line":16,"column":5260},"end":{"line":16,"column":5481}},"type":"cond-expr","locations":[{"start":{"line":16,"column":5273},"end":{"line":16,"column":5473}},{"start":{"line":16,"column":5477},"end":{"line":16,"column":5481}}],"line":16},"39":{"loc":{"start":{"line":16,"column":5349},"end":{"line":16,"column":5430}},"type":"binary-expr","locations":[{"start":{"line":16,"column":5349},"end":{"line":16,"column":5376}},{"start":{"line":16,"column":5381},"end":{"line":16,"column":5429}}],"line":16},"40":{"loc":{"start":{"line":16,"column":5685},"end":{"line":16,"column":5724}},"type":"binary-expr","locations":[{"start":{"line":16,"column":5685},"end":{"line":16,"column":5694}},{"start":{"line":16,"column":5699},"end":{"line":16,"column":5723}}],"line":16},"41":{"loc":{"start":{"line":16,"column":5726},"end":{"line":16,"column":5793}},"type":"binary-expr","locations":[{"start":{"line":16,"column":5726},"end":{"line":16,"column":5735}},{"start":{"line":16,"column":5740},"end":{"line":16,"column":5792}}],"line":16},"42":{"loc":{"start":{"line":16,"column":5871},"end":{"line":16,"column":5893}},"type":"binary-expr","locations":[{"start":{"line":16,"column":5871},"end":{"line":16,"column":5887}},{"start":{"line":16,"column":5891},"end":{"line":16,"column":5893}}],"line":16},"43":{"loc":{"start":{"line":16,"column":6126},"end":{"line":16,"column":6572}},"type":"if","locations":[{"start":{"line":16,"column":6126},"end":{"line":16,"column":6572}},{"start":{"line":16,"column":6126},"end":{"line":16,"column":6572}}],"line":16},"44":{"loc":{"start":{"line":16,"column":6189},"end":{"line":16,"column":6246}},"type":"if","locations":[{"start":{"line":16,"column":6189},"end":{"line":16,"column":6246}},{"start":{"line":16,"column":6189},"end":{"line":16,"column":6246}}],"line":16},"45":{"loc":{"start":{"line":16,"column":6247},"end":{"line":16,"column":6303}},"type":"if","locations":[{"start":{"line":16,"column":6247},"end":{"line":16,"column":6303}},{"start":{"line":16,"column":6247},"end":{"line":16,"column":6303}}],"line":16},"46":{"loc":{"start":{"line":16,"column":6304},"end":{"line":16,"column":6570}},"type":"if","locations":[{"start":{"line":16,"column":6304},"end":{"line":16,"column":6570}},{"start":{"line":16,"column":6304},"end":{"line":16,"column":6570}}],"line":16},"47":{"loc":{"start":{"line":16,"column":6403},"end":{"line":16,"column":6487}},"type":"if","locations":[{"start":{"line":16,"column":6403},"end":{"line":16,"column":6487}},{"start":{"line":16,"column":6403},"end":{"line":16,"column":6487}}],"line":16},"48":{"loc":{"start":{"line":16,"column":7102},"end":{"line":16,"column":7151}},"type":"binary-expr","locations":[{"start":{"line":16,"column":7102},"end":{"line":16,"column":7129}},{"start":{"line":16,"column":7133},"end":{"line":16,"column":7151}}],"line":16},"49":{"loc":{"start":{"line":16,"column":7160},"end":{"line":16,"column":7257}},"type":"binary-expr","locations":[{"start":{"line":16,"column":7160},"end":{"line":16,"column":7166}},{"start":{"line":16,"column":7171},"end":{"line":16,"column":7197}},{"start":{"line":16,"column":7201},"end":{"line":16,"column":7256}}],"line":16},"50":{"loc":{"start":{"line":16,"column":7226},"end":{"line":16,"column":7255}},"type":"binary-expr","locations":[{"start":{"line":16,"column":7226},"end":{"line":16,"column":7242}},{"start":{"line":16,"column":7246},"end":{"line":16,"column":7255}}],"line":16},"51":{"loc":{"start":{"line":16,"column":7304},"end":{"line":16,"column":7491}},"type":"cond-expr","locations":[{"start":{"line":16,"column":7328},"end":{"line":16,"column":7385}},{"start":{"line":16,"column":7389},"end":{"line":16,"column":7490}}],"line":16},"52":{"loc":{"start":{"line":16,"column":7852},"end":{"line":16,"column":7901}},"type":"binary-expr","locations":[{"start":{"line":16,"column":7852},"end":{"line":16,"column":7874}},{"start":{"line":16,"column":7879},"end":{"line":16,"column":7900}}],"line":16},"53":{"loc":{"start":{"line":16,"column":7996},"end":{"line":16,"column":8130}},"type":"cond-expr","locations":[{"start":{"line":16,"column":8035},"end":{"line":16,"column":8039}},{"start":{"line":16,"column":8042},"end":{"line":16,"column":8130}}],"line":16},"54":{"loc":{"start":{"line":16,"column":8086},"end":{"line":16,"column":8126}},"type":"cond-expr","locations":[{"start":{"line":16,"column":8100},"end":{"line":16,"column":8112}},{"start":{"line":16,"column":8115},"end":{"line":16,"column":8126}}],"line":16},"55":{"loc":{"start":{"line":16,"column":8529},"end":{"line":16,"column":8594}},"type":"if","locations":[{"start":{"line":16,"column":8529},"end":{"line":16,"column":8594}},{"start":{"line":16,"column":8529},"end":{"line":16,"column":8594}}],"line":16},"56":{"loc":{"start":{"line":16,"column":8740},"end":{"line":16,"column":9075}},"type":"if","locations":[{"start":{"line":16,"column":8740},"end":{"line":16,"column":9075}},{"start":{"line":16,"column":8740},"end":{"line":16,"column":9075}}],"line":16},"57":{"loc":{"start":{"line":16,"column":8971},"end":{"line":16,"column":9074}},"type":"binary-expr","locations":[{"start":{"line":16,"column":8971},"end":{"line":16,"column":8993}},{"start":{"line":16,"column":8997},"end":{"line":16,"column":9020}},{"start":{"line":16,"column":9024},"end":{"line":16,"column":9046}},{"start":{"line":16,"column":9051},"end":{"line":16,"column":9073}}],"line":16},"58":{"loc":{"start":{"line":16,"column":9167},"end":{"line":16,"column":9221}},"type":"if","locations":[{"start":{"line":16,"column":9167},"end":{"line":16,"column":9221}},{"start":{"line":16,"column":9167},"end":{"line":16,"column":9221}}],"line":16},"59":{"loc":{"start":{"line":16,"column":9302},"end":{"line":16,"column":9333}},"type":"if","locations":[{"start":{"line":16,"column":9302},"end":{"line":16,"column":9333}},{"start":{"line":16,"column":9302},"end":{"line":16,"column":9333}}],"line":16},"60":{"loc":{"start":{"line":16,"column":9459},"end":{"line":16,"column":9519}},"type":"binary-expr","locations":[{"start":{"line":16,"column":9459},"end":{"line":16,"column":9465}},{"start":{"line":16,"column":9470},"end":{"line":16,"column":9518}}],"line":16},"61":{"loc":{"start":{"line":16,"column":9648},"end":{"line":16,"column":9698}},"type":"if","locations":[{"start":{"line":16,"column":9648},"end":{"line":16,"column":9698}},{"start":{"line":16,"column":9648},"end":{"line":16,"column":9698}}],"line":16},"62":{"loc":{"start":{"line":16,"column":9699},"end":{"line":16,"column":10235}},"type":"if","locations":[{"start":{"line":16,"column":9699},"end":{"line":16,"column":10235}},{"start":{"line":16,"column":9699},"end":{"line":16,"column":10235}}],"line":16},"63":{"loc":{"start":{"line":16,"column":9826},"end":{"line":16,"column":10233}},"type":"if","locations":[{"start":{"line":16,"column":9826},"end":{"line":16,"column":10233}},{"start":{"line":16,"column":9826},"end":{"line":16,"column":10233}}],"line":16},"64":{"loc":{"start":{"line":16,"column":9830},"end":{"line":16,"column":9852}},"type":"binary-expr","locations":[{"start":{"line":16,"column":9830},"end":{"line":16,"column":9838}},{"start":{"line":16,"column":9842},"end":{"line":16,"column":9852}}],"line":16},"65":{"loc":{"start":{"line":16,"column":9856},"end":{"line":16,"column":9922}},"type":"if","locations":[{"start":{"line":16,"column":9856},"end":{"line":16,"column":9922}},{"start":{"line":16,"column":9856},"end":{"line":16,"column":9922}}],"line":16},"66":{"loc":{"start":{"line":16,"column":9923},"end":{"line":16,"column":9989}},"type":"if","locations":[{"start":{"line":16,"column":9923},"end":{"line":16,"column":9989}},{"start":{"line":16,"column":9923},"end":{"line":16,"column":9989}}],"line":16},"67":{"loc":{"start":{"line":16,"column":9997},"end":{"line":16,"column":10233}},"type":"if","locations":[{"start":{"line":16,"column":9997},"end":{"line":16,"column":10233}},{"start":{"line":16,"column":9997},"end":{"line":16,"column":10233}}],"line":16},"68":{"loc":{"start":{"line":16,"column":10013},"end":{"line":16,"column":10079}},"type":"if","locations":[{"start":{"line":16,"column":10013},"end":{"line":16,"column":10079}},{"start":{"line":16,"column":10013},"end":{"line":16,"column":10079}}],"line":16},"69":{"loc":{"start":{"line":16,"column":10089},"end":{"line":16,"column":10164}},"type":"if","locations":[{"start":{"line":16,"column":10089},"end":{"line":16,"column":10164}},{"start":{"line":16,"column":10089},"end":{"line":16,"column":10164}}],"line":16},"70":{"loc":{"start":{"line":16,"column":10165},"end":{"line":16,"column":10231}},"type":"if","locations":[{"start":{"line":16,"column":10165},"end":{"line":16,"column":10231}},{"start":{"line":16,"column":10165},"end":{"line":16,"column":10231}}],"line":16},"71":{"loc":{"start":{"line":16,"column":10366},"end":{"line":16,"column":10501}},"type":"if","locations":[{"start":{"line":16,"column":10366},"end":{"line":16,"column":10501}},{"start":{"line":16,"column":10366},"end":{"line":16,"column":10501}}],"line":16},"72":{"loc":{"start":{"line":16,"column":10370},"end":{"line":16,"column":10463}},"type":"binary-expr","locations":[{"start":{"line":16,"column":10370},"end":{"line":16,"column":10395}},{"start":{"line":16,"column":10399},"end":{"line":16,"column":10431}},{"start":{"line":16,"column":10435},"end":{"line":16,"column":10463}}],"line":16},"73":{"loc":{"start":{"line":16,"column":10504},"end":{"line":16,"column":10650}},"type":"binary-expr","locations":[{"start":{"line":16,"column":10504},"end":{"line":16,"column":10516}},{"start":{"line":16,"column":10521},"end":{"line":16,"column":10537}},{"start":{"line":16,"column":10541},"end":{"line":16,"column":10560}},{"start":{"line":16,"column":10565},"end":{"line":16,"column":10591}},{"start":{"line":16,"column":10595},"end":{"line":16,"column":10625}},{"start":{"line":16,"column":10630},"end":{"line":16,"column":10649}}],"line":16},"74":{"loc":{"start":{"line":16,"column":10665},"end":{"line":16,"column":10708}},"type":"cond-expr","locations":[{"start":{"line":16,"column":10680},"end":{"line":16,"column":10703}},{"start":{"line":16,"column":10706},"end":{"line":16,"column":10708}}],"line":16},"75":{"loc":{"start":{"line":16,"column":10755},"end":{"line":16,"column":10871}},"type":"cond-expr","locations":[{"start":{"line":16,"column":10771},"end":{"line":16,"column":10846}},{"start":{"line":16,"column":10850},"end":{"line":16,"column":10871}}],"line":16},"76":{"loc":{"start":{"line":16,"column":10924},"end":{"line":16,"column":10970}},"type":"if","locations":[{"start":{"line":16,"column":10924},"end":{"line":16,"column":10970}},{"start":{"line":16,"column":10924},"end":{"line":16,"column":10970}}],"line":16},"
[...]
[6,0],"32":[2,4],"33":[2,4],"34":[0,0],"35":[0,0],"36":[0,0,0,0,0],"37":[0,0],"38":[0,0],"39":[0,0],"40":[0,0],"41":[0,0],"42":[0,0],"43":[2,2],"44":[1,0],"45":[1,0],"46":[0,0],"47":[0,0],"48":[0,0],"49":[0,0],"50":[0,0,0],"51":[0,0],"52":[2,0],"53":[0,0],"54":[0,0],"55":[0,0],"56":[0,0],"57":[0,2],"58":[0,0,0,0],"59":[0,2],"60":[0,0],"61":[0,0],"62":[0,0],"63":[0,0],"64":[0,0],"65":[0,0],"66":[0,0],"67":[0,0],"68":[0,0],"69":[0,0],"70":[0,0],"71":[0,0],"72":[0,4],"73":[4,0,0],"74":[4,0,0,0,0,0],"75":[0,4],"76":[0,4],"77":[0,4],"78":[0,4],"79":[4,4],"80":[4,0],"81":[0,0,0],"82":[0,0],"83":[0,0],"84":[0,0],"85":[0,0],"86":[2,2],"87":[0,0],"88":[2,2],"89":[2,0],"90":[0,1],"91":[1,0],"92":[10,4],"93":[14,0],"94":[14,0],"95":[0,0],"96":[0,0],"97":[0,0],"98":[0,0],"99":[0,0,0,0],"100":[2,2,0,2],"101":[2,0],"102":[1,1],"103":[2,1],"104":[1,1]},"inputSourceMap":{"version":3,"names":["_uuid","require","_models","_interopRequireDefault","_sequelize","obj","__esModule","_typeof","Symbol","iterator","constructor","prototype","_defineProperty","key","value","_toPropertyKey","Object","defineProperty","enumerable","configurable","writable","_regeneratorRuntime","exports","Op","hasOwn","hasOwnProperty","desc","$Symbol","iteratorSymbol","asyncIteratorSymbol","asyncIterator","toStringTagSymbol","toStringTag","define","err","wrap","innerFn","outerFn","self","tryLocsList","protoGenerator","Generator","generator","create","context","Context","makeInvokeMethod","tryCatch","fn","arg","type","call","ContinueSentinel","GeneratorFunction","GeneratorFunctionPrototype","IteratorPrototype","getProto","getPrototypeOf","NativeIteratorPrototype","values","Gp","defineIteratorMethods","forEach","method","_invoke","AsyncIterator","PromiseImpl","invoke","resolve","reject","record","result","__await","then","unwrapped","error","previousPromise","callInvokeWithMethodAndArg","state","Error","doneResult","delegate","delegateResult","maybeInvokeDelegate","sent","_sent","dispatchException","abrupt","done","methodName","undefined","TypeError","info","resultName","next","nextLoc","pushTryEntry","locs","entry","tryLoc","catchLoc","finallyLoc","afterLoc","tryEntries","push","resetTryEntry","completion","reset","iterable","iteratorMethod","isNaN","length","i","displayName","isGeneratorFunction","genFun","ctor","name","mark","setPrototypeOf","__proto__","awrap","async","Promise","iter","keys","val","object","reverse","pop","skipTempReset","prev","charAt","slice","stop","rootRecord","rval","exception","handle","loc","caught","hasCatch","hasFinally","finallyEntry","complete","finish","_catch","thrown","delegateYield","asyncGeneratorStep","gen","_next","_throw","_asyncToGenerator","args","arguments","apply","_classCallCheck","instance","Constructor","_defineProperties","target","props","descriptor","_createClass","protoProps","staticProps","_toPrimitive","String","input","hint","prim","toPrimitive","res","Number","products","Models","Products","_addProduct","_callee","data","description","quantity","price","category","_callee$","_context","id","uuidv4","addProduct","_x","_searchProducts","_callee2","searchQuery","minPrice","maxPrice","_where","product","_callee2$","_context2","Infinity","findAll","where","or","iLike","concat","between","searchProducts","_x2","_x3","_x4"],"sourceRoot":"E:\\andela\\New Andela\\Andela Team work\\resent_email\\src\\services\\","sources":["product.services.js"],"sourcesContent":["import {v4 as uuidv4 } from 'uuid';\r\nimport Models from \"../db/models\";\r\nimport { Op , Sequelize } from 'sequelize';\r\n\r\nconst {products} =Models;\r\n\r\nexport default class Products{\r\nstatic async addProduct(data){\r\n    let {\r\n        name,\r\n        description,\r\n        quantity,\r\n        price,\r\n        category,\r\n    }= data;\r\n    const value = await products.create({\r\n        id:uuidv4(),\r\n        name,\r\n        description,\r\n        quantity,\r\n        price,\r\n        category,\r\n    })\r\n    return {value};\r\n}\r\n\r\n\r\nstatic async searchProducts(searchQuery, minPrice, maxPrice) {\r\n    if (!minPrice) {\r\n      minPrice = 1;\r\n    }\r\n    if (!maxPrice || maxPrice < minPrice) {\r\n      maxPrice = Infinity;\r\n    }\r\n    if (!searchQuery) {\r\n        searchQuery = '';\r\n    }\r\n    const product = await products.findAll({\r\n    where : {\r\n      [Op.or]: [\r\n        { name: { [Op.iLike]: `%${searchQuery}%` } },\r\n        { description: { [Op.iLike]: `%${searchQuery}%` } },\r\n        { category: { [Op.iLike]: `%${searchQuery}%` } },\r\n      ],\r\n      price: { [Op.between]: [minPrice, maxPrice] },\r\n    }\r\n    });\r\n\r\n    return product;\r\n  }\r\n}"],"mappings":";;;;;;AAAA,IAAAA,KAAA,GAAAC,OAAA;AACA,IAAAC,OAAA,GAAAC,sBAAA,CAAAF,OAAA;AACA,IAAAG,UAAA,GAAAH,OAAA;AAA2C,SAAAE,uBAAAE,GAAA,WAAAA,GAAA,IAAAA,GAAA,CAAAC,UAAA,GAAAD,GAAA,gBAAAA,GAAA;AAAA,SAAAE,QAAAF,GAAA,sCAAAE,OAAA,wBAAAC,MAAA,uBAAAA,MAAA,CAAAC,QAAA,aAAAJ,GAAA,kBAAAA,GAAA,gBAAAA,GAAA,WAAAA,GAAA,yBAAAG,MAAA,IAAAH,GAAA,CAAAK,WAAA,KAAAF,MAAA,IAAAH,GAAA,KAAAG,MAAA,CAAAG,SAAA,qBAAAN,GAAA,KAAAE,OAAA,CAAAF,GAAA;AAAA,SAAAO,gBAAAP,GAAA,EAAAQ,GAAA,EAAAC,KAAA,IAAAD,GAAA,GAAAE,cAAA,CAAAF,GAAA,OAAAA,GAAA,IAAAR,GAAA,IAAAW,MAAA,CAAAC,cAAA,CAAAZ,GAAA,EAAAQ,GAAA,IAAAC,KAAA,EAAAA,KAAA,EAAAI,UAAA,QAAAC,YAAA,QAAAC,QAAA,oBAAAf,GAAA,CAAAQ,GAAA,IAAAC,KAAA,WAAAT,GAAA;AAAA,SAAAgB,oBAAA,kBAD3C,qJAAAA,mBAAA,YAAAA,oBAAA,WAAAC,OAAA,SAAAA,OAAA,OAAAC,EAAA,GAAAP,MAAA,CAAAL,SAAA,EAAAa,MAAA,GAAAD,EAAA,CAAAE,cAAA,EAAAR,cAAA,GAAAD,MAAA,CAAAC,cAAA,cAAAZ,GAAA,EAAAQ,GAAA,EAAAa,IAAA,IAAArB,GAAA,CAAAQ,GAAA,IAAAa,IAAA,CAAAZ,KAAA,KAAAa,OAAA,wBAAAnB,MAAA,GAAAA,MAAA,OAAAoB,cAAA,GAAAD,OAAA,CAAAlB,QAAA,kBAAAoB,mBAAA,GAAAF,OAAA,CAAAG,aAAA,uBAAAC,iBAAA,GAAAJ,OAAA,CAAAK,WAAA,8BAAAC,OAAA5B,GAAA,EAAAQ,GAAA,EAAAC,KAAA,WAAAE,MAAA,CAAAC,cAAA,CAAAZ,GAAA,EAAAQ,GAAA,IAAAC,KAAA,EAAAA,KAAA,EAAAI,UAAA,MAAAC,YAAA,MAAAC,QAAA,SAAAf,GAAA,CAAAQ,GAAA,WAAAoB,MAAA,mBAAAC,GAAA,IAAAD,MAAA,YAAAA,OAAA5B,GAAA,EAAAQ,GAAA,EAAAC,KAAA,WAAAT,GAAA,CAAAQ,GAAA,IAAAC,KAAA,gBAAAqB,KAAAC,OAAA,EAAAC,OAAA,EAAAC,IAAA,EAAAC,WAAA,QAAAC,cAAA,GAAAH,OAAA,IAAAA,OAAA,CAAA1B,SAAA,YAAA8B,SAAA,GAAAJ,OAAA,GAAAI,SAAA,EAAAC,SAAA,GAAA1B,MAAA,CAAA2B,MAAA,CAAAH,cAAA,CAAA7B,SAAA,GAAAiC,OAAA,OAAAC,OAAA,CAAAN,WAAA,gBAAAtB,cAAA,CAAAyB,SAAA,eAAA5B,KAAA,EAAAgC,gBAAA,CAAAV,OAAA,EAAAE,IAAA,EAAAM,OAAA,MAAAF,SAAA,aAAAK,SAAAC,EAAA,EAAA3C,GAAA,EAAA4C,GAAA,mBAAAC,IAAA,YAAAD,GAAA,EAAAD,EAAA,CAAAG,IAAA,CAAA9C,GAAA,EAAA4C,GAAA,cAAAf,GAAA,aAAAgB,IAAA,WAAAD,GAAA,EAAAf,GAAA,QAAAZ,OAAA,CAAAa,IAAA,GAAAA,IAAA,MAAAiB,gBAAA,gBAAAX,UAAA,cAAAY,kBAAA,cAAAC,2BAAA,SAAAC,iBAAA,OAAAtB,MAAA,CAAAsB,iBAAA,EAAA3B,cAAA,qCAAA4B,QAAA,GAAAxC,MAAA,CAAAyC,cAAA,EAAAC,uBAAA,GAAAF,QAAA,IAAAA,QAAA,CAAAA,QAAA,CAAAG,MAAA,QAAAD,uBAAA,IAAAA,uBAAA,KAAAnC,EAAA,IAAAC,MAAA,CAAA2B,IAAA,CAAAO,uBAAA,EAAA9B,cAAA,MAAA2B,iBAAA,GAAAG,uBAAA,OAAAE,EAAA,GAAAN,0BAAA,CAAA3C,SAAA,GAAA8B,SAAA,CAAA9B,SAAA,GAAAK,MAAA,CAAA2B,MAAA,CAAAY,iBAAA,YAAAM,sBAAAlD,SAAA,gCAAAmD,OAAA,WAAAC,MAAA,IAAA9B,MAAA,CAAAtB,SAAA,EAAAoD,MAAA,YAAAd,GAAA,gBAAAe,OAAA,CAAAD,MAAA,EAAAd,GAAA,sBAAAgB,cAAAvB,SAAA,EAAAwB,WAAA,aAAAC,OAAAJ,MAAA,EAAAd,GAAA,EAAAmB,OAAA,EAAAC,MAAA,QAAAC,MAAA,GAAAvB,QAAA,CAAAL,SAAA,CAAAqB,MAAA,GAAArB,SAAA,EAAAO,GAAA,mBAAAqB,MAAA,CAAApB,IAAA,QAAAqB,MAAA,GAAAD,MAAA,CAAArB,GAAA,EAAAnC,KAAA,GAAAyD,MAAA,CAAAzD,KAAA,SAAAA,KAAA,gBAAAP,OAAA,CAAAO,KAAA,KAAAU,MAAA,CAAA2B,IAAA,CAAArC,KAAA,eAAAoD,WAAA,CAAAE,OAAA,CAAAtD,KAAA,CAAA0D,OAAA,EAAAC,IAAA,WAAA3D,KAAA,IAAAqD,MAAA,SAAArD,KAAA,EAAAsD,OAAA,EAAAC,MAAA,gBAAAnC,GAAA,IAAAiC,MAAA,UAAAjC,GAAA,EAAAkC,OAAA,EAAAC,MAAA,QAAAH,WAAA,CAAAE,OAAA,CAAAtD,KAAA,EAAA2D,IAAA,WAAAC,SAAA,IAAAH,MAAA,CAAAzD,KAAA,GAAA4D,SAAA,EAAAN,OAAA,CAAAG,MAAA,gBAAAI,KAAA,WAAAR,MAAA,UAAAQ,KAAA,EAAAP,OAAA,EAAAC,MAAA,SAAAA,MAAA,CAAAC,MAAA,CAAArB,GAAA,SAAA2B,eAAA,EAAA3D,cAAA,oBAAAH,KAAA,WAAAA,MAAAiD,MAAA,EAAAd,GAAA,aAAA4B,2BAAA,eAAAX,WAAA,WAAAE,OAAA,EAAAC,MAAA,IAAAF,MAAA,CAAAJ,MAAA,EAAAd,GAAA,EAAAmB,OAAA,EAAAC,MAAA,gBAAAO,eAAA,GAAAA,eAAA,GAAAA,eAAA,CAAAH,IAAA,CAAAI,0BAAA,EAAAA,0BAAA,IAAAA,0BAAA,qBAAA/B,iBAAAV,OAAA,EAAAE,IAAA,EAAAM,OAAA,QAAAkC,KAAA,sCAAAf,MAAA,EAAAd,GAAA,wBAAA6B,KAAA,YAAAC,KAAA,sDAAAD,KAAA,oBAAAf,MAAA,QAAAd,GAAA,SAAA+B,UAAA,WAAApC,OAAA,CAAAmB,MAAA,GAAAA,MAAA,EAAAnB,OAAA,CAAAK,GAAA,GAAAA,GAAA,UAAAgC,QAAA,GAAArC,OAAA,CAAAqC,QAAA,MAAAA,QAAA,QAAAC,cAAA,GAAAC,mBAAA,CAAAF,QAAA,EAAArC,OAAA,OAAAsC,cAAA,QAAAA,cAAA,KAAA9B,gBAAA,mBAAA8B,cAAA,qBAAAtC,OAAA,CAAAmB,MAAA,EAAAnB,OAAA,CAAAwC,IAAA,GAAAxC,OAAA,CAAAyC,KAAA,GAAAzC,OAAA,CAAAK,GAAA,sBAAAL,OAAA,CAAAmB,MAAA,6BAAAe,KAAA,QAAAA,KAAA,gBAAAlC,OAAA,CAAAK,GAAA,EAAAL,OAAA,CAAA0C,iBAAA,CAAA1C,OAAA,CAAAK,GAAA,uBAAAL,OAAA,CAAAmB,MAAA,IAAAnB,OAAA,CAAA2C,MAAA,WAAA3C,OAAA,CAAAK,GAAA,GAAA6B,KAAA,oBAAAR,MAAA,GAAAvB,QAAA,CAAAX,OAAA,EAAAE,IAAA,EAAAM,OAAA,oBAAA0B,MAAA,CAAApB,IAAA,QAAA4B,KAAA,GAAAlC,OAAA,CAAA4C,IAAA,mCAAAlB,MAAA,CAAArB,GAAA,KAAAG,gBAAA,qBAAAtC,KAAA,EAAAwD,MAAA,CAAArB,GAAA,EAAAuC,IAAA,EAAA5C,OAAA,CAAA4C,IAAA,kBAAAlB,MAAA,CAAApB,IAAA,KAAA4B,KAAA,gBAAAlC,OAAA,CAAAmB,MAAA,YAAAnB,OAAA,CAAAK,GAAA,GAAAqB,MAAA,CAAArB,GAAA,mBAAAkC,oBAAAF,QAAA,EAAArC,OAAA,QAAA6C,UAAA,GAAA7C,OAAA,CAAAmB,MAAA,EAAAA,MAAA,GAAAkB,QAAA,CAAAxE,QAAA,CAAAgF,UAAA,OAAAC,SAAA,KAAA3B,MAAA,SAAAnB,OAAA,CAAAqC,QAAA,qBAAAQ,UAAA,IAAAR,QAAA,CAAAxE,QAAA,eAAAmC,OAAA,CAAAmB,MAAA,aAAAnB,OAAA,CAAAK,GAAA,GAAAyC,SAAA,EAAAP,mBAAA,CAAAF,QAAA,EAAArC,OAAA,eAAAA,OAAA,CAAAmB,MAAA,kBAAA0B,UAAA,KAAA7C,OAAA,CAAAmB,MAAA,YAAAnB,OAAA,CAAAK,GAAA,OAAA0C,SAAA,uCAAAF,UAAA,iBAAArC,gBAAA,MAAAkB,MAAA,GAAAvB,QAAA,CAAAgB,MAAA,EAAAkB,QAAA,CAAAxE,QAAA,EAAAmC,OAAA,CAAAK,GAAA,mBAAAqB,MAAA,CAAApB,IAAA,SAAAN,OAAA,CAAAmB,MAAA,YAAAnB,OAAA,CAAAK,GAAA,GAAAqB,MAAA,CAAArB,GAAA,EAAAL,OAAA,CAAAqC,QAAA,SAAA7B,gBAAA,MAAAwC,IAAA,GAAAtB,MAAA,CAAArB,GAAA,SAAA2C,IAAA,GAAAA,IAAA,CAAAJ,IAAA,IAAA5C,OAAA,CAAAqC,QAAA,CAAAY,UAAA,IAAAD,IAAA,CAAA9E,KAAA,EAAA8B,OAAA,CAAAkD,IAAA,GAAAb,QAAA,CAAAc,OAAA,eAAAnD,OAAA,CAAAmB,MAAA,KAAAnB,OAAA,CAAAmB,MAAA,WAAAnB,OAAA,CAAAK,GAAA,GAAAyC,SAAA,GAAA9C,OAAA,CAAAqC,QAAA,SAAA7B,gBAAA,IAAAwC,IAAA,IAAAhD,OAAA,CAAAmB,MAAA,YAAAnB,OAAA,CAAAK,GAAA,OAAA0C,SAAA,sCAAA/C,OAAA,CAAAqC,QAAA,SAAA7B,gBAAA,cAAA4C,aAAAC,IAAA,QAAAC,KAAA,KAAAC,MAAA,EAAAF,IAAA,YAAAA,IAAA,KAAAC,KAAA,CAAAE,QAAA,GAAAH,IAAA,WAAAA,IAAA,KAAAC,KAAA,CAAAG,UAAA,GAAAJ,IAAA,KAAAC,KAAA,CAAAI,QAAA,GAAAL,IAAA,WAAAM,UAAA,CAAAC,IAAA,CAAAN,KAAA,cAAAO,cAAAP,KAAA,QAAA5B,MAAA,GAAA4B,KAAA,CAAAQ,UAAA,QAAApC,MAAA,CAAApB,IAAA,oBAAAoB,MAAA,CAAArB,GAAA,EAAAiD,KAAA,CAAAQ,UAAA,GAAApC,MAAA,aAAAzB,QAAAN,WAAA,SAAAgE,UAAA,MAAAJ,MAAA,aAAA5D,WAAA,CAAAuB,OAAA,CAAAkC,YAAA,cAAAW,KAAA,iBAAAhD,OAAAiD,QAAA,QAAAA,QAAA,QAAAC,cAAA,GAAAD,QAAA,CAAAhF,cAAA,OAAAiF,cAAA,SAAAA,cAAA,CAAA1D,IAAA,CAAAyD,QAAA,4BAAAA,QAAA,CAAAd,IAAA,SAAAc,QAAA,OAAAE,KAAA,CAAAF,QAAA,CAAAG,MAAA,SAAAC,CAAA,OAAAlB,IAAA,YAAAA,KAAA,aAAAkB,CAAA,GAAAJ,QAAA,CAAAG,MAAA,OAAAvF,MAAA,CAAA2B,IAAA,CAAAyD,QAAA,EAAAI,CAAA,UAAAlB,IAAA,CAAAhF,KAAA,GAAA8F,QAAA,CAAAI,CAAA,GAAAlB,IAAA,CAAAN,IAAA,OAAAM,IAAA,SAAAA,IAAA,CAAAhF,KAAA,GAAA4E,SAAA,EAAAI,IAAA,CAAAN,IAAA,OAAAM,IAAA,YAAAA,IAAA,CAAAA,IAAA,GAAAA,IAAA,eAAAA,IAAA,EAAAd,UAAA,eAAAA,WAAA,aAAAlE,KAAA,EAAA4E,SAAA,EAAAF,IAAA,iBAAAnC,iBAAA,CAAA1C,SAAA,GAAA2C,0BAAA,EAAArC,cAAA,CAAA2C,EAAA,mBAAA9C,KAAA,EAAAwC,0BAAA,EAAAnC,YAAA,SAAAF,cAAA,CAAAqC,0BAAA,mBAAAxC,KAAA,EAAAuC,iBAAA,EAAAlC,YAAA,SAAAkC,iBAAA,CAAA4D,WAAA,GAAAhF,MAAA,CAAAqB,0BAAA,EAAAvB,iBAAA,wBAAAT,OAAA,CAAA4F,mBAAA,aAAAC,MAAA,QAAAC,IAAA,wBAAAD,MAAA,IAAAA,MAAA,CAAAzG,WAAA,WAAA0G,IAAA,KAAAA,IAAA,KAAA/D,iBAAA,6BAAA+D,IAAA,CAAAH,WAAA,IAAAG,IAAA,CAAAC,IAAA,OAAA/F,OAAA,CAAAgG,IAAA,aAAAH,MAAA,WAAAnG,MAAA,CAAAuG,cAAA,GAAAvG,MAAA,CAAAuG,cAAA,CAAAJ,MAAA,EAAA7D,0BAAA,KAAA6D,MAAA,CAAAK,SAAA,GAAAlE,0BAAA,EAAArB,MAAA,CAAAkF,MAAA,EAAApF,iBAAA,yBAAAoF,MAAA,CAAAxG,SAAA,GAAAK,MAAA,CAAA2B,MAAA,CAAAiB,EAAA,GAAAuD,MAAA,KAAA7F,OAAA,CAAAmG,KAAA,aAAAxE,GAAA,aAAAuB,OAAA,EAAAvB,GAAA,OAAAY,qBAAA,CAAAI,aAAA,CAAAtD,SAAA,GAAAsB,MAAA,CAAAgC,aAAA,CAAAtD,SAAA,EAAAkB,mBAAA,iCAAAP,OAAA,CAAA2C,aAAA,GAAAA,aAAA,EAAA3C,OAAA,CAAAoG,KAAA,aAAAtF,OAAA,EAAAC,OAAA,EAAAC,IAAA,EAAAC,WAAA,EAAA2B,WAAA,eAAAA,WAAA,KAAAA,WAAA,GAAAyD,OAAA,OAAAC,IAAA,OAAA3D,aAAA,CAAA9B,IAAA,CAAAC,OAAA,EAAAC,OAAA,EAAAC,IAAA,EAAAC,WAAA,GAAA2B,WAAA,UAAA5C,OAAA,CAAA4F,mBAAA,CAAA7E,OAAA,IAAAuF,IAAA,GAAAA,IAAA,CAAA9B,IAAA,GAAArB,IAAA,WAAAF,MAAA,WAAAA,MAAA,CAAAiB,IAAA,GAAAjB,MAAA,CAAAzD,KAAA,GAAA8G,IAAA,CAAA9B,IAAA,WAAAjC,qBAAA,CAAAD,EAAA,GAAA3B,MAAA,CAAA2B,EAAA,EAAA7B,iBAAA,gBAAAE,MAAA,CAAA2B,EAAA,EAAAhC,cAAA,iCAAAK,MAAA,CAAA2B,EAAA,6DAAAtC,OAAA,CAAAuG,IAAA,aAAAC,GAAA,QAAAC,MAAA,GAAA/G,MAAA,CAAA8G,GAAA,GAAAD,IAAA,gBAAAhH,GAAA,IAAAkH,MAAA,EAAAF,IAAA,CAAArB,IAAA,CAAA3F,GAAA,UAAAgH,IAAA,CAAAG,OAAA,aAAAlC,KAAA,WAAA+B,IAAA,CAAAd,MAAA,SAAAlG,GAAA,GAAAgH,IAAA,CAAAI,GAAA,QAAApH,GAAA,IAAAkH,MAAA,SAAAjC,IAAA,CAAAhF,KAAA,GAAAD,GAAA,EAAAiF,IAAA,CAAAN,IAAA,OAAAM,IAAA,WAAAA,IAAA,CAAAN,IAAA,OAAAM,IAAA,QAAAxE,OAAA,CAAAqC,MAAA,GAAAA,MAAA,EAAAd,OAAA,CAAAlC,SAAA,KAAAD,WAAA,EAAAmC,OAAA,EAAA8D,KAAA,WAAAA,MAAAuB,aAAA,aAAAC,IAAA,WAAArC,IAAA,WAAAV,IAAA,QAAAC,KAAA,GAAAK,SAAA,OAAAF,IAAA,YAAAP,QAAA,cAAAlB,MAAA,gBAAAd,GAAA,GAAAyC,SAAA,OAAAa,UAAA,CAAAzC,OAAA,CAAA2C,aAAA,IAAAyB,aAAA,WAAAb,IAAA,kBAAAA,IAAA,CAAAe,MAAA,OAAA5G,MAAA,CAAA2B,IAAA,OAAAkE,IAAA,MAAAP,KAAA,EAAAO,IAAA,CAAAgB,KAAA,cAAAhB,IAAA,IAAA3B,SAAA,MAAA4C,IAAA,WAAAA,KAAA,SAAA9C,IAAA,WAAA+C,UAAA,QAAAhC,UAAA,IAAAG,UAAA,kBAAA6B,UAAA,CAAArF,IAAA,QAAAqF,UAAA,CAAAtF,GAAA,cAAAuF,IAAA,KAAAlD,iBAAA,WAAAA,kBAAAmD,SAAA,aAAAjD,IAAA,QAAAiD,SAAA,MAAA7F,OAAA,kBAAA8F,OAAAC,GAAA,EAAAC,MAAA,WAAAtE,MAAA,CAAApB,IAAA,YAAAoB,MAAA,CAAArB,GAAA,GAAAwF,SAAA,EAAA7F,OAAA,CAAAkD,IAAA,GAAA6C,GAAA,EAAAC,MAAA,KAAAhG,OAAA,CAAAmB,MAAA,WAAAnB,OAAA,CAAAK,GAAA,GAAAyC,SAAA,KAAAkD,MAAA,aAAA5B,CAAA,QAAAT,UAAA,CAAAQ,MAAA,MAAAC,CAAA,SAAAA,CAAA,QAAAd,KAAA,QAAAK,UAAA,CAAAS,CAAA,GAAA1C,MAAA,GAAA4B,KAAA,CAAAQ,UAAA,iBAAAR,KAAA,CAAAC,MAAA,SAAAuC,MAAA,aAAAxC,KAAA,CAAAC,MAAA,SAAAgC,IAAA,QAAAU,QAAA,GAAArH,MAAA,CAAA2B,IAAA,CAAA+C,KAAA,eAAA4C,UAAA,GAAAtH,MAAA,CAAA2B,IAAA,CAAA+C,KAAA,qBAAA2C,QAAA,IAAAC,UAAA,aAAAX,IAAA,GAAAjC,KAAA,CAAAE,QAAA,SAAAsC,MAAA,CAAAxC,KAAA,CAAAE,QAAA,gBAAA+B,IAAA,GAAAjC,KAAA,CAAAG,UAAA,SAAAqC,MAAA,CAAAxC,KAAA,CAAAG,UAAA,cAAAwC,QAAA,aAAAV,IAAA,GAAAjC,KAAA,CAAAE,QAAA,SAAAsC,MAAA,CAAAxC,KAAA,CAAAE,QAAA,qBAAA0C,UAAA,YAAA/D,KAAA,qDAAAoD,IAAA,GAAAjC,KAAA,CAAAG,UAAA,SAAAqC,MAAA,CAAAxC,KAAA,CAAAG,UAAA,YAAAd,MAAA,WAAAA,OAAArC,IAAA,EAAAD,GAAA,aAAA+D,CAAA,QAAAT,UAAA,CAAAQ,MAAA,MAAAC,CAAA,SAAAA,CAAA,QAAAd,KAAA,QAAAK,UAAA,CAAAS,CAAA,OAAAd,KAAA,CAAAC,MAAA,SAAAgC,IAAA,IAAA3G,MAAA,CAAA2B,IAAA,CAAA+C,KAAA,wBAAAiC,IAAA,GAAAjC,KAAA,CAAAG,UAAA,QAAA0C,YAAA,GAAA7C,KAAA,aAAA6C,YAAA,iBAAA7F,IAAA,mBAAAA,IAAA,KAAA6F,YAAA,CAAA5C,MAAA,IAAAlD,GAAA,IAAAA,GAAA,IAAA8F,YAAA,CAAA1C,UAAA,KAAA0C,YAAA,cAAAzE,MAAA,GAAAyE,YAAA,GAAAA,YAAA,CAAArC,UAAA,cAAApC,MAAA,CAAApB,IAAA,GAAAA,IAAA,EAAAoB,MAAA,CAAArB,GAAA,GAAAA,GAAA,EAAA8F,YAAA,SAAAhF,MAAA,gBAAA+B,IAAA,GAAAiD,YAAA,CAAA1C,UAAA,EAAAjD,gBAAA,SAAA4F,QAAA,CAAA1E,MAAA,MAAA0E,QAAA,WAAAA,SAAA1E,MAAA,EAAAgC,QAAA,oBAAAhC,MAAA,CAAApB,IAAA,QAAAoB,MAAA,CAAArB,GAAA,qBAAAqB,MAAA,CAAApB,IAAA,mBAAAoB,MAAA,CAAApB,IAAA,QAAA4C,IAAA,GAAAxB,MAAA,CAAArB,GAAA,gBAAAqB,MAAA,CAAApB,IAAA,SAAAsF,IAAA,QAAAvF,GAAA,GAAAqB,MAAA,CAAArB,GAAA,OAAAc,MAAA,kBAAA+B,IAAA,yBAAAxB,MAAA,CAAApB,IAAA,IAAAoD,QAAA,UAAAR,IAAA,GAAAQ,QAAA,GAAAlD,gBAAA,KAAA6F,MAAA,WAAAA,OAAA5C,UAAA,aAAAW,CAAA,QAAAT,UAAA,CAAAQ,MAAA,MAAAC,CAAA,SAAAA,CAAA,QAAAd,KAAA,QAAAK,UAAA,CAAAS,CAAA,OAAAd,KAAA,CAAAG,UAAA,KAAAA,UAAA,cAAA2C,QAAA,CAAA9C,KAAA,CAAAQ,UAAA,EAAAR,KAAA,CAAAI,QAAA,GAAAG,aAAA,CAAAP,KAAA,GAAA9C,gBAAA,yBAAA8F,OAAA/C,MAAA,aAAAa,CAAA,QAAAT,UAAA,CAAAQ,MAAA,MAAAC,CAAA,SAAAA,CAAA,QAAAd,KAAA,QAAAK,UAAA,CAAAS,CAAA,OAAAd,KAAA,CAAAC,MAAA,KAAAA,MAAA,QAAA7B,MAAA,GAAA4B,KAAA,CAAAQ,UAAA,kBAAApC,MAAA,CAAApB,IAAA,QAAAiG,MAAA,GAAA7E,MAAA,CAAArB,GAAA,EAAAwD,aAAA,CAAAP,KAAA,YAAAiD,MAAA,gBAAApE,KAAA,8BAAAqE,aAAA,WAAAA,cAAAxC,QAAA,EAAAf,UAAA,EAAAE,OAAA,gBAAAd,QAAA,KAAAxE,QAAA,EAAAkD,MAAA,CAAAiD,QAAA,GAAAf,UAAA,EAAAA,UAAA,EAAAE,OAAA,EAAAA,OAAA,oBAAAhC,MAAA,UAAAd,GAAA,GAAAyC,SAAA,GAAAtC,gBAAA,OAAA9B,OAAA;AAAA,SAAA+H,mBAAAC,GAAA,EAAAlF,OAAA,EAAAC,MAAA,EAAAkF,KAAA,EAAAC,MAAA,EAAA3I,GAAA,EAAAoC,GAAA,cAAA2C,IAAA,GAAA0D,GAAA,CAAAzI,GAAA,EAAAoC,GAAA,OAAAnC,KAAA,GAAA8E,IAAA,CAAA9E,KAAA,WAAA6D,KAAA,IAAAN,MAAA,CAAAM,KAAA,iBAAAiB,IAAA,CAAAJ,IAAA,IAAApB,OAAA,CAAAtD,KAAA,YAAA6G,OAAA,CAAAvD,OAAA,CAAAtD,KAAA,EAAA2D,IAAA,CAAA8E,KAAA,EAAAC,MAAA;AAAA,SAAAC,kBAAAzG,EAAA,6BAAAV,IAAA,SAAAoH,IAAA,GAAAC,SAAA,aAAAhC,OAAA,WAAAvD,OAAA,EAAAC,MAAA,QAAAiF,GAAA,GAAAtG,EAAA,CAAA4G,KAAA,CAAAtH,IAAA,EAAAoH,IAAA,YAAAH,MAAAzI,KAAA,IAAAuI,kBAAA,CAAAC,GAAA,EAAAlF,OAAA,EAAAC,MAAA,EAAAkF,KAAA,EAAAC,MAAA,UAAA1I,KAAA,cAAA0I,OAAAtH,GAAA,IAAAmH,kBAAA,CAAAC,GAAA,EAAAlF,OAAA,EAAAC,MAAA,EAAAkF,KAAA,EAAAC,MAAA,WAAAtH,GAAA,KAAAqH,KAAA,CAAA7D,SAAA;AAAA,SAAAmE,gBAAAC,QAAA,EAAAC,WAAA,UAAAD,QAAA,YAAAC,WAAA,eAAApE,SAAA;AAAA,SAAAqE,kBAAAC,MAAA,EAAAC,KAAA,aAAAlD,CAAA,MAAAA,CAAA,GAAAkD,KAAA,CAAAnD,MAAA,EAAAC,CAAA,UAAAmD,UAAA,GAAAD,KAAA,CAAAlD,CAAA,GAAAmD,UAAA,CAAAjJ,UAAA,GAAAiJ,UAAA,CAAAjJ,UAAA,WAAAiJ,UAAA,CAAAhJ,YAAA,wBAAAgJ,UAAA,EAAAA,UAAA,CAAA/I,QAAA,SAAAJ,MAAA,CAAAC,cAAA,CAAAgJ,MAAA,EAAAlJ,cAAA,CAAAoJ,UAAA,CAAAtJ,GAAA,GAAAsJ,UAAA;AAAA,SAAAC,aAAAL,WAAA,EAAAM,UAAA,EAAAC,WAAA,QAAAD,UAAA,EAAAL,iBAAA,CAAAD,WAAA,CAAApJ,SAAA,EAAA0J,UAAA,OAAAC,WAAA,EAAAN,iBAAA,CAAAD,WAAA,EAAAO,WAAA,GAAAtJ,MAAA,CAAAC,cAAA,CAAA8I,WAAA,iBAAA3I,QAAA,mBAAA2I,WAAA;AAAA,SAAAhJ,eAAAkC,GAAA,QAAApC,GAAA,GAAA0J,YAAA,CAAAtH,GAAA,oBAAA1C,OAAA,CAAAM,GAAA,iBAAAA,GAAA,GAAA2J,MAAA,CAAA3J,GAAA;AAAA,SAAA0J,aAAAE,KAAA,EAAAC,IAAA,QAAAnK,OAAA,CAAAkK,KAAA,kBAAAA,KAAA,kBAAAA,KAAA,MAAAE,IAAA,GAAAF,KAAA,CAAAjK,MAAA,CAAAoK,WAAA,OAAAD,IAAA,KAAAjF,SAAA,QAAAmF,GAAA,GAAAF,IAAA,CAAAxH,IAAA,CAAAsH,KAAA,EAAAC,IAAA,oBAAAnK,OAAA,CAAAsK,GAAA,uBAAAA,GAAA,YAAAlF,SAAA,4DAAA+E,IAAA,gBAAAF,MAAA,GAAAM,MAAA,EAAAL,KAAA;AAGA,IAAOM,QAAQ,GAAGC,kBAAM,CAAjBD,QAAQ;AAAU,IAEJE,QAAQ;EAAA,SAAAA,SAAA;IAAApB,eAAA,OAAAoB,QAAA;EAAA;EAAAb,YAAA,CAAAa,QAAA;IAAApK,GAAA;IAAAC,KAAA;MAAA,IAAAoK,WAAA,GAAAzB,iBAAA,eAAApI,mBAAA,GAAAiG,IAAA,CAC7B,SAAA6D,QAAwBC,IAAI;QAAA,IAAA/D,IAAA,EAAAgE,WAAA,EAAAC,QAAA,EAAAC,KAAA,EAAAC,QAAA,EAAA1K,KAAA;QAAA,OAAAO,mBAAA,GAAAc,IAAA,UAAAsJ,SAAAC,QAAA;UAAA,kBAAAA,QAAA,CAAAvD,IAAA,GAAAuD,QAAA,CAAA5F,IAAA;YAAA;cAEpBuB,IAAI,GAKL+D,IAAI,CALH/D,IAAI,EACJgE,WAAW,GAIZD,IAAI,CAJHC,WAAW,EACXC,QAAQ,GAGTF,IAAI,CAHHE,QAAQ,EACRC,KAAK,GAENH,IAAI,CAFHG,KAAK,EACLC,QAAQ,GACTJ,IAAI,CADHI,QAAQ;cAAAE,QAAA,CAAA5F,IAAA;cAAA,OAEQiF,QAAQ,CAACpI,MAAM,CAAC;gBAChCgJ,EAAE,EAAC,IAAAC,QAAM,GAAE;gBACXvE,IAAI,EAAJA,IAAI;gBACJgE,WAAW,EAAXA,WAAW;gBACXC,QAAQ,EAARA,QAAQ;gBACRC,KAAK,EAALA,KAAK;gBACLC,QAAQ,EAARA;cACJ,CAAC,CAAC;YAAA;cAPI1K,KAAK,GAAA4K,QAAA,CAAAtG,IAAA;cAAA,OAAAsG,QAAA,CAAAnG,MAAA,WAQJ;gBAACzE,KAAK,EAALA;cAAK,CAAC;YAAA;YAAA;cAAA,OAAA4K,QAAA,CAAApD,IAAA;UAAA;QAAA,GAAA6C,OAAA;MAAA,CACjB;MAAA,SAAAU,WAAAC,EAAA;QAAA,OAAAZ,WAAA,CAAAtB,KAAA,OAAAD,SAAA;MAAA;MAAA,OAAAkC,UAAA;IAAA;EAAA;IAAAhL,GAAA;IAAAC,KAAA;MAAA,IAAAiL,eAAA,GAAAtC,iBAAA,eAAApI,mBAAA,GAAAiG,IAAA,CAGD,SAAA0E,SAA4BC,WAAW,EAAEC,QAAQ,EAAEC,QAAQ;QAAA,IAAAC,MAAA;QAAA,IAAAC,OAAA;QAAA,OAAAhL,mBAAA,GAAAc,IAAA,UAAAmK,UAAAC,SAAA;UAAA,kBAAAA,SAAA,CAAApE,IAAA,GAAAoE,SAAA,CAAAzG,IAAA;YAAA;cACvD,IAAI,CAACoG,QAAQ,EAAE;gBACbA,QAAQ,GAAG,CAAC;cACd;cACA,IAAI,CAACC,QAAQ,IAAIA,QAAQ,GAAGD,QAAQ,EAAE;gBACpCC,QAAQ,GAAGK,QAAQ;cACrB;cACA,IAAI,CAACP,WAAW,EAAE;gBACdA,WAAW,GAAG,EAAE;cACpB;cAACM,SAAA,CAAAzG,IAAA;cAAA,OACqBiF,QAAQ,CAAC0B,OAAO,CAAC;gBACvCC,KAAK,GAAAN,MAAA,OAAAxL,eAAA,CAAAwL,MAAA,EACF7K,aAAE,CAACoL,EAAE,EAAG,CACP;kBAAEtF,IAAI,EAAAzG,eAAA,KAAKW,aAAE,CAACqL,KAAK,MAAAC,MAAA,CAAOZ,WAAW;gBAAM,CAAC,EAC5C;kBAAEZ,WAAW,EAAAzK,eAAA,KAAKW,aAAE,CAACqL,KAAK,MAAAC,MAAA,CAAOZ,WAAW;gBAAM,CAAC,EACnD;kBAAET,QAAQ,EAAA5K,eAAA,KAAKW,aAAE,CAACqL,KAAK,MAAAC,MAAA,CAAOZ,WAAW;gBAAM,CAAC,CACjD,GAAArL,eAAA,CAAAwL,MAAA,WAAAxL,eAAA,KACSW,aAAE,CAACuL,OAAO,EAAG,CAACZ,QAAQ,EAAEC,QAAQ,CAAC,IAAAC,MAAA;cAE7C,CAAC,CAAC;YAAA;cATIC,OAAO,GAAAE,SAAA,CAAAnH,IAAA;cAAA,OAAAmH,SAAA,CAAAhH,MAAA,WAWN8G,OAAO;YAAA;YAAA;cAAA,OAAAE,SAAA,CAAAjE,IAAA;UAAA;QAAA,GAAA0D,QAAA;MAAA,CACf;MAAA,SAAAe,eAAAC,GAAA,EAAAC,GAAA,EAAAC,GAAA;QAAA,OAAAnB,eAAA,CAAAnC,KAAA,OAAAD,SAAA;MAAA;MAAA,OAAAoD,cAAA;IAAA;EAAA;EAAA,OAAA9B,QAAA;AAAA;AAAA3J,OAAA,cAAA2J,QAAA"},"_coverageSchema":"1a1c01bbd47fc00a2c39e90264f33305004495a9","hash":"8fd046efaec3836fc7dacfe29cd6f92647645354","contentHash":"17631030c7c53ca2fb91be1550b214f559cc192befd6dbc08fe5477a2053b315"}}