{"E:\\andela\\New Andela\\Andela Team work\\resentEmail\\src\\server.js":{"path":"E:\\andela\\New Andela\\Andela Team work\\resentEmail\\src\\server.js","statementMap":{"0":{"start":{"line":3,"column":0},"end":{"line":5,"column":3}},"1":{"start":{"line":6,"column":0},"end":{"line":6,"column":28}},"2":{"start":{"line":7,"column":15},"end":{"line":7,"column":57}},"3":{"start":{"line":8,"column":12},"end":{"line":8,"column":51}},"4":{"start":{"line":9,"column":15},"end":{"line":9,"column":59}},"5":{"start":{"line":10,"column":39},"end":{"line":10,"column":95}},"6":{"start":{"line":11,"column":0},"end":{"line":11,"column":27}},"7":{"start":{"line":12,"column":10},"end":{"line":12,"column":36}},"8":{"start":{"line":13,"column":0},"end":{"line":13,"column":36}},"9":{"start":{"line":14,"column":0},"end":{"line":14,"column":33}},"10":{"start":{"line":15,"column":0},"end":{"line":15,"column":29}},"11":{"start":{"line":16,"column":11},"end":{"line":16,"column":35}},"12":{"start":{"line":17,"column":0},"end":{"line":19,"column":3}},"13":{"start":{"line":18,"column":2},"end":{"line":18,"column":48}},"14":{"start":{"line":20,"column":15},"end":{"line":20,"column":18}},"15":{"start":{"line":21,"column":0},"end":{"line":21,"column":30}}},"fnMap":{"0":{"name":"_interopRequireDefault","decl":{"start":{"line":10,"column":9},"end":{"line":10,"column":31}},"loc":{"start":{"line":10,"column":37},"end":{"line":10,"column":97}},"line":10},"1":{"name":"(anonymous_1)","decl":{"start":{"line":17,"column":17},"end":{"line":17,"column":18}},"loc":{"start":{"line":17,"column":29},"end":{"line":19,"column":1}},"line":17}},"branchMap":{"0":{"loc":{"start":{"line":10,"column":46},"end":{"line":10,"column":94}},"type":"cond-expr","locations":[{"start":{"line":10,"column":70},"end":{"line":10,"column":73}},{"start":{"line":10,"column":76},"end":{"line":10,"column":94}}],"line":10},"1":{"loc":{"start":{"line":10,"column":46},"end":{"line":10,"column":67}},"type":"binary-expr","locations":[{"start":{"line":10,"column":46},"end":{"line":10,"column":49}},{"start":{"line":10,"column":53},"end":{"line":10,"column":67}}],"line":10},"2":{"loc":{"start":{"line":16,"column":11},"end":{"line":16,"column":35}},"type":"binary-expr","locations":[{"start":{"line":16,"column":11},"end":{"line":16,"column":27}},{"start":{"line":16,"column":31},"end":{"line":16,"column":35}}],"line":16}},"s":{"0":1,"1":1,"2":1,"3":1,"4":1,"5":3,"6":1,"7":1,"8":1,"9":1,"10":1,"11":1,"12":1,"13":1,"14":1,"15":1},"f":{"0":3,"1":1},"b":{"0":[1,2],"1":[3,3],"2":[1,0]},"inputSourceMap":{"version":3,"names":["_express","_interopRequireDefault","require","_cors","_routers","obj","__esModule","config","app","express","use","json","cors","routers","port","process","env","PORT","listen","console","log","concat","_default","exports"],"sourceRoot":"E:\\andela\\New Andela\\Andela Team work\\resentEmail\\src\\","sources":["server.js"],"sourcesContent":["import express from \"express\";\nimport cors from \"cors\";\nimport routers from \"./routers\";\n\nrequire('dotenv').config();\n\nconst app = express();\napp.use(express.json());\napp.use(cors());\napp.use(routers);\n\nconst port =process.env.PORT || 5000;\napp.listen(port, ()=> {\n    console.log(`http://localhost:${port}`)\n});\n\nexport default app;"],"mappings":";;;;;;AAAA,IAAAA,QAAA,GAAAC,sBAAA,CAAAC,OAAA;AACA,IAAAC,KAAA,GAAAF,sBAAA,CAAAC,OAAA;AACA,IAAAE,QAAA,GAAAH,sBAAA,CAAAC,OAAA;AAAgC,SAAAD,uBAAAI,GAAA,WAAAA,GAAA,IAAAA,GAAA,CAAAC,UAAA,GAAAD,GAAA,gBAAAA,GAAA;AAEhCH,OAAO,CAAC,QAAQ,CAAC,CAACK,MAAM,EAAE;AAE1B,IAAMC,GAAG,GAAG,IAAAC,mBAAO,GAAE;AACrBD,GAAG,CAACE,GAAG,CAACD,mBAAO,CAACE,IAAI,EAAE,CAAC;AACvBH,GAAG,CAACE,GAAG,CAAC,IAAAE,gBAAI,GAAE,CAAC;AACfJ,GAAG,CAACE,GAAG,CAACG,mBAAO,CAAC;AAEhB,IAAMC,IAAI,GAAEC,OAAO,CAACC,GAAG,CAACC,IAAI,IAAI,IAAI;AACpCT,GAAG,CAACU,MAAM,CAACJ,IAAI,EAAE,YAAK;EAClBK,OAAO,CAACC,GAAG,qBAAAC,MAAA,CAAqBP,IAAI,EAAG;AAC3C,CAAC,CAAC;AAAC,IAAAQ,QAAA,GAEYd,GAAG;AAAAe,OAAA,cAAAD,QAAA"},"_coverageSchema":"1a1c01bbd47fc00a2c39e90264f33305004495a9","hash":"2822497d07ad06f13fd8e08ec6f82bdfab164241","contentHash":"7e0e740c96f0bd978d4c24b35c977b3079ded808593d45017cb36661b945a096"},"E:\\andela\\New Andela\\Andela Team work\\resentEmail\\src\\routers\\index.js":{"path":"E:\\andela\\New Andela\\Andela Team work\\resentEmail\\src\\routers\\index.js","statementMap":{"0":{"start":{"line":3,"column":0},"end":{"line":5,"column":3}},"1":{"start":{"line":6,"column":0},"end":{"line":6,"column":28}},"2":{"start":{"line":7,"column":15},"end":{"line":7,"column":33}},"3":{"start":{"line":8,"column":12},"end":{"line":8,"column":61}},"4":{"start":{"line":9,"column":39},"end":{"line":9,"column":95}},"5":{"start":{"line":10,"column":13},"end":{"line":10,"column":35}},"6":{"start":{"line":11,"column":0},"end":{"line":11,"column":38}},"7":{"start":{"line":12,"column":15},"end":{"line":12,"column":21}},"8":{"start":{"line":13,"column":0},"end":{"line":13,"column":30}}},"fnMap":{"0":{"name":"_interopRequireDefault","decl":{"start":{"line":9,"column":9},"end":{"line":9,"column":31}},"loc":{"start":{"line":9,"column":37},"end":{"line":9,"column":97}},"line":9}},"branchMap":{"0":{"loc":{"start":{"line":9,"column":46},"end":{"line":9,"column":94}},"type":"cond-expr","locations":[{"start":{"line":9,"column":70},"end":{"line":9,"column":73}},{"start":{"line":9,"column":76},"end":{"line":9,"column":94}}],"line":9},"1":{"loc":{"start":{"line":9,"column":46},"end":{"line":9,"column":67}},"type":"binary-expr","locations":[{"start":{"line":9,"column":46},"end":{"line":9,"column":49}},{"start":{"line":9,"column":53},"end":{"line":9,"column":67}}],"line":9}},"s":{"0":1,"1":1,"2":1,"3":1,"4":1,"5":1,"6":1,"7":1,"8":1},"f":{"0":1},"b":{"0":[1,0],"1":[1,1]},"inputSourceMap":{"version":3,"names":["_express","require","_auth","_interopRequireDefault","obj","__esModule","router","Router","use","authRouter","_default","exports"],"sourceRoot":"E:\\andela\\New Andela\\Andela Team work\\resentEmail\\src\\routers\\","sources":["index.js"],"sourcesContent":["import {Router} from\"express\";\nimport authRouter from\"./auth.routers\";\nconst router =Router();\n\nrouter.use(\"/auth\",authRouter);\nexport default router"],"mappings":";;;;;;AAAA,IAAAA,QAAA,GAAAC,OAAA;AACA,IAAAC,KAAA,GAAAC,sBAAA,CAAAF,OAAA;AAAuC,SAAAE,uBAAAC,GAAA,WAAAA,GAAA,IAAAA,GAAA,CAAAC,UAAA,GAAAD,GAAA,gBAAAA,GAAA;AACvC,IAAME,MAAM,GAAE,IAAAC,eAAM,GAAE;AAEtBD,MAAM,CAACE,GAAG,CAAC,OAAO,EAACC,gBAAU,CAAC;AAAC,IAAAC,QAAA,GAChBJ,MAAM;AAAAK,OAAA,cAAAD,QAAA"},"_coverageSchema":"1a1c01bbd47fc00a2c39e90264f33305004495a9","hash":"f8af828b6807996a07a551e0e32b9bd1b72de5f0","contentHash":"0745aced4f2cdfdc275a55cea81eb74038bda015b7d5e7c55b1057dd6faadc94"},"E:\\andela\\New Andela\\Andela Team work\\resentEmail\\src\\routers\\auth.routers.js":{"path":"E:\\andela\\New Andela\\Andela Team work\\resentEmail\\src\\routers\\auth.routers.js","statementMap":{"0":{"start":{"line":3,"column":0},"end":{"line":5,"column":3}},"1":{"start":{"line":6,"column":0},"end":{"line":6,"column":28}},"2":{"start":{"line":7,"column":15},"end":{"line":7,"column":33}},"3":{"start":{"line":8,"column":22},"end":{"line":8,"column":85}},"4":{"start":{"line":9,"column":17},"end":{"line":9,"column":76}},"5":{"start":{"line":10,"column":39},"end":{"line":10,"column":95}},"6":{"start":{"line":11,"column":13},"end":{"line":11,"column":35}},"7":{"start":{"line":12,"column":0},"end":{"line":12,"column":79}},"8":{"start":{"line":13,"column":0},"end":{"line":13,"column":60}},"9":{"start":{"line":14,"column":0},"end":{"line":14,"column":97}},"10":{"start":{"line":15,"column":0},"end":{"line":15,"column":79}},"11":{"start":{"line":16,"column":15},"end":{"line":16,"column":21}},"12":{"start":{"line":17,"column":0},"end":{"line":17,"column":30}}},"fnMap":{"0":{"name":"_interopRequireDefault","decl":{"start":{"line":10,"column":9},"end":{"line":10,"column":31}},"loc":{"start":{"line":10,"column":37},"end":{"line":10,"column":97}},"line":10}},"branchMap":{"0":{"loc":{"start":{"line":10,"column":46},"end":{"line":10,"column":94}},"type":"cond-expr","locations":[{"start":{"line":10,"column":70},"end":{"line":10,"column":73}},{"start":{"line":10,"column":76},"end":{"line":10,"column":94}}],"line":10},"1":{"loc":{"start":{"line":10,"column":46},"end":{"line":10,"column":67}},"type":"binary-expr","locations":[{"start":{"line":10,"column":46},"end":{"line":10,"column":49}},{"start":{"line":10,"column":53},"end":{"line":10,"column":67}}],"line":10}},"s":{"0":1,"1":1,"2":1,"3":1,"4":1,"5":2,"6":1,"7":1,"8":1,"9":1,"10":1,"11":1,"12":1},"f":{"0":2},"b":{"0":[2,0],"1":[2,2]},"inputSourceMap":{"version":3,"names":["_express","require","_authController","_interopRequireDefault","_checkUser","obj","__esModule","router","Router","post","checkUser","authController","Login","signup","put","forgotPassword","resetPassword","_default","exports"],"sourceRoot":"E:\\andela\\New Andela\\Andela Team work\\resentEmail\\src\\routers\\","sources":["auth.routers.js"],"sourcesContent":["import { Router } from \"express\";\nimport authController from\"../controller/authController\";\nimport checkUser from \"../middelwares/checkUser\";\n\nconst router = Router();\n\nrouter.post(\"/login\",checkUser,authController.Login);\nrouter.post(\"/register\",authController.signup);\nrouter.put('/forgot-password',checkUser, authController.forgotPassword);\nrouter.put('/reset-password/:token',authController.resetPassword);\nexport default router"],"mappings":";;;;;;AAAA,IAAAA,QAAA,GAAAC,OAAA;AACA,IAAAC,eAAA,GAAAC,sBAAA,CAAAF,OAAA;AACA,IAAAG,UAAA,GAAAD,sBAAA,CAAAF,OAAA;AAAiD,SAAAE,uBAAAE,GAAA,WAAAA,GAAA,IAAAA,GAAA,CAAAC,UAAA,GAAAD,GAAA,gBAAAA,GAAA;AAEjD,IAAME,MAAM,GAAG,IAAAC,eAAM,GAAE;AAEvBD,MAAM,CAACE,IAAI,CAAC,QAAQ,EAACC,qBAAS,EAACC,0BAAc,CAACC,KAAK,CAAC;AACpDL,MAAM,CAACE,IAAI,CAAC,WAAW,EAACE,0BAAc,CAACE,MAAM,CAAC;AAC9CN,MAAM,CAACO,GAAG,CAAC,kBAAkB,EAACJ,qBAAS,EAAEC,0BAAc,CAACI,cAAc,CAAC;AACvER,MAAM,CAACO,GAAG,CAAC,wBAAwB,EAACH,0BAAc,CAACK,aAAa,CAAC;AAAC,IAAAC,QAAA,GACnDV,MAAM;AAAAW,OAAA,cAAAD,QAAA"},"_coverageSchema":"1a1c01bbd47fc00a2c39e90264f33305004495a9","hash":"e9c0edf8177eceac9a564671a8828c43e863c26d","contentHash":"0bad8d46f8a7efce208d23e4ae480a540654ea2775c291656c0e5a2a0ead201e"},"E:\\andela\\New Andela\\Andela Team work\\resentEmail\\src\\controller\\authController.js":{"path":"E:\\andela\\New Andela\\Andela Team work\\resentEmail\\src\\controller\\authController.js","statementMap":{"0":{"start":{"line":3,"column":0},"end":{"line":5,"column":3}},"1":{"start":{"line":6,"column":0},"end":{"line":6,"column":28}},"2":{"start":{"line":7,"column":14},"end":{"line":7,"column":61}},"3":{"start":{"line":8,"column":14},"end":{"line":8,"column":55}},"4":{"start":{"line":9,"column":12},"end":{"line":9,"column":27}},"5":{"start":{"line":10,"column":19},"end":{"line":10,"column":51}},"6":{"start":{"line":11,"column":18},"end":{"line":11,"column":63}},"7":{"start":{"line":12,"column":12},"end":{"line":12,"column":61}},"8":{"start":{"line":13,"column":20},"end":{"line":13,"column":67}},"9":{"start":{"line":14,"column":39},"end":{"line":14,"column":95}},"10":{"start":{"line":15,"column":51},"end":{"line":15,"column":334}},"11":{"start":{"line":15,"column":153},"end":{"line":15,"column":171}},"12":{"start":{"line":15,"column":193},"end":{"line":15,"column":317}},"13":{"start":{"line":16,"column":196},"end":{"line":16,"column":269}},"14":{"start":{"line":16,"column":251},"end":{"line":16,"column":266}},"15":{"start":{"line":16,"column":284},"end":{"line":16,"column":286}},"16":{"start":{"line":16,"column":293},"end":{"line":16,"column":309}},"17":{"start":{"line":16,"column":320},"end":{"line":16,"column":337}},"18":{"start":{"line":16,"column":356},"end":{"line":16,"column":433}},"19":{"start":{"line":16,"column":409},"end":{"line":16,"column":431}},"20":{"start":{"line":16,"column":445},"end":{"line":16,"column":486}},"21":{"start":{"line":16,"column":505},"end":{"line":16,"column":537}},"22":{"start":{"line":16,"column":561},"end":{"line":16,"column":603}},"23":{"start":{"line":16,"column":625},"end":{"line":16,"column":663}},"24":{"start":{"line":16,"column":700},"end":{"line":16,"column":815}},"25":{"start":{"line":16,"column":818},"end":{"line":16,"column":929}},"26":{"start":{"line":16,"column":824},"end":{"line":16,"column":839}},"27":{"start":{"line":16,"column":856},"end":{"line":16,"column":927}},"28":{"start":{"line":16,"column":900},"end":{"line":16,"column":924}},"29":{"start":{"line":16,"column":1004},"end":{"line":16,"column":1075}},"30":{"start":{"line":16,"column":1089},"end":{"line":16,"column":1128}},"31":{"start":{"line":16,"column":1140},"end":{"line":16,"column":1170}},"32":{"start":{"line":16,"column":1172},"end":{"line":16,"column":1280}},"33":{"start":{"line":16,"column":1317},"end":{"line":16,"column":1427}},"34":{"start":{"line":16,"column":1323},"end":{"line":16,"column":1373}},"35":{"start":{"line":16,"column":1390},"end":{"line":16,"column":1425}},"36":{"start":{"line":16,"column":1430},"end":{"line":16,"column":1450}},"37":{"start":{"line":16,"column":1474},"end":{"line":16,"column":1476}},"38":{"start":{"line":16,"column":1599},"end":{"line":16,"column":1601}},"39":{"start":{"line":16,"column":1603},"end":{"line":16,"column":1675}},"40":{"start":{"line":16,"column":1659},"end":{"line":16,"column":1671}},"41":{"start":{"line":16,"column":1691},"end":{"line":16,"column":1712}},"42":{"start":{"line":16,"column":1740},"end":{"line":16,"column":1782}},"43":{"start":{"line":16,"column":1784},"end":{"line":16,"column":1947}},"44":{"start":{"line":16,"column":1957},"end":{"line":16,"column":2050}},"45":{"start":{"line":16,"column":2096},"end":{"line":16,"column":2236}},"46":{"start":{"line":16,"column":2152},"end":{"line":16,"column":2232}},"47":{"start":{"line":16,"column":2195},"end":{"line":16,"column":2228}},"48":{"start":{"line":16,"column":2349},"end":{"line":16,"column":2392}},"49":{"start":{"line":16,"column":2394},"end":{"line":16,"column":2886}},"50":{"start":{"line":16,"column":2438},"end":{"line":16,"column":2448}},"51":{"start":{"line":16,"column":2458},"end":{"line":16,"column":2470}},"52":{"start":{"line":16,"column":2472},"end":{"line":16,"column":2884}},"53":{"start":{"line":16,"column":2609},"end":{"line":16,"column":2648}},"54":{"start":{"line":16,"column":2669},"end":{"line":16,"column":2707}},"55":{"start":{"line":16,"column":2768},"end":{"line":16,"column":2810}},"56":{"start":{"line":16,"column":2833},"end":{"line":16,"column":2880}},"57":{"start":{"line":16,"column":2887},"end":{"line":16,"column":2906}},"58":{"start":{"line":16,"column":2930},"end":{"line":16,"column":3294}},"59":{"start":{"line":16,"column":3041},"end":{"line":16,"column":3134}},"60":{"start":{"line":16,"column":3093},"end":{"line":16,"column":3130}},"61":{"start":{"line":16,"column":3137},"end":{"line":16,"column":3288}},"62":{"start":{"line":16,"column":3361},"end":{"line":16,"column":3377}},"63":{"start":{"line":16,"column":3379},"end":{"line":16,"column":4499}},"64":{"start":{"line":16,"column":3411},"end":{"line":16,"column":3486}},"65":{"start":{"line":16,"column":3438},"end":{"line":16,"column":3486}},"66":{"start":{"line":16,"column":3487},"end":{"line":16,"column":3573}},"67":{"start":{"line":16,"column":3516},"end":{"line":16,"column":3550}},"68":{"start":{"line":16,"column":3540},"end":{"line":16,"column":3550}},"69":{"start":{"line":16,"column":3551},"end":{"line":16,"column":3571}},"70":{"start":{"line":16,"column":3574},"end":{"line":16,"column":4496}},"71":{"start":{"line":16,"column":3642},"end":{"line":16,"column":3658}},"72":{"start":{"line":16,"column":3660},"end":{"line":16,"column":3836}},"73":{"start":{"line":16,"column":3697},"end":{"line":16,"column":3735}},"74":{"start":{"line":16,"column":3737},"end":{"line":16,"column":3834}},"75":{"start":{"line":16,"column":3759},"end":{"line":16,"column":3809}},"76":{"start":{"line":16,"column":3800},"end":{"line":16,"column":3809}},"77":{"start":{"line":16,"column":3810},"end":{"line":16,"column":3832}},"78":{"start":{"line":16,"column":3837},"end":{"line":16,"column":4138}},"79":{"start":{"line":16,"column":3868},"end":{"line":16,"column":3911}},"80":{"start":{"line":16,"column":3916},"end":{"line":16,"column":4138}},"81":{"start":{"line":16,"column":3950},"end":{"line":16,"column":4021}},"82":{"start":{"line":16,"column":3982},"end":{"line":16,"column":4021}},"83":{"start":{"line":16,"column":4022},"end":{"line":16,"column":4061}},"84":{"start":{"line":16,"column":4069},"end":{"line":16,"column":4138}},"85":{"start":{"line":16,"column":4139},"end":{"line":16,"column":4159}},"86":{"start":{"line":16,"column":4173},"end":{"line":16,"column":4205}},"87":{"start":{"line":16,"column":4207},"end":{"line":16,"column":4392}},"88":{"start":{"line":16,"column":4239},"end":{"line":16,"column":4340}},"89":{"start":{"line":16,"column":4331},"end":{"line":16,"column":4340}},"90":{"start":{"line":16,"column":4341},"end":{"line":16,"column":4390}},"91":{"start":{"line":16,"column":4393},"end":{"line":16,"column":4494}},"92":{"start":{"line":16,"column":4569},"end":{"line":16,"column":4583}},"93":{"start":{"line":16,"column":4594},"end":{"line":16,"column":4623}},"94":{"start":{"line":16,"column":4625},"end":{"line":16,"column":5028}},"95":{"start":{"line":16,"column":4651},"end":{"line":16,"column":5028}},"96":{"start":{"line":16,"column":5042},"end":{"line":16,"column":5090}},"97":{"start":{"line":16,"column":5092},"end":{"line":16,"column":5222}},"98":{"start":{"line":16,"column":5121},"end":{"line":16,"column":5222}},"99":{"start":{"line":16,"column":5234},"end":{"line":16,"column":5244}},"100":{"start":{"line":16,"column":5246},"end":{"line":16,"column":5619}},"101":{"start":{"line":16,"column":5664},"end":{"line":16,"column":5683}},"102":{"start":{"line":16,"column":5685},"end":{"line":16,"column":5823}},"103":{"start":{"line":16,"column":5871},"end":{"line":16,"column":5893}},"104":{"start":{"line":16,"column":5895},"end":{"line":16,"column":5964}},"105":{"start":{"line":16,"column":5999},"end":{"line":16,"column":6095}},"106":{"start":{"line":16,"column":6126},"end":{"line":16,"column":6572}},"107":{"start":{"line":16,"column":6163},"end":{"line":16,"column":6187}},"108":{"start":{"line":16,"column":6189},"end":{"line":16,"column":6246}},"109":{"start":{"line":16,"column":6209},"end":{"line":16,"column":6246}},"110":{"start":{"line":16,"column":6247},"end":{"line":16,"column":6303}},"111":{"start":{"line":16,"column":6287},"end":{"line":16,"column":6303}},"112":{"start":{"line":16,"column":6304},"end":{"line":16,"column":6570}},"113":{"start":{"line":16,"column":6343},"end":{"line":16,"column":6345}},"114":{"start":{"line":16,"column":6354},"end":{"line":16,"column":6542}},"115":{"start":{"line":16,"column":6372},"end":{"line":16,"column":6487}},"116":{"start":{"line":16,"column":6403},"end":{"line":16,"column":6487}},"117":{"start":{"line":16,"column":6433},"end":{"line":16,"column":6487}},"118":{"start":{"line":16,"column":6488},"end":{"line":16,"column":6540}},"119":{"start":{"line":16,"column":6544},"end":{"line":16,"column":6568}},"120":{"start":{"line":16,"column":6573},"end":{"line":16,"column":6601}},"121":{"start":{"line":16,"column":6628},"end":{"line":16,"column":6666}},"122":{"start":{"line":16,"column":6669},"end":{"line":16,"column":12094}},"123":{"start":{"line":16,"column":7102},"end":{"line":16,"column":7151}},"124":{"start":{"line":16,"column":7153},"end":{"line":16,"column":7258}},"125":{"start":{"line":16,"column":7297},"end":{"line":16,"column":7538}},"126":{"start":{"line":16,"column":7575},"end":{"line":16,"column":7599}},"127":{"start":{"line":16,"column":7718},"end":{"line":16,"column":7730}},"128":{"start":{"line":16,"column":7852},"end":{"line":16,"column":7902}},"129":{"start":{"line":16,"column":7914},"end":{"line":16,"column":7987}},"130":{"start":{"line":16,"column":7989},"end":{"line":16,"column":8131}},"131":{"start":{"line":16,"column":8079},"end":{"line":16,"column":8127}},"132":{"start":{"line":16,"column":8247},"end":{"line":16,"column":8259}},"133":{"start":{"line":16,"column":8301},"end":{"line":16,"column":8329}},"134":{"start":{"line":16,"column":8379},"end":{"line":16,"column":8390}},"135":{"start":{"line":16,"column":8399},"end":{"line":16,"column":8401}},"136":{"start":{"line":16,"column":8403},"end":{"line":16,"column":8442}},"137":{"start":{"line":16,"column":8427},"end":{"line":16,"column":8442}},"138":{"start":{"line":16,"column":8443},"end":{"line":16,"column":8628}},"139":{"start":{"line":16,"column":8484},"end":{"line":16,"column":8596}},"140":{"start":{"line":16,"column":8517},"end":{"line":16,"column":8527}},"141":{"start":{"line":16,"column":8529},"end":{"line":16,"column":8594}},"142":{"start":{"line":16,"column":8548},"end":{"line":16,"column":8594}},"143":{"start":{"line":16,"column":8597},"end":{"line":16,"column":8625}},"144":{"start":{"line":16,"column":8740},"end":{"line":16,"column":9075}},"145":{"start":{"line":16,"column":8948},"end":{"line":16,"column":9075}},"146":{"start":{"line":16,"column":8971},"end":{"line":16,"column":9075}},"147":{"start":{"line":16,"column":9103},"end":{"line":16,"column":9118}},"148":{"start":{"line":16,"column":9136},"end":{"line":16,"column":9165}},"149":{"start":{"line":16,"column":9167},"end":{"line":16,"column":9221}},"150":{"start":{"line":16,"column":9200},"end":{"line":16,"column":9221}},"151":{"start":{"line":16,"column":9222},"end":{"line":16,"column":9239}},"152":{"start":{"line":16,"column":9302},"end":{"line":16,"column":9333}},"153":{"start":{"line":16,"column":9317},"end":{"line":16,"column":9333}},"154":{"start":{"line":16,"column":9348},"end":{"line":16,"column":9352}},"155":{"start":{"line":16,"column":9385},"end":{"line":16,"column":9530}},"156":{"start":{"line":16,"column":9533},"end":{"line":16,"column":10237}},"157":{"start":{"line":16,"column":9546},"end":{"line":16,"column":9572}},"158":{"start":{"line":16,"column":9601},"end":{"line":16,"column":9619}},"159":{"start":{"line":16,"column":9630},"end":{"line":16,"column":9646}},"160":{"start":{"line":16,"column":9648},"end":{"line":16,"column":9698}},"161":{"start":{"line":16,"column":9677},"end":{"line":16,"column":9698}},"162":{"start":{"line":16,"column":9699},"end":{"line":16,"column":10235}},"163":{"start":{"line":16,"column":9747},"end":{"line":16,"column":9777}},"164":{"start":{"line":16,"column":9792},"end":{"line":16,"column":9824}},"165":{"start":{"line":16,"column":9826},"end":{"line":16,"column":10233}},"166":{"start":{"line":16,"column":9856},"end":{"line":16,"column":9922}},"167":{"start":{"line":16,"column":9888},"end":{"line":16,"column":9922}},"168":{"start":{"line":16,"column":9923},"end":{"line":16,"column":9989}},"169":{"start":{"line":16,"column":9957},"end":{"line":16,"column":9989}},"170":{"start":{"line":16,"column":9997},"end":{"line":16,"column":10233}},"171":{"start":{"line":16,"column":10013},"end":{"line":16,"column":10079}},"172":{"start":{"line":16,"column":10045},"end":{"line":16,"column":10079}},"173":{"start":{"line":16,"column":10089},"end":{"line":16,"column":10164}},"174":{"start":{"line":16,"column":10106},"end":{"line":16,"column":10164}},"175":{"start":{"line":16,"column":10165},"end":{"line":16,"column":10231}},"176":{"start":{"line":16,"column":10199},"end":{"line":16,"column":10231}},"177":{"start":{"line":16,"column":10278},"end":{"line":16,"column":10503}},"178":{"start":{"line":16,"column":10291},"end":{"line":16,"column":10317}},"179":{"start":{"line":16,"column":10346},"end":{"line":16,"column":10364}},"180":{"start":{"line":16,"column":10366},"end":{"line":16,"column":10501}},"181":{"start":{"line":16,"column":10486},"end":{"line":16,"column":10491}},"182":{"start":{"line":16,"column":10493},"end":{"line":16,"column":10499}},"183":{"start":{"line":16,"column":10504},"end":{"line":16,"column":10651}},"184":{"start":{"line":16,"column":10665},"end":{"line":16,"column":10708}},"185":{"start":{"line":16,"column":10710},"end":{"line":16,"column":10872}},"186":{"start":{"line":16,"column":10924},"end":{"line":16,"column":10970}},"187":{"start":{"line":16,"column":10953},"end":{"line":16,"column":10970}},"188":{"start":{"line":16,"column":10971},"end":{"line":16,"column":11248}},"189":{"start":{"line":16,"column":11290},"end":{"line":16,"column":11512}},"190":{"start":{"line":16,"column":11303},"end":{"line":16,"column":11329}},"191":{"start":{"line":16,"column":11358},"end":{"line":16,"column":11376}},"192":{"start":{"line":16,"column":11378},"end":{"line":16,"column":11510}},"193":{"start":{"line":16,"column":11415},"end":{"line":16,"column":11510}},"194":{"start":{"line":16,"column":11551},"end":{"line":16,"column":11799}},"195":{"start":{"line":16,"column":11564},"end":{"line":16,"column":11590}},"196":{"start":{"line":16,"column":11619},"end":{"line":16,"column":11637}},"197":{"start":{"line":16,"column":11639},"end":{"line":16,"column":11797}},"198":{"start":{"line":16,"column":11683},"end":{"line":16,"column":11699}},"199":{"start":{"line":16,"column":11701},"end":{"line":16,"column":11780}},"200":{"start":{"line":16,"column":11745},"end":{"line":16,"column":11755}},"201":{"start":{"line":16,"column":11757},"end":{"line":16,"column":11778}},"202":{"start":{"line":16,"column":11781},"end":{"line":16,"column":11795}},"203":{"start":{"line":16,"column":11800},"end":{"line":16,"column":11841}},"204":{"start":{"line":16,"column":11916},"end":{"line":16,"column":12080}},"205":{"start":{"line":17,"column":77},"end":{"line":17,"column":175}},"206":{"start":{"line":17,"column":94},"end":{"line":17,"column":107}},"207":{"start":{"line":17,"column":121},"end":{"line":17,"column":131}},"208":{"start":{"line":17,"column":151},"end":{"line":17,"column":165}},"209":{"start":{"line":17,"column":166},"end":{"line":17,"column":173}},"210":{"start":{"line":17,"column":176},"end":{"line":17,"column":263}},"211":{"start":{"line":17,"column":193},"end":{"line":17,"column":208}},"212":{"start":{"line":17,"column":218},"end":{"line":17,"column":261}},"213":{"start":{"line":18,"column":33},"end":{"line":18,"column":387}},"214":{"start":{"line":18,"column":65},"end":{"line":18,"column":69}},"215":{"start":{"line":18,"column":78},"end":{"line":18,"column":87}},"216":{"start":{"line":18,"column":89},"end":{"line":18,"column":384}},"217":{"start":{"line":18,"column":147},"end":{"line":18,"column":167}},"218":{"start":{"line":18,"column":193},"end":{"line":18,"column":264}},"219":{"start":{"line":18,"column":290},"end":{"line":18,"column":360}},"220":{"start":{"line":18,"column":363},"end":{"line":18,"column":380}},"221":{"start":{"line":19,"column":50},"end":{"line":19,"column":151}},"222":{"start":{"line":19,"column":92},"end":{"line":19,"column":149}},"223":{"start":{"line":20,"column":44},"end":{"line":20,"column":331}},"224":{"start":{"line":20,"column":57},"end":{"line":20,"column":58}},"225":{"start":{"line":20,"column":102},"end":{"line":20,"column":110}},"226":{"start":{"line":20,"column":112},"end":{"line":20,"column":167}},"227":{"start":{"line":20,"column":168},"end":{"line":20,"column":199}},"228":{"start":{"line":20,"column":200},"end":{"line":20,"column":254}},"229":{"start":{"line":20,"column":227},"end":{"line":20,"column":254}},"230":{"start":{"line":20,"column":255},"end":{"line":20,"column":329}},"231":{"start":{"line":21,"column":62},"end":{"line":21,"column":131}},"232":{"start":{"line":21,"column":78},"end":{"line":21,"column":131}},"233":{"start":{"line":21,"column":132},"end":{"line":21,"column":193}},"234":{"start":{"line":21,"column":149},"end":{"line":21,"column":193}},"235":{"start":{"line":21,"column":194},"end":{"line":21,"column":263}},"236":{"start":{"line":21,"column":264},"end":{"line":21,"column":283}},"237":{"start":{"line":22,"column":41},"end":{"line":22,"column":68}},"238":{"start":{"line":22,"column":70},"end":{"line":22,"column":123}},"239":{"start":{"line":23,"column":37},"end":{"line":23,"column":101}},"240":{"start":{"line":23,"column":88},"end":{"line":23,"column":101}},"241":{"start":{"line":23,"column":113},"end":{"line":23,"column":138}},"242":{"start":{"line":23,"column":140},"end":{"line":23,"column":326}},"243":{"start":{"line":23,"column":176},"end":{"line":23,"column":211}},"244":{"start":{"line":23,"column":213},"end":{"line":23,"column":255}},"245":{"start":{"line":23,"column":244},"end":{"line":23,"column":255}},"246":{"start":{"line":23,"column":256},"end":{"line":23,"column":324}},"247":{"start":{"line":23,"column":327},"end":{"line":23,"column":379}},"248":{"start":{"line":24,"column":12},"end":{"line":24,"column":36}},"249":{"start":{"line":25,"column":0},"end":{"line":25,"column":57}},"250":{"start":{"line":26,"column":34},"end":{"line":373,"column":3}},"251":{"start":{"line":28,"column":4},"end":{"line":28,"column":42}},"252":{"start":{"line":30,"column":2},"end":{"line":371,"column":6}},"253":{"start":{"line":33,"column":20},"end":{"line":92,"column":9}},"254":{"start":{"line":35,"column":8},"end":{"line":91,"column":37}},"255":{"start":{"line":36,"column":10},"end":{"line":90,"column":11}},"256":{"start":{"line":36,"column":20},"end":{"line":90,"column":11}},"257":{"start":{"line":38,"column":14},"end":{"line":38,"column":32}},"258":{"start":{"line":39,"column":14},"end":{"line":39,"column":122}},"259":{"start":{"line":40,"column":14},"end":{"line":40,"column":39}},"260":{"start":{"line":41,"column":14},"end":{"line":41,"column":32}},"261":{"start":{"line":42,"column":14},"end":{"line":42,"column":63}},"262":{"start":{"line":44,"column":14},"end":{"line":44,"column":35}},"263":{"start":{"line":45,"column":14},"end":{"line":45,"column":32}},"264":{"start":{"line":46,"column":14},"end":{"line":50,"column":17}},"265":{"start":{"line":52,"column":14},"end":{"line":52,"column":40}},"266":{"start":{"line":53,"column":14},"end":{"line":56,"column":15}},"267":{"start":{"line":54,"column":16},"end":{"line":54,"column":35}},"268":{"start":{"line":55,"column":16},"end":{"line":55,"column":22}},"269":{"start":{"line":57,"column":14},"end":{"line":60,"column":18}},"270":{"start":{"line":62,"column":14},"end":{"line":62,"column":33}},"271":{"start":{"line":63,"column":14},"end":{"line":69,"column":17}},"272":{"start":{"line":71,"column":14},"end":{"line":71,"column":41}},"273":{"start":{"line":72,"column":14},"end":{"line":76,"column":17}},"274":{"start":{"line":78,"column":14},"end":{"line":78,"column":33}},"275":{"start":{"line":79,"column":14},"end":{"line":79,"column":20}},"276":{"start":{"line":81,"column":14},"end":{"line":81,"column":33}},"277":{"start":{"line":82,"column":14},"end":{"line":82,"column":49}},"278":{"start":{"line":83,"column":14},"end":{"line":86,"column":17}},"279":{"start":{"line":89,"column":14},"end":{"line":89,"column":37}},"280":{"start":{"line":94,"column":8},"end":{"line":94,"column":46}},"281":{"start":{"line":96,"column":6},"end":{"line":96,"column":20}},"282":{"start":{"line":101,"column":19},"end":{"line":196,"column":9}},"283":{"start":{"line":103,"column":8},"end":{"line":195,"column":38}},"284":{"start":{"line":104,"column":10},"end":{"line":194,"column":11}},"285":{"start":{"line":104,"column":20},"end":{"line":194,"column":11}},"286":{"start":{"line":106,"column":14},"end":{"line":106,"column":33}},"287":{"start":{"line":107,"column":14},"end":{"line":107,"column":94}},"288":{"start":{"line":108,"column":14},"end":{"line":108,"column":33}},"289":{"start":{"line":109,"column":14},"end":{"line":113,"column":17}},"290":{"start":{"line":115,"column":14},"end":{"line":115,"column":40}},"291":{"start":{"line":116,"column":14},"end":{"line":119,"column":15}},"292":{"start":{"line":117,"column":16},"end":{"line":117,"column":35}},"293":{"start":{"line":118,"column":16},"end":{"line":118,"column":22}},"294":{"start":{"line":120,"column":14},"end":{"line":123,"column":17}},"295":{"start":{"line":124,"column":14},"end":{"line":124,"column":34}},"296":{"start":{"line":125,"column":14},"end":{"line":125,"column":20}},"297":{"start":{"line":127,"column":14},"end":{"line":127,"column":39}},"298":{"start":{"line":128,"column":14},"end":{"line":128,"column":45}},"299":{"start":{"line":129,"column":14},"end":{"line":129,"column":37}},"300":{"start":{"line":130,"column":14},"end":{"line":130,"column":57}},"301":{"start":{"line":131,"column":14},"end":{"line":131,"column":34}},"302":{"start":{"line":132,"column":14},"end":{"line":132,"column":70}},"303":{"start":{"line":134,"column":14},"end":{"line":134,"column":49}},"304":{"start":{"line":135,"column":14},"end":{"line":135,"column":54}},"305":{"start":{"line":136,"column":14},"end":{"line":139,"column":15}},"306":{"start":{"line":137,"column":16},"end":{"line":137,"column":36}},"307":{"start":{"line":138,"column":16},"end":{"line":138,"column":22}},"308":{"start":{"line":140,"column":14},"end":{"line":143,"column":15}},"309":{"start":{"line":141,"column":16},"end":{"line":141,"column":36}},"310":{"start":{"line":142,"column":16},"end":{"line":142,"column":22}},"311":{"start":{"line":144,"column":14},"end":{"line":144,"column":34}},"312":{"start":{"line":145,"column":14},"end":{"line":149,"column":17}},"313":{"start":{"line":151,"column":14},"end":{"line":151,"column":37}},"314":{"start":{"line":152,"column":14},"end":{"line":152,"column":34}},"315":{"start":{"line":153,"column":14},"end":{"line":153,"column":53}},"316":{"start":{"line":155,"column":14},"end":{"line":155,"column":43}},"317":{"start":{"line":156,"column":14},"end":{"line":156,"column":40}},"318":{"start":{"line":157,"column":14},"end":{"line":157,"column":49}},"319":{"start":{"line":158,"column":14},"end":{"line":158,"column":48}},"320":{"start":{"line":159,"column":14},"end":{"line":167,"column":18}},"321":{"start":{"line":169,"column":14},"end":{"line":172,"column":17}},"322":{"start":{"line":174,"column":14},"end":{"line":174,"column":34}},"323":{"start":{"line":175,"column":14},"end":{"line":175,"column":20}},"324":{"start":{"line":177,"column":14},"end":{"line":180,"column":17}},"325":{"start":{"line":182,"column":14},"end":{"line":182,"column":34}},"326":{"start":{"line":183,"column":14},"end":{"line":183,"column":20}},"327":{"start":{"line":185,"column":14},"end":{"line":185,"column":34}},"328":{"start":{"line":186,"column":14},"end":{"line":186,"column":51}},"329":{"start":{"line":187,"column":14},"end":{"line":190,"column":17}},"330":{"start":{"line":193,"column":14},"end":{"line":193,"column":38}},"331":{"start":{"line":198,"column":8},"end":{"line":198,"column":45}},"332":{"start":{"line":200,"column":6},"end":{"line":200,"column":19}},"333":{"start":{"line":205,"column":28},"end":{"line":289,"column":9}},"334":{"start":{"line":207,"column":8},"end":{"line":288,"column":38}},"335":{"start":{"line":208,"column":10},"end":{"line":287,"column":11}},"336":{"start":{"line":208,"column":20},"end":{"line":287,"column":11}},"337":{"start":{"line":210,"column":14},"end":{"line":210,"column":37}},"338":{"start":{"line":211,"column":14},"end":{"line":211,"column":33}},"339":{"start":{"line":212,"column":14},"end":{"line":215,"column":15}},"340":{"start":{"line":213,"column":16},"end":{"line":213,"column":35}},"341":{"start":{"line":214,"column":16},"end":{"line":214,"column":22}},"342":{"start":{"line":216,"column":14},"end":{"line":219,"column":18}},"343":{"start":{"line":221,"column":14},"end":{"line":221,"column":33}},"344":{"start":{"line":222,"column":14},"end":{"line":224,"column":17}},"345":{"start":{"line":226,"column":14},"end":{"line":226,"column":36}},"346":{"start":{"line":227,"column":14},"end":{"line":232,"column":17}},"347":{"start":{"line":233,"column":14},"end":{"line":233,"column":34}},"348":{"start":{"line":234,"column":14},"end":{"line":240,"column":17}},"349":{"start":{"line":242,"column":14},"end":{"line":251,"column":17}},"350":{"start":{"line":252,"column":14},"end":{"line":252,"column":34}},"351":{"start":{"line":253,"column":14},"end":{"line":259,"column":17}},"352":{"start":{"line":261,"column":14},"end":{"line":261,"column":36}},"353":{"start":{"line":262,"column":14},"end":{"line":272,"column":15}},"354":{"start":{"line":263,"column":16},"end":{"line":269,"column":19}},"355":{"start":{"line":264,"column":18},"end":{"line":268,"column":19}},"356":{"start":{"line":265,"column":20},"end":{"line":265,"column":39}},"357":{"start":{"line":267,"column":20},"end":{"line":267,"column":57}},"358":{"start":{"line":271,"column":16},"end":{"line":271,"column":53}},"359":{"start":{"line":273,"column":14},"end":{"line":276,"column":18}},"360":{"start":{"line":278,"column":14},"end":{"line":278,"column":34}},"361":{"start":{"line":279,"column":14},"end":{"line":279,"column":51}},"362":{"start":{"line":280,"column":14},"end":{"line":283,"column":18}},"363":{"start":{"line":286,"column":14},"end":{"line":286,"column":38}},"364":{"start":{"line":291,"column":8},"end":{"line":291,"column":54}},"365":{"start":{"line":293,"column":6},"end":{"line":293,"column":28}},"366":{"start":{"line":298,"column":27},"end":{"line":365,"column":9}},"367":{"start":{"line":300,"column":8},"end":{"line":364,"column":38}},"368":{"start":{"line":301,"column":10},"end":{"line":363,"column":11}},"369":{"start":{"line":301,"column":20},"end":{"line":363,"column":11}},"370":{"start":{"line":303,"column":14},"end":{"line":303,"column":39}},"371":{"start":{"line":304,"column":14},"end":{"line":304,"column":43}},"372":{"start":{"line":305,"column":14},"end":{"line":305,"column":95}},"373":{"start":{"line":306,"column":14},"end":{"line":306,"column":33}},"374":{"start":{"line":307,"column":14},"end":{"line":307,"column":37}},"375":{"start":{"line":308,"column":14},"end":{"line":308,"column":42}},"376":{"start":{"line":309,"column":14},"end":{"line":309,"column":33}},"377":{"start":{"line":310,"column":14},"end":{"line":310,"column":33}},"378":{"start":{"line":311,"column":14},"end":{"line":315,"column":17}},"379":{"start":{"line":317,"column":14},"end":{"line":317,"column":40}},"380":{"start":{"line":318,"column":14},"end":{"line":323,"column":15}},"381":{"start":{"line":319,"column":16},"end":{"line":322,"column":19}},"382":{"start":{"line":324,"column":14},"end":{"line":324,"column":30}},"383":{"start":{"line":325,"column":14},"end":{"line":325,"column":34}},"384":{"start":{"line":326,"column":14},"end":{"line":326,"column":64}},"385":{"start":{"line":328,"column":14},"end":{"line":328,"column":36}},"386":{"start":{"line":329,"column":14},"end":{"line":329,"column":34}},"387":{"start":{"line":330,"column":14},"end":{"line":330,"column":65}},"388":{"start":{"line":332,"column":14},"end":{"line":332,"column":46}},"389":{"start":{"line":333,"column":14},"end":{"line":333,"column":34}},"390":{"start":{"line":334,"column":14},"end":{"line":342,"column":17}},"391":{"start":{"line":344,"column":14},"end":{"line":344,"column":47}},"392":{"start":{"line":345,"column":14},"end":{"line":348,"column":17}},"393":{"start":{"line":349,"column":14},"end":{"line":352,"column":18}},"394":{"start":{"line":354,"column":14},"end":{"line":354,"column":34}},"395":{"start":{"line":355,"column":14},"end":{"line":355,"column":51}},"396":{"start":{"line":356,"column":14},"end":{"line":359,"column":18}},"397":{"start":{"line":362,"column":14},"end":{"line":362,"column":38}},"398":{"start":{"line":367,"column":8},"end":{"line":367,"column":53}},"399":{"start":{"line":369,"column":6},"end":{"line":369,"column":27}},"400":{"start":{"line":372,"column":2},"end":{"line":372,"column":24}},"401":{"start":{"line":374,"column":15},"end":{"line":374,"column":29}},"402":{"start":{"line":375,"column":0},"end":{"line":375,"column":30}}},"fnMap":{"0":{"name":"_interopRequireDefault","decl":{"start":{"line":14,"column":9},"end":{"line":14,"column":31}},"loc":{"start":{"line":14,"column":37},"end":{"line":14,"column":97}},"line":14},"1":{"name":"_typeof","decl":{"start":{"line":15,"column":9},"end":{"line":15,"column":16}},"loc":{"start":{"line":15,"column":22},"end":{"line":15,"column":336}},"line":15},"2":{"name":"(anonymous_2)","decl":{"start":{"line":15,"column":136},"end":{"line":15,"column":137}},"loc":{"start":{"line":15,"column":151},"end":{"line":15,"column":173}},"line":15},"3":{"name":"(anonymous_3)","decl":{"start":{"line":15,"column":176},"end":{"line":15,"column":177}},"loc":{"start":{"line":15,"column":191},"end":{"line":15,"column":319}},"line":15},"4":{"name":"_regeneratorRuntime","decl":{"start":{"line":16,"column":9},"end":{"line":16,"column":28}},"loc":{"start":{"line":16,"column":31},"end":{"line":16,"column":12096}},"line":16},"5":{"name":"_regeneratorRuntime","decl":{"start":{"line":16,"column":227},"end":{"line":16,"column":246}},"loc":{"start":{"line":16,"column":249},"end":{"line":16,"column":268}},"line":16},"6":{"name":"(anonymous_6)","decl":{"start":{"line":16,"column":381},"end":{"line":16,"column":382}},"loc":{"start":{"line":16,"column":407},"end":{"line":16,"column":433}},"line":16},"7":{"name":"define","decl":{"start":{"line":16,"column":674},"end":{"line":16,"column":680}},"loc":{"start":{"line":16,"column":698},"end":{"line":16,"column":817}},"line":16},"8":{"name":"define","decl":{"start":{"line":16,"column":874},"end":{"line":16,"column":880}},"loc":{"start":{"line":16,"column":898},"end":{"line":16,"column":926}},"line":16},"9":{"name":"wrap","decl":{"start":{"line":16,"column":939},"end":{"line":16,"column":943}},"loc":{"start":{"line":16,"column":981},"end":{"line":16,"column":1282}},"line":16},"10":{"name":"tryCatch","decl":{"start":{"line":16,"column":1292},"end":{"line":16,"column":1300}},"loc":{"start":{"line":16,"column":1315},"end":{"line":16,"column":1429}},"line":16},"11":{"name":"Generator","decl":{"start":{"line":16,"column":1487},"end":{"line":16,"column":1496}},"loc":{"start":{"line":16,"column":1499},"end":{"line":16,"column":1501}},"line":16},"12":{"name":"GeneratorFunction","decl":{"start":{"line":16,"column":1511},"end":{"line":16,"column":1528}},"loc":{"start":{"line":16,"column":1531},"end":{"line":16,"column":1533}},"line":16},"13":{"name":"GeneratorFunctionPrototype","decl":{"start":{"line":16,"column":1543},"end":{"line":16,"column":1569}},"loc":{"start":{"line":16,"column":1572},"end":{"line":16,"column":1574}},"line":16},"14":{"name":"(anonymous_14)","decl":{"start":{"line":16,"column":1645},"end":{"line":16,"column":1646}},"loc":{"start":{"line":16,"column":1657},"end":{"line":16,"column":1673}},"line":16},"15":{"name":"defineIteratorMethods","decl":{"start":{"line":16,"column":2061},"end":{"line":16,"column":2082}},"loc":{"start":{"line":16,"column":2094},"end":{"line":16,"column":2238}},"line":16},"16":{"name":"(anonymous_16)","decl":{"start":{"line":16,"column":2132},"end":{"line":16,"column":2133}},"loc":{"start":{"line":16,"column":2150},"end":{"line":16,"column":2234}},"line":16},"17":{"name":"(anonymous_17)","decl":{"start":{"line":16,"column":2178},"end":{"line":16,"column":2179}},"loc":{"start":{"line":16,"column":2193},"end":{"line":16,"column":2230}},"line":16},"18":{"name":"AsyncIterator","decl":{"start":{"line":16,"column":2248},"end":{"line":16,"column":2261}},"loc":{"start":{"line":16,"column":2286},"end":{"line":16,"column":3296}},"line":16},"19":{"name":"invoke","decl":{"start":{"line":16,"column":2297},"end":{"line":16,"column":2303}},"loc":{"start":{"line":16,"column":2334},"end":{"line":16,"column":2908}},"line":16},"20":{"name":"(anonymous_20)","decl":{"start":{"line":16,"column":2590},"end":{"line":16,"column":2591}},"loc":{"start":{"line":16,"column":2607},"end":{"line":16,"column":2650}},"line":16},"21":{"name":"(anonymous_21)","decl":{"start":{"line":16,"column":2652},"end":{"line":16,"column":2653}},"loc":{"start":{"line":16,"column":2667},"end":{"line":16,"column":2709}},"line":16},"22":{"name":"(anonymous_22)","decl":{"start":{"line":16,"column":2745},"end":{"line":16,"column":2746}},"loc":{"start":{"line":16,"column":2766},"end":{"line":16,"column":2812}},"line":16},"23":{"name":"(anonymous_23)","decl":{"start":{"line":16,"column":2814},"end":{"line":16,"column":2815}},"loc":{"start":{"line":16,"column":2831},"end":{"line":16,"column":2882}},"line":16},"24":{"name":"value","decl":{"start":{"line":16,"column":2980},"end":{"line":16,"column":2985}},"loc":{"start":{"line":16,"column":2999},"end":{"line":16,"column":3290}},"line":16},"25":{"name":"callInvokeWithMethodAndArg","decl":{"start":{"line":16,"column":3010},"end":{"line":16,"column":3036}},"loc":{"start":{"line":16,"column":3039},"end":{"line":16,"column":3136}},"line":16},"26":{"name":"(anonymous_26)","decl":{"start":{"line":16,"column":3064},"end":{"line":16,"column":3065}},"loc":{"start":{"line":16,"column":3091},"end":{"line":16,"column":3132}},"line":16},"27":{"name":"makeInvokeMethod","decl":{"start":{"line":16,"column":3306},"end":{"line":16,"column":3322}},"loc":{"start":{"line":16,"column":3347},"end":{"line":16,"column":4501}},"line":16},"28":{"name":"(anonymous_28)","decl":{"start":{"line":16,"column":3386},"end":{"line":16,"column":3387}},"loc":{"start":{"line":16,"column":3409},"end":{"line":16,"column":4498}},"line":16},"29":{"name":"maybeInvokeDelegate","decl":{"start":{"line":16,"column":4511},"end":{"line":16,"column":4530}},"loc":{"start":{"line":16,"column":4550},"end":{"line":16,"column":5621}},"line":16},"30":{"name":"pushTryEntry","decl":{"start":{"line":16,"column":5631},"end":{"line":16,"column":5643}},"loc":{"start":{"line":16,"column":5650},"end":{"line":16,"column":5825}},"line":16},"31":{"name":"resetTryEntry","decl":{"start":{"line":16,"column":5835},"end":{"line":16,"column":5848}},"loc":{"start":{"line":16,"column":5856},"end":{"line":16,"column":5966}},"line":16},"32":{"name":"Context","decl":{"start":{"line":16,"column":5976},"end":{"line":16,"column":5983}},"loc":{"start":{"line":16,"column":5997},"end":{"line":16,"column":6097}},"line":16},"33":{"name":"values","decl":{"start":{"line":16,"column":6107},"end":{"line":16,"column":6113}},"loc":{"start":{"line":16,"column":6124},"end":{"line":16,"column":6603}},"line":16},"34":{"name":"next","decl":{"start":{"line":16,"column":6363},"end":{"line":16,"column":6367}},"loc":{"start":{"line":16,"column":6370},"end":{"line":16,"column":6542}},"line":16},"35":{"name":"doneResult","decl":{"start":{"line":16,"column":6613},"end":{"line":16,"column":6623}},"loc":{"start":{"line":16,"column":6626},"end":{"line":16,"column":6668}},"line":16},"36":{"name":"(anonymous_36)","decl":{"start":{"line":16,"column":7071},"end":{"line":16,"column":7072}},"loc":{"start":{"line":16,"column":7089},"end":{"line":16,"column":7260}},"line":16},"37":{"name":"(anonymous_37)","decl":{"start":{"line":16,"column":7277},"end":{"line":16,"column":7278}},"loc":{"start":{"line":16,"column":7295},"end":{"line":16,"column":7540}},"line":16},"38":{"name":"(anonymous_38)","decl":{"start":{"line":16,"column":7558},"end":{"line":16,"column":7559}},"loc":{"start":{"line":16,"column":7573},"end":{"line":16,"column":7601}},"line":16},"39":{"name":"(anonymous_39)","decl":{"start":{"line":16,"column":7704},"end":{"line":16,"column":7705}},"loc":{"start":{"line":16,"column":7716},"end":{"line":16,"column":7732}},"line":16},"40":{"name":"(anonymous_40)","decl":{"start":{"line":16,"column":7790},"end":{"line":16,"column":7791}},"loc":{"start":{"line":16,"column":7850},"end":{"line":16,"column":8133}},"line":16},"41":{"name":"(anonymous_41)","decl":{"start":{"line":16,"column":8059},"end":{"line":16,"column":8060}},"loc":{"start":{"line":16,"column":8077},"end":{"line":16,"column":8129}},"line":16},"42":{"name":"(anonymous_42)","decl":{"start":{"line":16,"column":8233},"end":{"line":16,"column":8234}},"loc":{"start":{"line":16,"column":8245},"end":{"line":16,"column":8261}},"line":16},"43":{"name":"(anonymous_43)","decl":{"start":{"line":16,"column":8287},"end":{"line":16,"column":8288}},"loc":{"start":{"line":16,"column":8299},"end":{"line":16,"column":8331}},"line":16},"44":{"name":"(anonymous_44)","decl":{"start":{"line":16,"column":8349},"end":{"line":16,"column":8350}},"loc":{"start":{"line":16,"column":8364},"end":{"line":16,"column":8630}},"line":16},"45":{"name":"next","decl":{"start":{"line":16,"column":8475},"end":{"line":16,"column":8479}},"loc":{"start":{"line":16,"column":8482},"end":{"line":16,"column":8627}},"line":16},"46":{"name":"reset","decl":{"start":{"line":16,"column":8717},"end":{"line":16,"column":8722}},"loc":{"start":{"line":16,"column":8738},"end":{"line":16,"column":9077}},"line":16},"47":{"name":"stop","decl":{"start":{"line":16,"column":9094},"end":{"line":16,"column":9098}},"loc":{"start":{"line":16,"column":9101},"end":{"line":16,"column":9241}},"line":16},"48":{"name":"dispatchException","decl":{"start":{"line":16,"column":9271},"end":{"line":16,"column":9288}},"loc":{"start":{"line":16,"column":9300},"end":{"line":16,"column":10239}},"line":16},"49":{"name":"handle","decl":{"start":{"line":16,"column":9363},"end":{"line":16,"column":9369}},"loc":{"start":{"line":16,"column":9383},"end":{"line":16,"column":9532}},"line":16},"50":{"name":"abrupt","decl":{"start":{"line":16,"column":10258},"end":{"line":16,"column":10264}},"loc":{"start":{"line":16,"column":10276},"end":{"line":16,"column":10874}},"line":16},"51":{"name":"complete","decl":{"start":{"line":16,"column":10895},"end":{"line":16,"column":10903}},"loc":{"start":{"line":16,"column":10922},"end":{"line":16,"column":11250}},"line":16},"52":{"name":"finish","decl":{"start":{"line":16,"column":11269},"end":{"line":16,"column":11275}},"loc":{"start":{"line":16,"column":11288},"end":{"line":16,"column":11514}},"line":16},"53":{"name":"_catch","decl":{"start":{"line":16,"column":11534},"end":{"line":16,"column":11540}},"loc":{"start":{"line":16,"column":11549},"end":{"line":16,"column":11843}},"line":16},"54":{"name":"delegateYield","decl":{"start":{"line":16,"column":11869},"end":{"line":16,"column":11882}},"loc":{"start":{"line":16,"column":11914},"end":{"line":16,"column":12082}},"line":16},"55":{"name":"asyncGeneratorStep","decl":{"start":{"line":17,"column":9},"end":{"line":17,"column":27}},"loc":{"start":{"line":17,"column":75},"end":{"line":17,"column":265}},"line":17},"56":{"name":"_asyncToGenerator","decl":{"start":{"line":18,"column":9},"end":{"line":18,"column":26}},"loc":{"start":{"line":18,"column":31},"end":{"line":18,"column":389}},"line":18},"57":{"name":"(anonymous_57)","decl":{"start":{"line":18,"column":40},"end":{"line":18,"column":41}},"loc":{"start":{"line":18,"column":52},"end":{"line":18,"column":386}},"line":18},"58":{"name":"(anonymous_58)","decl":{"start":{"line":18,"column":108},"end":{"line":18,"column":109}},"loc":{"start":{"line":18,"column":135},"end":{"line":18,"column":382}},"line":18},"59":{"name":"_next","decl":{"start":{"line":18,"column":178},"end":{"line":18,"column":183}},"loc":{"start":{"line":18,"column":191},"end":{"line":18,"column":266}},"line":18},"60":{"name":"_throw","decl":{"start":{"line":18,"column":276},"end":{"line":18,"column":282}},"loc":{"start":{"line":18,"column":288},"end":{"line":18,"column":362}},"line":18},"61":{"name":"_classCallCheck","decl":{"start":{"line":19,"column":9},"end":{"line":19,"column":24}},"loc":{"start":{"line":19,"column":48},"end":{"line":19,"column":153}},"line":19},"62":{"name":"_defineProperties","decl":{"start":{"line":20,"column":9},"end":{"line":20,"column":26}},"loc":{"start":{"line":20,"column":42},"end":{"line":20,"column":333}},"line":20},"63":{"name":"_createClass","decl":{"start":{"line":21,"column":9},"end":{"line":21,"column":21}},"loc":{"start":{"line":21,"column":60},"end":{"line":21,"column":285}},"line":21},"64":{"name":"_toPropertyKey","decl":{"start":{"line":22,"column":9},"end":{"line":22,"column":23}},"loc":{"start":{"line":22,"column":29},"end":{"line":22,"column":125}},"line":22},"65":{"name":"_toPrimitive","decl":{"start":{"line":23,"column":9},"end":{"line":23,"column":21}},"loc":{"start":{"line":23,"column":35},"end":{"line":23,"column":381}},"line":23},"66":{"name":"(anonymous_66)","decl":{"start":{"line":26,"column":34},"end":{"line":26,"column":35}},"loc":{"start":{"line":26,"column":46},"end":{"line":373,"column":1}},"line":26},"67":{"name":"authController","decl":{"start":{"line":27,"column":11},"end":{"line":27,"column":25}},"loc":{"start":{"line":27,"column":28},"end":{"line":29,"column":3}},"line":27},"68":{"name":"(anonymous_68)","decl":{"start":{"line":32,"column":11},"end":{"line":32,"column":12}},"loc":{"start":{"line":32,"column":23},"end":{"line":97,"column":5}},"line":32},"69":{"name":"_callee","decl":{"start":{"line":33,"column":88},"end":{"line":33,"column":95}},"loc":{"start":{"line":33,"column":106},"end":{"line":92,"column":7}},"line":33},"70":{"name":"_callee$","decl":{"start":{"line":35,"column":51},"end":{"line":35,"column":59}},"loc":{"start":{"line":35,"column":70},"end":{"line":91,"column":9}},"line":35},"71":{"name":"signup","decl":{"start":{"line":93,"column":15},"end":{"line":93,"column":21}},"loc":{"start":{"line":93,"column":31},"end":{"line":95,"column":7}},"line":93},"72":{"name":"(anonymous_72)","decl":{"start":{"line":100,"column":11},"end":{"line":100,"column":12}},"loc":{"start":{"line":100,"column":23},"end":{"line":201,"column":5}},"line":100},"73":{"name":"_callee2","decl":{"start":{"line":101,"column":87},"end":{"line":101,"column":95}},"loc":{"start":{"line":101,"column":106},"end":{"line":196,"column":7}},"line":101},"74":{"name":"_callee2$","decl":{"start":{"line":103,"column":51},"end":{"line":103,"column":60}},"loc":{"start":{"line":103,"column":72},"end":{"line":195,"column":9}},"line":103},"75":{"name":"Login","decl":{"start":{"line":197,"column":15},"end":{"line":197,"column":20}},"loc":{"start":{"line":197,"column":31},"end":{"line":199,"column":7}},"line":197},"76":{"name":"(anonymous_76)","decl":{"start":{"line":204,"column":11},"end":{"line":204,"column":12}},"loc":{"start":{"line":204,"column":23},"end":{"line":294,"column":5}},"line":204},"77":{"name":"_callee3","decl":{"start":{"line":205,"column":96},"end":{"line":205,"column":104}},"loc":{"start":{"line":205,"column":115},"end":{"line":289,"column":7}},"line":205},"78":{"name":"_callee3$","decl":{"start":{"line":207,"column":51},"end":{"line":207,"column":60}},"loc":{"start":{"line":207,"column":72},"end":{"line":288,"column":9}},"line":207},"79":{"name":"(anonymous_79)","decl":{"start":{"line":263,"column":36},"end":{"line":263,"column":37}},"loc":{"start":{"line":263,"column":59},"end":{"line":269,"column":17}},"line":263},"80":{"name":"forgotPassword","decl":{"start":{"line":290,"column":15},"end":{"line":290,"column":29}},"loc":{"start":{"line":290,"column":40},"end":{"line":292,"column":7}},"line":290},"81":{"name":"(anonymous_81)","decl":{"start":{"line":297,"column":11},"end":{"line":297,"column":12}},"loc":{"start":{"line":297,"column":23},"end":{"line":370,"column":5}},"line":297},"82":{"name":"_callee4","decl":{"start":{"line":298,"column":95},"end":{"line":298,"column":103}},"loc":{"start":{"line":298,"column":114},"end":{"line":365,"column":7}},"line":298},"83":{"name":"_callee4$","decl":{"start":{"line":300,"column":51},"end":{"line":300,"column":60}},"loc":{"start":{"line":300,"column":72},"end":{"line":364,"column":9}},"line":300},"84":{"name":"resetPassword","decl":{"start":{"line":366,"column":15},"end":{"line":366,"column":28}},"loc":{"start":{"line":366,"column":39},"end":{"line":368,"column":7}},"line":366}},"branchMap":{"0":{"loc":{"start":{"line":14,"column":46},"end":{"line":14,"column":94}},"type":"cond-expr","locations":[{"start":{"line":14,"column":70},"end":{"line":14,"column":73}},{"start":{"line":14,"column":76},"end":{"line":14,"column":94}}],"line":14},"1":{"loc":{"start":{"line":14,"column":46},"end":{"line":14,"column":67}},"type":"binary-expr","locations":[{"start":{"line":14,"column":46},"end":{"line":14,"column":49}},{"start":{"line":14,"column":53},"end":{"line":14,"column":67}}],"line":14},"2":{"loc":{"start":{"line":15,"column":68},"end":{"line":15,"column":319}},"type":"cond-expr","locations":[{"start":{"line":15,"column":136},"end":{"line":15,"column":173}},{"start":{"line":15,"column":176},"end":{"line":15,"column":319}}],"line":15},"3":{"loc":{"start":{"line":15,"column":68},"end":{"line":15,"column":133}},"type":"binary-expr","locations":[{"start":{"line":15,"column":68},"end":{"line":15,"column":95}},{"start":{"line":15,"column":99},"end":{"line":15,"column":133}}],"line":15},"4":{"loc":{"start":{"line":15,"column":200},"end":{"line":15,"column":316}},"type":"cond-expr","locations":[{"start":{"line":15,"column":295},"end":{"line":15,"column":303}},{"start":{"line":15,"column":306},"end":{"line":15,"column":316}}],"line":15},"5":{"loc":{"start":{"line":15,"column":200},"end":{"line":15,"column":292}},"type":"binary-expr","locations":[{"start":{"line":15,"column":200},"end":{"line":15,"column":203}},{"start":{"line":15,"column":207},"end":{"line":15,"column":234}},{"start":{"line":15,"column":238},"end":{"line":15,"column":264}},{"start":{"line":15,"column":268},"end":{"line":15,"column":292}}],"line":15},"6":{"loc":{"start":{"line":16,"column":356},"end":{"line":16,"column":433}},"type":"binary-expr","locations":[{"start":{"line":16,"column":356},"end":{"line":16,"column":377}},{"start":{"line":16,"column":381},"end":{"line":16,"column":433}}],"line":16},"7":{"loc":{"start":{"line":16,"column":445},"end":{"line":16,"column":486}},"type":"cond-expr","locations":[{"start":{"line":16,"column":475},"end":{"line":16,"column":481}},{"start":{"line":16,"column":484},"end":{"line":16,"column":486}}],"line":16},"8":{"loc":{"start":{"line":16,"column":505},"end":{"line":16,"column":537}},"type":"binary-expr","locations":[{"start":{"line":16,"column":505},"end":{"line":16,"column":521}},{"start":{"line":16,"column":525},"end":{"line":16,"column":537}}],"line":16},"9":{"loc":{"start":{"line":16,"column":561},"end":{"line":16,"column":603}},"type":"binary-expr","locations":[{"start":{"line":16,"column":561},"end":{"line":16,"column":582}},{"start":{"line":16,"column":586},"end":{"line":16,"column":603}}],"line":16},"10":{"loc":{"start":{"line":16,"column":625},"end":{"line":16,"column":663}},"type":"binary-expr","locations":[{"start":{"line":16,"column":625},"end":{"line":16,"column":644}},{"start":{"line":16,"column":648},"end":{"line":16,"column":663}}],"line":16},"11":{"loc":{"start":{"line":16,"column":1004},"end":{"line":16,"column":1075}},"type":"cond-expr","locations":[{"start":{"line":16,"column":1056},"end":{"line":16,"column":1063}},{"start":{"line":16,"column":1066},"end":{"line":16,"column":1075}}],"line":16},"12":{"loc":{"start":{"line":16,"column":1004},"end":{"line":16,"column":1053}},"type":"binary-expr","locations":[{"start":{"line":16,"column":1004},"end":{"line":16,"column":1011}},{"start":{"line":16,"column":1015},"end":{"line":16,"column":1053}}],"line":16},"13":{"loc":{"start":{"line":16,"column":1152},"end":{"line":16,"column":1169}},"type":"binary-expr","locations":[{"start":{"line":16,"column":1152},"end":{"line":16,"column":1163}},{"start":{"line":16,"column":1167},"end":{"line":16,"column":1169}}],"line":16},"14":{"loc":{"start":{"line":16,"column":1740},"end":{"line":16,"column":1782}},"type":"binary-expr","locations":[{"start":{"line":16,"column":1740},"end":{"line":16,"column":1748}},{"start":{"line":16,"column":1752},"end":{"line":16,"column":1782}}],"line":16},"15":{"loc":{"start":{"line":16,"column":1784},"end":{"line":16,"column":1946}},"type":"binary-expr","locations":[{"start":{"line":16,"column":1784},"end":{"line":16,"column":1807}},{"start":{"line":16,"column":1811},"end":{"line":16,"column":1841}},{"start":{"line":16,"column":1845},"end":{"line":16,"column":1897}},{"start":{"line":16,"column":1902},"end":{"line":16,"column":1945}}],"line":16},"16":{"loc":{"start":{"line":16,"column":2394},"end":{"line":16,"column":2886}},"type":"if","locations":[{"start":{"line":16,"column":2394},"end":{"line":16,"column":2886}},{"start":{"line":16,"column":2394},"end":{"line":16,"column":2886}}],"line":16},"17":{"loc":{"start":{"line":16,"column":2479},"end":{"line":16,"column":2883}},"type":"cond-expr","locations":[{"start":{"line":16,"column":2550},"end":{"line":16,"column":2710}},{"start":{"line":16,"column":2713},"end":{"line":16,"column":2883}}],"line":16},"18":{"loc":{"start":{"line":16,"column":2479},"end":{"line":16,"column":2547}},"type":"binary-expr","locations":[{"start":{"line":16,"column":2479},"end":{"line":16,"column":2484}},{"start":{"line":16,"column":2488},"end":{"line":16,"column":2514}},{"start":{"line":16,"column":2518},"end":{"line":16,"column":2547}}],"line":16},"19":{"loc":{"start":{"line":16,"column":3162},"end":{"line":16,"column":3287}},"type":"cond-expr","locations":[{"start":{"line":16,"column":3180},"end":{"line":16,"column":3256}},{"start":{"line":16,"column":3259},"end":{"line":16,"column":3287}}],"line":16},"20":{"loc":{"start":{"line":16,"column":3411},"end":{"line":16,"column":3486}},"type":"if","locations":[{"start":{"line":16,"column":3411},"end":{"line":16,"column":3486}},{"start":{"line":16,"column":3411},"end":{"line":16,"column":3486}}],"line":16},"21":{"loc":{"start":{"line":16,"column":3487},"end":{"line":16,"column":3573}},"type":"if","locations":[{"start":{"line":16,"column":3487},"end":{"line":16,"column":3573}},{"start":{"line":16,"column":3487},"end":{"line":16,"column":3573}}],"line":16},"22":{"loc":{"start":{"line":16,"column":3516},"end":{"line":16,"column":3550}},"type":"if","locations":[{"start":{"line":16,"column":3516},"end":{"line":16,"column":3550}},{"start":{"line":16,"column":3516},"end":{"line":16,"column":3550}}],"line":16},"23":{"loc":{"start":{"line":16,"column":3660},"end":{"line":16,"column":3836}},"type":"if","locations":[{"start":{"line":16,"column":3660},"end":{"line":16,"column":3836}},{"start":{"line":16,"column":3660},"end":{"line":16,"column":3836}}],"line":16},"24":{"loc":{"start":{"line":16,"column":3737},"end":{"line":16,"column":3834}},"type":"if","locations":[{"start":{"line":16,"column":3737},"end":{"line":16,"column":3834}},{"start":{"line":16,"column":3737},"end":{"line":16,"column":3834}}],"line":16},"25":{"loc":{"start":{"line":16,"column":3759},"end":{"line":16,"column":3809}},"type":"if","locations":[{"start":{"line":16,"column":3759},"end":{"line":16,"column":3809}},{"start":{"line":16,"column":3759},"end":{"line":16,"column":3809}}],"line":16},"26":{"loc":{"start":{"line":16,"column":3837},"end":{"line":16,"column":4138}},"type":"if","locations":[{"start":{"line":16,"column":3837},"end":{"line":16,"column":4138}},{"start":{"line":16,"column":3837},"end":{"line":16,"column":4138}}],"line":16},"27":{"loc":{"start":{"line":16,"column":3916},"end":{"line":16,"column":4138}},"type":"if","locations":[{"start":{"line":16,"column":3916},"end":{"line":16,"column":4138}},{"start":{"line":16,"column":3916},"end":{"line":16,"column":4138}}],"line":16},"28":{"loc":{"start":{"line":16,"column":3950},"end":{"line":16,"column":4021}},"type":"if","locations":[{"start":{"line":16,"column":3950},"end":{"line":16,"column":4021}},{"start":{"line":16,"column":3950},"end":{"line":16,"column":4021}}],"line":16},"29":{"loc":{"start":{"line":16,"column":4069},"end":{"line":16,"column":4137}},"type":"binary-expr","locations":[{"start":{"line":16,"column":4069},"end":{"line":16,"column":4096}},{"start":{"line":16,"column":4100},"end":{"line":16,"column":4137}}],"line":16},"30":{"loc":{"start":{"line":16,"column":4207},"end":{"line":16,"column":4392}},"type":"if","locations":[{"start":{"line":16,"column":4207},"end":{"line":16,"column":4392}},{"start":{"line":16,"column":4207},"end":{"line":16,"column":4392}}],"line":16},"31":{"loc":{"start":{"line":16,"column":4239},"end":{"line":16,"column":4340}},"type":"if","locations":[{"start":{"line":16,"column":4239},"end":{"line":16,"column":4340}},{"start":{"line":16,"column":4239},"end":{"line":16,"column":4340}}],"line":16},"32":{"loc":{"start":{"line":16,"column":4251},"end":{"line":16,"column":4296}},"type":"cond-expr","locations":[{"start":{"line":16,"column":4266},"end":{"line":16,"column":4277}},{"start":{"line":16,"column":4280},"end":{"line":16,"column":4296}}],"line":16},"33":{"loc":{"start":{"line":16,"column":4393},"end":{"line":16,"column":4493}},"type":"binary-expr","locations":[{"start":{"line":16,"column":4393},"end":{"line":16,"column":4416}},{"start":{"line":16,"column":4421},"end":{"line":16,"column":4492}}],"line":16},"34":{"loc":{"start":{"line":16,"column":4625},"end":{"line":16,"column":5028}},"type":"if","locations":[{"start":{"line":16,"column":4625},"end":{"line":16,"column":5028}},{"start":{"line":16,"column":4625},"end":{"line":16,"column":5028}}],"line":16},"35":{"loc":{"start":{"line":16,"column":4683},"end":{"line":16,"column":5009}},"type":"binary-expr","locations":[{"start":{"line":16,"column":4683},"end":{"line":16,"column":4705}},{"start":{"line":16,"column":4709},"end":{"line":16,"column":4736}},{"start":{"line":16,"column":4741},"end":{"line":16,"column":4859}},{"start":{"line":16,"column":4864},"end":{"line":16,"column":4887}},{"start":{"line":16,"column":4892},"end":{"line":16,"column":5008}}],"line":16},"36":{"loc":{"start":{"line":16,"column":5092},"end":{"line":16,"column":5222}},"type":"if","locations":[{"start":{"line":16,"column":5092},"end":{"line":16,"column":5222}},{"start":{"line":16,"column":5092},"end":{"line":16,"column":5222}}],"line":16},"37":{"loc":{"start":{"line":16,"column":5253},"end":{"line":16,"column":5618}},"type":"cond-expr","locations":[{"start":{"line":16,"column":5260},"end":{"line":16,"column":5481}},{"start":{"line":16,"column":5485},"end":{"line":16,"column":5617}}],"line":16},"38":{"loc":{"start":{"line":16,"column":5260},"end":{"line":16,"column":5481}},"type":"cond-expr","locations":[{"start":{"line":16,"column":5273},"end":{"line":16,"column":5473}},{"start":{"line":16,"column":5477},"end":{"line":16,"column":5481}}],"line":16},"39":{"loc":{"start":{"line":16,"column":5349},"end":{"line":16,"column":5430}},"type":"binary-expr","locations":[{"start":{"line":16,"column":5349},"end":{"line":16,"column":5376}},{"start":{"line":16,"column":5381},"end":{"line":16,"column":5429}}],"line":16},"40":{"loc":{"start":{"line":16,"column":5685},"end":{"line":16,"column":5724}},"type":"binary-expr","locations":[{"start":{"line":16,"column":5685},"end":{"line":16,"column":5694}},{"start":{"line":16,"column":5699},"end":{"line":16,"column":5723}}],"line":16},"41":{"loc":{"start":{"line":16,"column":5726},"end":{"line":16,"column":5793}},"type":"binary-expr","locations":[{"start":{"line":16,"column":5726},"end":{"line":16,"column":5735}},{"start":{"line":16,"column":5740},"end":{"line":16,"column":5792}}],"line":16},"42":{"loc":{"start":{"line":16,"column":5871},"end":{"line":16,"column":5893}},"type":"binary-expr","locations":[{"start":{"line":16,"column":5871},"end":{"line":16,"column":5887}},{"start":{"line":16,"column":5891},"end":{"line":16,"column":5893}}],"line":16},"43":{"loc":{"start":{"line":16,"column":6126},"end":{"line":16,"column":6572}},"type":"if","locations":[{"start":{"line":16,"column":6126},"end":{"line":16,"column":6572}},{"start":{"line":16,"column":6126},"end":{"line":16,"column":6572}}],"line":16},"44":{"loc":{"start":{"line":16,"column":6189},"end":{"line":16,"column":6246}},"type":"if","locations":[{"start":{"line":16,"column":6189},"end":{"line":16,"column":6246}},{"start":{"line":16,"column":6189},"end":{"line":16,"column":6246}}],"line":16},"45":{"loc":{"start":{"line":16,"column":6247},"end":{"line":16,"column":6303}},"type":"if","locations":[{"start":{"line":16,"column":6247},"end":{"line":16,"column":6303}},{"start":{"line":16,"column":6247},"end":{"line":16,"column":6303}}],"line":16},"46":{"loc":{"start":{"line":16,"column":6304},"end":{"line":16,"column":6570}},"type":"if","locations":[{"start":{"line":16,"column":6304},"end":{"line":16,"column":6570}},{"start":{"line":16,"column":6304},"end":{"line":16,"column":6570}}],"line":16},"47":{"loc":{"start":{"line":16,"column":6403},"end":{"line":16,"column":6487}},"type":"if","locations":[{"start":{"line":16,"column":6403},"end":{"line":16,"column":6487}},{"start":{"line":16,"column":6403},"end":{"line":16,"column":6487}}],"line":16},"48":{"loc":{"start":{"line":16,"column":7102},"end":{"line":16,"column":7151}},"type":"binary-expr","locations":[{"start":{"line":16,"column":7102},"end":{"line":16,"column":7129}},{"start":{"line":16,"column":7133},"end":{"line":16,"column":7151}}],"line":16},"49":{"loc":{"start":{"line":16,"column":7160},"end":{"line":16,"column":7257}},"type":"binary-expr","locations":[{"start":{"line":16,"column":7160},"end":{"line":16,"column":7166}},{"start":{"line":16,"column":7171},"end":{"line":16,"column":7197}},{"start":{"line":16,"column":7201},"end":{"line":16,"column":7256}}],"line":16},"50":{"loc":{"start":{"line":16,"column":7226},"end":{"line":16,"column":7255}},"type":"binary-expr","locations":[{"start":{"line":16,"column":7226},"end":{"line":16,"column":7242}},{"start":{"line":16,"column":7246},"end":{"line":16,"column":7255}}],"line":16},"51":{"loc":{"start":{"line":16,"column":7304},"end":{"line":16,"column":7491}},"type":"cond-expr","locations":[{"start":{"line":16,"column":7328},"end":{"line":16,"column":7385}},{"start":{"line":16,"column":7389},"end":{"line":16,"column":7490}}],"line":16},"52":{"loc":{"start":{"line":16,"column":7852},"end":{"line":16,"column":7901}},"type":"binary-expr","locations":[{"start":{"line":16,"column":7852},"end":{"line":16,"column":7874}},{"start":{"line":16,"column":7879},"end":{"line":16,"column":7900}}],"line":16},"53":{"loc":{"start":{"line":16,"column":7996},"end":{"line":16,"column":8130}},"type":"cond-expr","locations":[{"start":{"line":16,"column":8035},"end":{"line":16,"column":8039}},{"start":{"line":16,"column":8042},"end":{"line":16,"column":8130}}],"line":16},"54":{"loc":{"start":{"line":16,"column":8086},"end":{"line":16,"column":8126}},"type":"cond-expr","locations":[{"start":{"line":16,"column":8100},"end":{"line":16,"column":8112}},{"start":{"line":16,"column":8115},"end":{"line":16,"column":8126}}],"line":16},"55":{"loc":{"start":{"line":16,"column":8529},"end":{"line":16,"column":8594}},"type":"if","locations":[{"start":{"line":16,"column":8529},"end":{"line":16,"column":8594}},{"start":{"line":16,"column":8529},"end":{"line":16,"column":8594}}],"line":16},"56":{"loc":{"start":{"line":16,"column":8740},"end":{"line":16,"column":9075}},"type":"if","locations":[{"start":{"line":16,"column":8740},"end":{"line":16,"column":9075}},{"start":{"line":16,"column":8740},"end":{"line":16,"column":9075}}],"line":16},"57":{"loc":{"start":{"line":16,"column":8971},"end":{"line":16,"column":9074}},"type":"binary-expr","locations":[{"start":{"line":16,"column":8971},"end":{"line":16,"column":8993}},{"start":{"line":16,"column":8997},"end":{"line":16,"column":9020}},{"start":{"line":16,"column":9024},"end":{"line":16,"column":9046}},{"start":{"line":16,"column":9051},"end":{"line":16,"column":9073}}],"line":16},"58":{"loc":{"start":{"line":16,"column":9167},"end":{"line":16,"column":9221}},"type":"if","locations":[{"start":{"line":16,"column":9167},"end":{"line":16,"column":9221}},{"start":{"line":16,"column":9167},"end":{"line":16,"column":9221}}],"line":16},"59":{"loc":{"start":{"line":16,"column":9302},"end":{"line":16,"column":9333}},"type":"if","locations":[{"start":{"line":16,"column":9302},"end":{"line":16,"column":9333}},{"start":{"line":16,"column":9302},"end":{"line":16,"column":9333}}],"line":16},"60":{"loc":{"start":{"line":16,"column":9459},"end":{"line":16,"column":9519}},"type":"binary-expr","locations":[{"start":{"line":16,"column":9459},"end":{"line":16,"column":9465}},{"start":{"line":16,"column":9470},"end":{"line":16,"column":9518}}],"line":16},"61":{"loc":{"start":{"line":16,"column":9648},"end":{"line":16,"column":9698}},"type":"if","locations":[{"start":{"line":16,"column":9648},"end":{"line":16,"column":9698}},{"start":{"line":16,"column":9648},"end":{"line":16,"column":9698}}],"line":16},"62":{"loc":{"start":{"line":16,"column":9699},"end":{"line":16,"column":10235}},"type":"if","locations":[{"start":{"line":16,"column":9699},"end":{"line":16,"column":10235}},{"start":{"line":16,"column":9699},"end":{"line":16,"column":10235}}],"line":16},"63":{"loc":{"start":{"line":16,"column":9826},"end":{"line":16,"column":10233}},"type":"if","locations":[{"start":{"line":16,"column":9826},"end":{"line":16,"column":10233}},{"start":{"line":16,"column":9826},"end":{"line":16,"column":10233}}],"line":16},"64":{"loc":{"start":{"line":16,"column":9830},"end":{"line":16,"column":9852}},"type":"binary-expr","locations":[{"start":{"line":16,"column":9830},"end":{"line":16,"column":9838}},{"start":{"line":16,"column":9842},"end":{"line":16,"column":9852}}],"line":16},"65":{"loc":{"start":{"line":16,"column":9856},"end":{"line":16,"column":9922}},"type":"if","locations":[{"start":{"line":16,"column":9856},"end":{"line":16,"column":9922}},{"start":{"line":16,"column":9856},"end":{"line":16,"column":9922}}],"line":16},"66":{"loc":{"start":{"line":16,"column":9923},"end":{"line":16,"column":9989}},"type":"if","locations":[{"start":{"line":16,"column":9923},"end":{"line":16,"column":9989}},{"start":{"line":16,"column":9923},"end":{"line":16,"column":9989}}],"line":16},"67":{"loc":{"start":{"line":16,"column":9997},"end":{"line":16,"column":10233}},"type":"if","locations":[{"start":{"line":16,"column":9997},"end":{"line":16,"column":10233}},{"start":{"line":16,"column":9997},"end":{"line":16,"column":10233}}],"line":16},"68":{"loc":{"start":{"line":16,"column":10013},"end":{"line":16,"column":10079}},"type":"if","locations":[{"start":{"line":16,"column":10013},"end":{"line":16,"column":10079}},{"start":{"line":16,"column":10013},"end":{"line":16,"column":10079}}],"line":16},"69":{"loc":{"start":{"line":16,"column":10089},"end":{"line":16,"column":10164}},"type":"if","locations":[{"start":{"line":16,"column":10089},"end":{"line":16,"column":10164}},{"start":{"line":16,"column":10089},"end":{"line":16,"column":10164}}],"line":16},"70":{"loc":{"start":{"line":16,"column":10165},"end":{"line":16,"column":10231}},"type":"if","locations":[{"start":{"line":16,"column":10165},"end":{"line":16,"column":10231}},{"start":{"line":16,"column":10165},"end":{"line":16,"column":10231}}],"line":16},"71":{"loc":{"start":{"line":16,"column":10366},"end":{"line":16,"column":10501}},"type":"if","locations":[{"start":{"line":16,"column":10366},"end":{"line":16,"column":10501}},{"start":{"line":16,"column":10366},"end":{"line":16,"column":10501}}],"line":16},"72":{"loc":{"start":{"line":16,"column":10370},"end":{"line":16,"column":10463}},"type":"binary-expr","locations":[{"start":{"line":16,"column":10370},"end":{"line":16,"column":10395}},{"start":{"line":16,"column":10399},"end":{"line":16,"column":10431}},{"start":{"line":16,"column":10435},"end":{"line":16,"column":10463}}],"line":16},"73":{"loc":{"start":{"line":16,"column":10504},"end":{"line":16,"column":10650}},"type":"binary-expr","locations":[{"start":{"line":16,"column":10504},"end":{"line":16,"column":10516}},{"start":{"line":16,"column":10521},"end":{"line":16,"column":10537}},{"start":{"line":16,"column":10541},"end":{"line":16,"column":10560}},{"start":{"line":16,"column":10565},"end":{"line":16,"column":10591}},{"start":{"line":16,"column":10595},"end":{"line":16,"column":10625}},{"start":{"line":16,"column":10630},"end":{"line":16,"column":10649}}],"line":16},"74":{"loc":{"start":{"line":16,"column":10665},"end":{"line":16,"column":10708}},"type":"cond-expr","locations":[{"start":{"line":16,"column":10680},"end":{"line":16,"column":10703}},{"start":{"line":16,"column":10706},"end":{"line":16,"column":10708}}],"line":16},"75":{"loc":{"start":{"line":16,"column":10755},"end":{"line":16,"column":10871}},"type":"cond-expr","locations":[{"start":{"line":16,"column":10771},"end":{"line":16,"column":10846}},{"start":{"line":16,"column":10850},"end":{"line":16,"column":10871}}],"line":16},"76":{"loc":{"start":{"line":16,"column":10924},"end":{"line":16,"column":10970}},"type":"if","locations":[{"start":{"line":16,"column":10924},"end":{"line":16,"column":10970}},{"start":{"line":16,"column":10924},"end":{"line":16,"column":10970}}],"line":16},"77":{"loc":{"start":{"line":16,"column":10978},"end":{"line":16,"column":11229}},"type":"cond-expr","locations":[{"start":{"line":16,"column":11034},"end":{"line":16,"column":11056}},{"start":{"line":16,"column":11059},"end":{"line":16,"column":11229}}],"line":16},"78":{"loc":{"start":{"line":16,"column":10978},"end":{"line":16,"column":11031}},"type":"binary-expr","locations":[{"start":{"line":16,"column":10978},"end":{"line":16,"column":11001}},{"start":{"line":16,"column":11005},"end":{"line":16,"column":11031}}],"line":16},"79":{"loc":{"start":{"line":16,"column":11059},"end":{"line":16,"column":11229}},"type":"cond-expr","locations":[{"start":{"line":16,"column":11087},"end":{"line":16,"column":11163}},{"start":{"line":16,"column":11167},"end":{"line":16,"column":11229}}],"line":16},"80":{"loc":{"start":{"line":16,"column":11167},"end":{"line":16,"column":11229}},"type":"binary-expr","locations":[{"start":{"line":16,"column":11167},"end":{"line":16,"column":11191}},{"start":{"line":16,"column":11195},"end":{"line":16,"column":11203}},{"start":{"line":16,"column":11208},"end":{"line":16,"column":11228}}],"line":16},"81":{"loc":{"start":{"line":16,"column":11378},"end":{"line":16,"column":11510}},"type":"if","locations":[{"start":{"line":16,"column":11378},"end":{"line":16,"column":11510}},{"start":{"line":16,"column":11378},"end":{"line":16,"column":11510}}],"line":16},"82":{"loc":{"start":{"line":16,"column":11639},"end":{"line":16,"column":11797}},"type":"if","locations":[{"start":{"line":16,"column":11639},"end":{"line":16,"column":11797}},{"start":{"line":16,"column":11639},"end":{"line":16,"column":11797}}],"line":16},"83":{"loc":{"start":{"line":16,"column":11701},"end":{"line":16,"column":11780}},"type":"if","locations":[{"start":{"line":16,"column":11701},"end":{"line":16,"column":11780}},{"start":{"line":16,"column":11701},"end":{"line":16,"column":11780}}],"line":16},"84":{"loc":{"start":{"line":16,"column":12013},"end":{"line":16,"column":12061}},"type":"binary-expr","locations":[{"start":{"line":16,"column":12013},"end":{"line":16,"column":12035}},{"start":{"line":16,"column":12040},"end":{"line":16,"column":12060}}],"line":16},"85":{"loc":{"start":{"line":17,"column":176},"end":{"line":17,"column":263}},"type":"if","locations":[{"start":{"line":17,"column":176},"end":{"line":17,"column":263}},{"start":{"line":17,"column":176},"end":{"line":17,"column":263}}],"line":17},"86":{"loc":{"start":{"line":19,"column":50},"end":{"line":19,"column":151}},"type":"if","locations":[{"start":{"line":19,"column":50},"end":{"line":19,"column":151}},{"start":{"line":19,"column":50},"end":{"line":19,"column":151}}],"line":19},"87":{"loc":{"start":{"line":20,"column":136},"end":{"line":20,"column":166}},"type":"binary-expr","locations":[{"start":{"line":20,"column":136},"end":{"line":20,"column":157}},{"start":{"line":20,"column":161},"end":{"line":20,"column":166}}],"line":20},"88":{"loc":{"start":{"line":20,"column":200},"end":{"line":20,"column":254}},"type":"if","locations":[{"start":{"line":20,"column":200},"end":{"line":20,"column":254}},{"start":{"line":20,"column":200},"end":{"line":20,"column":254}}],"line":20},"89":{"loc":{"start":{"line":21,"column":62},"end":{"line":21,"column":131}},"type":"if","locations":[{"start":{"line":21,"column":62},"end":{"line":21,"column":131}},{"start":{"line":21,"column":62},"end":{"line":21,"column":131}}],"line":21},"90":{"loc":{"start":{"line":21,"column":132},"end":{"line":21,"column":193}},"type":"if","locations":[{"start":{"line":21,"column":132},"end":{"line":21,"column":193}},{"start":{"line":21,"column":132},"end":{"line":21,"column":193}}],"line":21},"91":{"loc":{"start":{"line":22,"column":77},"end":{"line":22,"col
[...]
line":10,"column":11378},"end":{"line":10,"column":11510}},"type":"if","locations":[{"start":{"line":10,"column":11378},"end":{"line":10,"column":11510}},{"start":{"line":10,"column":11378},"end":{"line":10,"column":11510}}],"line":10},"82":{"loc":{"start":{"line":10,"column":11639},"end":{"line":10,"column":11797}},"type":"if","locations":[{"start":{"line":10,"column":11639},"end":{"line":10,"column":11797}},{"start":{"line":10,"column":11639},"end":{"line":10,"column":11797}}],"line":10},"83":{"loc":{"start":{"line":10,"column":11701},"end":{"line":10,"column":11780}},"type":"if","locations":[{"start":{"line":10,"column":11701},"end":{"line":10,"column":11780}},{"start":{"line":10,"column":11701},"end":{"line":10,"column":11780}}],"line":10},"84":{"loc":{"start":{"line":10,"column":12013},"end":{"line":10,"column":12061}},"type":"binary-expr","locations":[{"start":{"line":10,"column":12013},"end":{"line":10,"column":12035}},{"start":{"line":10,"column":12040},"end":{"line":10,"column":12060}}],"line":10},"85":{"loc":{"start":{"line":11,"column":176},"end":{"line":11,"column":263}},"type":"if","locations":[{"start":{"line":11,"column":176},"end":{"line":11,"column":263}},{"start":{"line":11,"column":176},"end":{"line":11,"column":263}}],"line":11},"86":{"loc":{"start":{"line":17,"column":16},"end":{"line":41,"column":7}},"type":"switch","locations":[{"start":{"line":18,"column":8},"end":{"line":26,"column":13}},{"start":{"line":27,"column":8},"end":{"line":34,"column":51}},{"start":{"line":35,"column":8},"end":{"line":37,"column":17}},{"start":{"line":38,"column":8},"end":{"line":38,"column":16}},{"start":{"line":39,"column":8},"end":{"line":40,"column":33}}],"line":17},"87":{"loc":{"start":{"line":29,"column":10},"end":{"line":32,"column":11}},"type":"if","locations":[{"start":{"line":29,"column":10},"end":{"line":32,"column":11}},{"start":{"line":29,"column":10},"end":{"line":32,"column":11}}],"line":29}},"s":{"0":0,"1":0,"2":0,"3":1,"4":1,"5":1,"6":1,"7":1,"8":2,"9":1,"10":1,"11":1,"12":1,"13":0,"14":1,"15":1,"16":1,"17":1,"18":13,"19":1,"20":1,"21":0,"22":0,"23":2,"24":2,"25":2,"26":2,"27":5,"28":5,"29":0,"30":1,"31":1,"32":1,"33":1,"34":0,"35":1,"36":1,"37":1,"38":1,"39":2,"40":6,"41":4,"42":0,"43":0,"44":0,"45":0,"46":0,"47":0,"48":0,"49":0,"50":0,"51":0,"52":0,"53":0,"54":0,"55":0,"56":2,"57":2,"58":4,"59":0,"60":4,"61":0,"62":0,"63":0,"64":4,"65":5,"66":5,"67":0,"68":0,"69":0,"70":0,"71":0,"72":5,"73":4,"74":1,"75":0,"76":0,"77":0,"78":1,"79":5,"80":5,"81":5,"82":5,"83":1,"84":4,"85":0,"86":0,"87":0,"88":0,"89":0,"90":0,"91":0,"92":0,"93":0,"94":0,"95":0,"96":0,"97":2,"98":2,"99":2,"100":1,"101":1,"102":1,"103":1,"104":0,"105":0,"106":0,"107":0,"108":0,"109":0,"110":0,"111":0,"112":0,"113":0,"114":0,"115":0,"116":1,"117":0,"118":0,"119":1,"120":0,"121":0,"122":0,"123":0,"124":0,"125":0,"126":0,"127":0,"128":0,"129":0,"130":0,"131":0,"132":0,"133":0,"134":0,"135":0,"136":0,"137":0,"138":2,"139":0,"140":0,"141":2,"142":2,"143":2,"144":0,"145":2,"146":0,"147":0,"148":0,"149":0,"150":0,"151":0,"152":0,"153":0,"154":0,"155":0,"156":0,"157":0,"158":0,"159":0,"160":0,"161":0,"162":0,"163":0,"164":0,"165":0,"166":0,"167":0,"168":0,"169":0,"170":0,"171":2,"172":2,"173":2,"174":2,"175":0,"176":0,"177":2,"178":2,"179":2,"180":2,"181":0,"182":2,"183":0,"184":0,"185":0,"186":0,"187":0,"188":0,"189":0,"190":0,"191":0,"192":0,"193":0,"194":0,"195":0,"196":0,"197":0,"198":0,"199":4,"200":4,"201":4,"202":0,"203":0,"204":4,"205":2,"206":2,"207":1,"208":2,"209":2,"210":2,"211":2,"212":4,"213":0,"214":2,"215":1,"216":1,"217":2,"218":5,"219":6,"220":2,"221":2,"222":2,"223":2,"224":2,"225":2,"226":1,"227":1,"228":1,"229":1,"230":1,"231":1,"232":2,"233":1,"234":2,"235":1,"236":1},"f":{"0":0,"1":0,"2":0,"3":1,"4":1,"5":2,"6":0,"7":13,"8":0,"9":2,"10":5,"11":0,"12":0,"13":0,"14":0,"15":2,"16":6,"17":4,"18":0,"19":0,"20":0,"21":0,"22":0,"23":0,"24":0,"25":0,"26":0,"27":2,"28":4,"29":0,"30":0,"31":2,"32":2,"33":1,"34":0,"35":0,"36":0,"37":1,"38":0,"39":0,"40":0,"41":0,"42":0,"43":0,"44":0,"45":0,"46":2,"47":2,"48":0,"49":0,"50":2,"51":2,"52":0,"53":0,"54":0,"55":4,"56":1,"57":2,"58":2,"59":4,"60":0,"61":1,"62":2,"63":5,"64":2},"b":{"0":[0,0],"1":[0,0],"2":[0,0],"3":[0,0,0,0],"4":[0,1],"5":[1,1],"6":[1,0],"7":[1,0],"8":[1,0],"9":[1,0],"10":[1,0],"11":[2,0],"12":[2,2],"13":[2,2],"14":[1,1],"15":[1,1,1,1],"16":[0,0],"17":[0,0],"18":[0,0,0],"19":[0,0],"20":[0,4],"21":[0,4],"22":[0,0],"23":[0,5],"24":[0,0],"25":[0,0],"26":[4,1],"27":[0,1],"28":[0,0],"29":[1,1],"30":[5,0],"31":[1,4],"32":[2,3],"33":[0,0],"34":[0,0],"35":[0,0,0,0,0],"36":[0,0],"37":[0,0],"38":[0,0],"39":[0,0],"40":[0,0],"41":[0,0],"42":[2,2],"43":[1,0],"44":[1,0],"45":[0,0],"46":[0,0],"47":[0,0],"48":[0,0],"49":[0,0,0],"50":[0,0],"51":[1,0],"52":[0,0],"53":[0,0],"54":[0,0],"55":[0,0],"56":[0,2],"57":[0,0,0,0],"58":[0,2],"59":[0,0],"60":[0,0],"61":[0,0],"62":[0,0],"63":[0,0],"64":[0,0],"65":[0,0],"66":[0,0],"67":[0,0],"68":[0,0],"69":[0,0],"70":[0,0],"71":[0,2],"72":[2,0,0],"73":[2,0,0,0,0,0],"74":[0,2],"75":[0,2],"76":[0,2],"77":[0,2],"78":[2,2],"79":[2,0],"80":[0,0,0],"81":[0,0],"82":[0,0],"83":[0,0],"84":[0,0],"85":[2,2],"86":[2,2,1,1,2],"87":[1,1]},"inputSourceMap":{"version":3,"names":["_models","_interopRequireDefault","require","obj","__esModule","_regeneratorRuntime","exports","Op","Object","prototype","hasOwn","hasOwnProperty","defineProperty","key","desc","value","$Symbol","Symbol","iteratorSymbol","iterator","asyncIteratorSymbol","asyncIterator","toStringTagSymbol","toStringTag","define","enumerable","configurable","writable","err","wrap","innerFn","outerFn","self","tryLocsList","protoGenerator","Generator","generator","create","context","Context","makeInvokeMethod","tryCatch","fn","arg","type","call","ContinueSentinel","GeneratorFunction","GeneratorFunctionPrototype","IteratorPrototype","getProto","getPrototypeOf","NativeIteratorPrototype","values","Gp","defineIteratorMethods","forEach","method","_invoke","AsyncIterator","PromiseImpl","invoke","resolve","reject","record","result","_typeof","__await","then","unwrapped","error","previousPromise","callInvokeWithMethodAndArg","state","Error","doneResult","delegate","delegateResult","maybeInvokeDelegate","sent","_sent","dispatchException","abrupt","done","methodName","undefined","TypeError","info","resultName","next","nextLoc","pushTryEntry","locs","entry","tryLoc","catchLoc","finallyLoc","afterLoc","tryEntries","push","resetTryEntry","completion","reset","iterable","iteratorMethod","isNaN","length","i","displayName","isGeneratorFunction","genFun","ctor","constructor","name","mark","setPrototypeOf","__proto__","awrap","async","Promise","iter","keys","val","object","reverse","pop","skipTempReset","prev","charAt","slice","stop","rootRecord","rval","exception","handle","loc","caught","hasCatch","hasFinally","finallyEntry","complete","finish","_catch","thrown","delegateYield","asyncGeneratorStep","gen","_next","_throw","_asyncToGenerator","args","arguments","apply","checkUser","_ref","_callee","req","res","email","users","findUser","_callee$","_context","body","Models","findOne","where","user","_x","_x2","_x3","_default"],"sourceRoot":"E:\\andela\\New Andela\\Andela Team work\\resentEmail\\src\\middelwares\\","sources":["checkUser.js"],"sourcesContent":["import Models from '../db/models';\nconst checkUser = async (req,res,next) =>{\n    const{email}=req.body\n    const {users}=Models\n    const findUser= await users.findOne({\n        where:{email:email}\n    });\n    if(findUser){\n        req.user = findUser\n        return next();\n    }\n    req.user = null;\n    next();\n}\n\nexport default checkUser"],"mappings":";;;;;;;AAAA,IAAAA,OAAA,GAAAC,sBAAA,CAAAC,OAAA;AAAkC,SAAAD,uBAAAE,GAAA,WAAAA,GAAA,IAAAA,GAAA,CAAAC,UAAA,GAAAD,GAAA,gBAAAA,GAAA;AAAA,SAAAE,oBAAA,kBAClC,qJAAAA,mBAAA,YAAAA,oBAAA,WAAAC,OAAA,SAAAA,OAAA,OAAAC,EAAA,GAAAC,MAAA,CAAAC,SAAA,EAAAC,MAAA,GAAAH,EAAA,CAAAI,cAAA,EAAAC,cAAA,GAAAJ,MAAA,CAAAI,cAAA,cAAAT,GAAA,EAAAU,GAAA,EAAAC,IAAA,IAAAX,GAAA,CAAAU,GAAA,IAAAC,IAAA,CAAAC,KAAA,KAAAC,OAAA,wBAAAC,MAAA,GAAAA,MAAA,OAAAC,cAAA,GAAAF,OAAA,CAAAG,QAAA,kBAAAC,mBAAA,GAAAJ,OAAA,CAAAK,aAAA,uBAAAC,iBAAA,GAAAN,OAAA,CAAAO,WAAA,8BAAAC,OAAArB,GAAA,EAAAU,GAAA,EAAAE,KAAA,WAAAP,MAAA,CAAAI,cAAA,CAAAT,GAAA,EAAAU,GAAA,IAAAE,KAAA,EAAAA,KAAA,EAAAU,UAAA,MAAAC,YAAA,MAAAC,QAAA,SAAAxB,GAAA,CAAAU,GAAA,WAAAW,MAAA,mBAAAI,GAAA,IAAAJ,MAAA,YAAAA,OAAArB,GAAA,EAAAU,GAAA,EAAAE,KAAA,WAAAZ,GAAA,CAAAU,GAAA,IAAAE,KAAA,gBAAAc,KAAAC,OAAA,EAAAC,OAAA,EAAAC,IAAA,EAAAC,WAAA,QAAAC,cAAA,GAAAH,OAAA,IAAAA,OAAA,CAAAtB,SAAA,YAAA0B,SAAA,GAAAJ,OAAA,GAAAI,SAAA,EAAAC,SAAA,GAAA5B,MAAA,CAAA6B,MAAA,CAAAH,cAAA,CAAAzB,SAAA,GAAA6B,OAAA,OAAAC,OAAA,CAAAN,WAAA,gBAAArB,cAAA,CAAAwB,SAAA,eAAArB,KAAA,EAAAyB,gBAAA,CAAAV,OAAA,EAAAE,IAAA,EAAAM,OAAA,MAAAF,SAAA,aAAAK,SAAAC,EAAA,EAAAvC,GAAA,EAAAwC,GAAA,mBAAAC,IAAA,YAAAD,GAAA,EAAAD,EAAA,CAAAG,IAAA,CAAA1C,GAAA,EAAAwC,GAAA,cAAAf,GAAA,aAAAgB,IAAA,WAAAD,GAAA,EAAAf,GAAA,QAAAtB,OAAA,CAAAuB,IAAA,GAAAA,IAAA,MAAAiB,gBAAA,gBAAAX,UAAA,cAAAY,kBAAA,cAAAC,2BAAA,SAAAC,iBAAA,OAAAzB,MAAA,CAAAyB,iBAAA,EAAA/B,cAAA,qCAAAgC,QAAA,GAAA1C,MAAA,CAAA2C,cAAA,EAAAC,uBAAA,GAAAF,QAAA,IAAAA,QAAA,CAAAA,QAAA,CAAAG,MAAA,QAAAD,uBAAA,IAAAA,uBAAA,KAAA7C,EAAA,IAAAG,MAAA,CAAAmC,IAAA,CAAAO,uBAAA,EAAAlC,cAAA,MAAA+B,iBAAA,GAAAG,uBAAA,OAAAE,EAAA,GAAAN,0BAAA,CAAAvC,SAAA,GAAA0B,SAAA,CAAA1B,SAAA,GAAAD,MAAA,CAAA6B,MAAA,CAAAY,iBAAA,YAAAM,sBAAA9C,SAAA,gCAAA+C,OAAA,WAAAC,MAAA,IAAAjC,MAAA,CAAAf,SAAA,EAAAgD,MAAA,YAAAd,GAAA,gBAAAe,OAAA,CAAAD,MAAA,EAAAd,GAAA,sBAAAgB,cAAAvB,SAAA,EAAAwB,WAAA,aAAAC,OAAAJ,MAAA,EAAAd,GAAA,EAAAmB,OAAA,EAAAC,MAAA,QAAAC,MAAA,GAAAvB,QAAA,CAAAL,SAAA,CAAAqB,MAAA,GAAArB,SAAA,EAAAO,GAAA,mBAAAqB,MAAA,CAAApB,IAAA,QAAAqB,MAAA,GAAAD,MAAA,CAAArB,GAAA,EAAA5B,KAAA,GAAAkD,MAAA,CAAAlD,KAAA,SAAAA,KAAA,gBAAAmD,OAAA,CAAAnD,KAAA,KAAAL,MAAA,CAAAmC,IAAA,CAAA9B,KAAA,eAAA6C,WAAA,CAAAE,OAAA,CAAA/C,KAAA,CAAAoD,OAAA,EAAAC,IAAA,WAAArD,KAAA,IAAA8C,MAAA,SAAA9C,KAAA,EAAA+C,OAAA,EAAAC,MAAA,gBAAAnC,GAAA,IAAAiC,MAAA,UAAAjC,GAAA,EAAAkC,OAAA,EAAAC,MAAA,QAAAH,WAAA,CAAAE,OAAA,CAAA/C,KAAA,EAAAqD,IAAA,WAAAC,SAAA,IAAAJ,MAAA,CAAAlD,KAAA,GAAAsD,SAAA,EAAAP,OAAA,CAAAG,MAAA,gBAAAK,KAAA,WAAAT,MAAA,UAAAS,KAAA,EAAAR,OAAA,EAAAC,MAAA,SAAAA,MAAA,CAAAC,MAAA,CAAArB,GAAA,SAAA4B,eAAA,EAAA3D,cAAA,oBAAAG,KAAA,WAAAA,MAAA0C,MAAA,EAAAd,GAAA,aAAA6B,2BAAA,eAAAZ,WAAA,WAAAE,OAAA,EAAAC,MAAA,IAAAF,MAAA,CAAAJ,MAAA,EAAAd,GAAA,EAAAmB,OAAA,EAAAC,MAAA,gBAAAQ,eAAA,GAAAA,eAAA,GAAAA,eAAA,CAAAH,IAAA,CAAAI,0BAAA,EAAAA,0BAAA,IAAAA,0BAAA,qBAAAhC,iBAAAV,OAAA,EAAAE,IAAA,EAAAM,OAAA,QAAAmC,KAAA,sCAAAhB,MAAA,EAAAd,GAAA,wBAAA8B,KAAA,YAAAC,KAAA,sDAAAD,KAAA,oBAAAhB,MAAA,QAAAd,GAAA,SAAAgC,UAAA,WAAArC,OAAA,CAAAmB,MAAA,GAAAA,MAAA,EAAAnB,OAAA,CAAAK,GAAA,GAAAA,GAAA,UAAAiC,QAAA,GAAAtC,OAAA,CAAAsC,QAAA,MAAAA,QAAA,QAAAC,cAAA,GAAAC,mBAAA,CAAAF,QAAA,EAAAtC,OAAA,OAAAuC,cAAA,QAAAA,cAAA,KAAA/B,gBAAA,mBAAA+B,cAAA,qBAAAvC,OAAA,CAAAmB,MAAA,EAAAnB,OAAA,CAAAyC,IAAA,GAAAzC,OAAA,CAAA0C,KAAA,GAAA1C,OAAA,CAAAK,GAAA,sBAAAL,OAAA,CAAAmB,MAAA,6BAAAgB,KAAA,QAAAA,KAAA,gBAAAnC,OAAA,CAAAK,GAAA,EAAAL,OAAA,CAAA2C,iBAAA,CAAA3C,OAAA,CAAAK,GAAA,uBAAAL,OAAA,CAAAmB,MAAA,IAAAnB,OAAA,CAAA4C,MAAA,WAAA5C,OAAA,CAAAK,GAAA,GAAA8B,KAAA,oBAAAT,MAAA,GAAAvB,QAAA,CAAAX,OAAA,EAAAE,IAAA,EAAAM,OAAA,oBAAA0B,MAAA,CAAApB,IAAA,QAAA6B,KAAA,GAAAnC,OAAA,CAAA6C,IAAA,mCAAAnB,MAAA,CAAArB,GAAA,KAAAG,gBAAA,qBAAA/B,KAAA,EAAAiD,MAAA,CAAArB,GAAA,EAAAwC,IAAA,EAAA7C,OAAA,CAAA6C,IAAA,kBAAAnB,MAAA,CAAApB,IAAA,KAAA6B,KAAA,gBAAAnC,OAAA,CAAAmB,MAAA,YAAAnB,OAAA,CAAAK,GAAA,GAAAqB,MAAA,CAAArB,GAAA,mBAAAmC,oBAAAF,QAAA,EAAAtC,OAAA,QAAA8C,UAAA,GAAA9C,OAAA,CAAAmB,MAAA,EAAAA,MAAA,GAAAmB,QAAA,CAAAzD,QAAA,CAAAiE,UAAA,OAAAC,SAAA,KAAA5B,MAAA,SAAAnB,OAAA,CAAAsC,QAAA,qBAAAQ,UAAA,IAAAR,QAAA,CAAAzD,QAAA,eAAAmB,OAAA,CAAAmB,MAAA,aAAAnB,OAAA,CAAAK,GAAA,GAAA0C,SAAA,EAAAP,mBAAA,CAAAF,QAAA,EAAAtC,OAAA,eAAAA,OAAA,CAAAmB,MAAA,kBAAA2B,UAAA,KAAA9C,OAAA,CAAAmB,MAAA,YAAAnB,OAAA,CAAAK,GAAA,OAAA2C,SAAA,uCAAAF,UAAA,iBAAAtC,gBAAA,MAAAkB,MAAA,GAAAvB,QAAA,CAAAgB,MAAA,EAAAmB,QAAA,CAAAzD,QAAA,EAAAmB,OAAA,CAAAK,GAAA,mBAAAqB,MAAA,CAAApB,IAAA,SAAAN,OAAA,CAAAmB,MAAA,YAAAnB,OAAA,CAAAK,GAAA,GAAAqB,MAAA,CAAArB,GAAA,EAAAL,OAAA,CAAAsC,QAAA,SAAA9B,gBAAA,MAAAyC,IAAA,GAAAvB,MAAA,CAAArB,GAAA,SAAA4C,IAAA,GAAAA,IAAA,CAAAJ,IAAA,IAAA7C,OAAA,CAAAsC,QAAA,CAAAY,UAAA,IAAAD,IAAA,CAAAxE,KAAA,EAAAuB,OAAA,CAAAmD,IAAA,GAAAb,QAAA,CAAAc,OAAA,eAAApD,OAAA,CAAAmB,MAAA,KAAAnB,OAAA,CAAAmB,MAAA,WAAAnB,OAAA,CAAAK,GAAA,GAAA0C,SAAA,GAAA/C,OAAA,CAAAsC,QAAA,SAAA9B,gBAAA,IAAAyC,IAAA,IAAAjD,OAAA,CAAAmB,MAAA,YAAAnB,OAAA,CAAAK,GAAA,OAAA2C,SAAA,sCAAAhD,OAAA,CAAAsC,QAAA,SAAA9B,gBAAA,cAAA6C,aAAAC,IAAA,QAAAC,KAAA,KAAAC,MAAA,EAAAF,IAAA,YAAAA,IAAA,KAAAC,KAAA,CAAAE,QAAA,GAAAH,IAAA,WAAAA,IAAA,KAAAC,KAAA,CAAAG,UAAA,GAAAJ,IAAA,KAAAC,KAAA,CAAAI,QAAA,GAAAL,IAAA,WAAAM,UAAA,CAAAC,IAAA,CAAAN,KAAA,cAAAO,cAAAP,KAAA,QAAA7B,MAAA,GAAA6B,KAAA,CAAAQ,UAAA,QAAArC,MAAA,CAAApB,IAAA,oBAAAoB,MAAA,CAAArB,GAAA,EAAAkD,KAAA,CAAAQ,UAAA,GAAArC,MAAA,aAAAzB,QAAAN,WAAA,SAAAiE,UAAA,MAAAJ,MAAA,aAAA7D,WAAA,CAAAuB,OAAA,CAAAmC,YAAA,cAAAW,KAAA,iBAAAjD,OAAAkD,QAAA,QAAAA,QAAA,QAAAC,cAAA,GAAAD,QAAA,CAAArF,cAAA,OAAAsF,cAAA,SAAAA,cAAA,CAAA3D,IAAA,CAAA0D,QAAA,4BAAAA,QAAA,CAAAd,IAAA,SAAAc,QAAA,OAAAE,KAAA,CAAAF,QAAA,CAAAG,MAAA,SAAAC,CAAA,OAAAlB,IAAA,YAAAA,KAAA,aAAAkB,CAAA,GAAAJ,QAAA,CAAAG,MAAA,OAAAhG,MAAA,CAAAmC,IAAA,CAAA0D,QAAA,EAAAI,CAAA,UAAAlB,IAAA,CAAA1E,KAAA,GAAAwF,QAAA,CAAAI,CAAA,GAAAlB,IAAA,CAAAN,IAAA,OAAAM,IAAA,SAAAA,IAAA,CAAA1E,KAAA,GAAAsE,SAAA,EAAAI,IAAA,CAAAN,IAAA,OAAAM,IAAA,YAAAA,IAAA,CAAAA,IAAA,GAAAA,IAAA,eAAAA,IAAA,EAAAd,UAAA,eAAAA,WAAA,aAAA5D,KAAA,EAAAsE,SAAA,EAAAF,IAAA,iBAAApC,iBAAA,CAAAtC,SAAA,GAAAuC,0BAAA,EAAApC,cAAA,CAAA0C,EAAA,mBAAAvC,KAAA,EAAAiC,0BAAA,EAAAtB,YAAA,SAAAd,cAAA,CAAAoC,0BAAA,mBAAAjC,KAAA,EAAAgC,iBAAA,EAAArB,YAAA,SAAAqB,iBAAA,CAAA6D,WAAA,GAAApF,MAAA,CAAAwB,0BAAA,EAAA1B,iBAAA,wBAAAhB,OAAA,CAAAuG,mBAAA,aAAAC,MAAA,QAAAC,IAAA,wBAAAD,MAAA,IAAAA,MAAA,CAAAE,WAAA,WAAAD,IAAA,KAAAA,IAAA,KAAAhE,iBAAA,6BAAAgE,IAAA,CAAAH,WAAA,IAAAG,IAAA,CAAAE,IAAA,OAAA3G,OAAA,CAAA4G,IAAA,aAAAJ,MAAA,WAAAtG,MAAA,CAAA2G,cAAA,GAAA3G,MAAA,CAAA2G,cAAA,CAAAL,MAAA,EAAA9D,0BAAA,KAAA8D,MAAA,CAAAM,SAAA,GAAApE,0BAAA,EAAAxB,MAAA,CAAAsF,MAAA,EAAAxF,iBAAA,yBAAAwF,MAAA,CAAArG,SAAA,GAAAD,MAAA,CAAA6B,MAAA,CAAAiB,EAAA,GAAAwD,MAAA,KAAAxG,OAAA,CAAA+G,KAAA,aAAA1E,GAAA,aAAAwB,OAAA,EAAAxB,GAAA,OAAAY,qBAAA,CAAAI,aAAA,CAAAlD,SAAA,GAAAe,MAAA,CAAAmC,aAAA,CAAAlD,SAAA,EAAAW,mBAAA,iCAAAd,OAAA,CAAAqD,aAAA,GAAAA,aAAA,EAAArD,OAAA,CAAAgH,KAAA,aAAAxF,OAAA,EAAAC,OAAA,EAAAC,IAAA,EAAAC,WAAA,EAAA2B,WAAA,eAAAA,WAAA,KAAAA,WAAA,GAAA2D,OAAA,OAAAC,IAAA,OAAA7D,aAAA,CAAA9B,IAAA,CAAAC,OAAA,EAAAC,OAAA,EAAAC,IAAA,EAAAC,WAAA,GAAA2B,WAAA,UAAAtD,OAAA,CAAAuG,mBAAA,CAAA9E,OAAA,IAAAyF,IAAA,GAAAA,IAAA,CAAA/B,IAAA,GAAArB,IAAA,WAAAH,MAAA,WAAAA,MAAA,CAAAkB,IAAA,GAAAlB,MAAA,CAAAlD,KAAA,GAAAyG,IAAA,CAAA/B,IAAA,WAAAlC,qBAAA,CAAAD,EAAA,GAAA9B,MAAA,CAAA8B,EAAA,EAAAhC,iBAAA,gBAAAE,MAAA,CAAA8B,EAAA,EAAApC,cAAA,iCAAAM,MAAA,CAAA8B,EAAA,6DAAAhD,OAAA,CAAAmH,IAAA,aAAAC,GAAA,QAAAC,MAAA,GAAAnH,MAAA,CAAAkH,GAAA,GAAAD,IAAA,gBAAA5G,GAAA,IAAA8G,MAAA,EAAAF,IAAA,CAAAtB,IAAA,CAAAtF,GAAA,UAAA4G,IAAA,CAAAG,OAAA,aAAAnC,KAAA,WAAAgC,IAAA,CAAAf,MAAA,SAAA7F,GAAA,GAAA4G,IAAA,CAAAI,GAAA,QAAAhH,GAAA,IAAA8G,MAAA,SAAAlC,IAAA,CAAA1E,KAAA,GAAAF,GAAA,EAAA4E,IAAA,CAAAN,IAAA,OAAAM,IAAA,WAAAA,IAAA,CAAAN,IAAA,OAAAM,IAAA,QAAAnF,OAAA,CAAA+C,MAAA,GAAAA,MAAA,EAAAd,OAAA,CAAA9B,SAAA,KAAAuG,WAAA,EAAAzE,OAAA,EAAA+D,KAAA,WAAAA,MAAAwB,aAAA,aAAAC,IAAA,WAAAtC,IAAA,WAAAV,IAAA,QAAAC,KAAA,GAAAK,SAAA,OAAAF,IAAA,YAAAP,QAAA,cAAAnB,MAAA,gBAAAd,GAAA,GAAA0C,SAAA,OAAAa,UAAA,CAAA1C,OAAA,CAAA4C,aAAA,IAAA0B,aAAA,WAAAb,IAAA,kBAAAA,IAAA,CAAAe,MAAA,OAAAtH,MAAA,CAAAmC,IAAA,OAAAoE,IAAA,MAAAR,KAAA,EAAAQ,IAAA,CAAAgB,KAAA,cAAAhB,IAAA,IAAA5B,SAAA,MAAA6C,IAAA,WAAAA,KAAA,SAAA/C,IAAA,WAAAgD,UAAA,QAAAjC,UAAA,IAAAG,UAAA,kBAAA8B,UAAA,CAAAvF,IAAA,QAAAuF,UAAA,CAAAxF,GAAA,cAAAyF,IAAA,KAAAnD,iBAAA,WAAAA,kBAAAoD,SAAA,aAAAlD,IAAA,QAAAkD,SAAA,MAAA/F,OAAA,kBAAAgG,OAAAC,GAAA,EAAAC,MAAA,WAAAxE,MAAA,CAAApB,IAAA,YAAAoB,MAAA,CAAArB,GAAA,GAAA0F,SAAA,EAAA/F,OAAA,CAAAmD,IAAA,GAAA8C,GAAA,EAAAC,MAAA,KAAAlG,OAAA,CAAAmB,MAAA,WAAAnB,OAAA,CAAAK,GAAA,GAAA0C,SAAA,KAAAmD,MAAA,aAAA7B,CAAA,QAAAT,UAAA,CAAAQ,MAAA,MAAAC,CAAA,SAAAA,CAAA,QAAAd,KAAA,QAAAK,UAAA,CAAAS,CAAA,GAAA3C,MAAA,GAAA6B,KAAA,CAAAQ,UAAA,iBAAAR,KAAA,CAAAC,MAAA,SAAAwC,MAAA,aAAAzC,KAAA,CAAAC,MAAA,SAAAiC,IAAA,QAAAU,QAAA,GAAA/H,MAAA,CAAAmC,IAAA,CAAAgD,KAAA,eAAA6C,UAAA,GAAAhI,MAAA,CAAAmC,IAAA,CAAAgD,KAAA,qBAAA4C,QAAA,IAAAC,UAAA,aAAAX,IAAA,GAAAlC,KAAA,CAAAE,QAAA,SAAAuC,MAAA,CAAAzC,KAAA,CAAAE,QAAA,gBAAAgC,IAAA,GAAAlC,KAAA,CAAAG,UAAA,SAAAsC,MAAA,CAAAzC,KAAA,CAAAG,UAAA,cAAAyC,QAAA,aAAAV,IAAA,GAAAlC,KAAA,CAAAE,QAAA,SAAAuC,MAAA,CAAAzC,KAAA,CAAAE,QAAA,qBAAA2C,UAAA,YAAAhE,KAAA,qDAAAqD,IAAA,GAAAlC,KAAA,CAAAG,UAAA,SAAAsC,MAAA,CAAAzC,KAAA,CAAAG,UAAA,YAAAd,MAAA,WAAAA,OAAAtC,IAAA,EAAAD,GAAA,aAAAgE,CAAA,QAAAT,UAAA,CAAAQ,MAAA,MAAAC,CAAA,SAAAA,CAAA,QAAAd,KAAA,QAAAK,UAAA,CAAAS,CAAA,OAAAd,KAAA,CAAAC,MAAA,SAAAiC,IAAA,IAAArH,MAAA,CAAAmC,IAAA,CAAAgD,KAAA,wBAAAkC,IAAA,GAAAlC,KAAA,CAAAG,UAAA,QAAA2C,YAAA,GAAA9C,KAAA,aAAA8C,YAAA,iBAAA/F,IAAA,mBAAAA,IAAA,KAAA+F,YAAA,CAAA7C,MAAA,IAAAnD,GAAA,IAAAA,GAAA,IAAAgG,YAAA,CAAA3C,UAAA,KAAA2C,YAAA,cAAA3E,MAAA,GAAA2E,YAAA,GAAAA,YAAA,CAAAtC,UAAA,cAAArC,MAAA,CAAApB,IAAA,GAAAA,IAAA,EAAAoB,MAAA,CAAArB,GAAA,GAAAA,GAAA,EAAAgG,YAAA,SAAAlF,MAAA,gBAAAgC,IAAA,GAAAkD,YAAA,CAAA3C,UAAA,EAAAlD,gBAAA,SAAA8F,QAAA,CAAA5E,MAAA,MAAA4E,QAAA,WAAAA,SAAA5E,MAAA,EAAAiC,QAAA,oBAAAjC,MAAA,CAAApB,IAAA,QAAAoB,MAAA,CAAArB,GAAA,qBAAAqB,MAAA,CAAApB,IAAA,mBAAAoB,MAAA,CAAApB,IAAA,QAAA6C,IAAA,GAAAzB,MAAA,CAAArB,GAAA,gBAAAqB,MAAA,CAAApB,IAAA,SAAAwF,IAAA,QAAAzF,GAAA,GAAAqB,MAAA,CAAArB,GAAA,OAAAc,MAAA,kBAAAgC,IAAA,yBAAAzB,MAAA,CAAApB,IAAA,IAAAqD,QAAA,UAAAR,IAAA,GAAAQ,QAAA,GAAAnD,gBAAA,KAAA+F,MAAA,WAAAA,OAAA7C,UAAA,aAAAW,CAAA,QAAAT,UAAA,CAAAQ,MAAA,MAAAC,CAAA,SAAAA,CAAA,QAAAd,KAAA,QAAAK,UAAA,CAAAS,CAAA,OAAAd,KAAA,CAAAG,UAAA,KAAAA,UAAA,cAAA4C,QAAA,CAAA/C,KAAA,CAAAQ,UAAA,EAAAR,KAAA,CAAAI,QAAA,GAAAG,aAAA,CAAAP,KAAA,GAAA/C,gBAAA,yBAAAgG,OAAAhD,MAAA,aAAAa,CAAA,QAAAT,UAAA,CAAAQ,MAAA,MAAAC,CAAA,SAAAA,CAAA,QAAAd,KAAA,QAAAK,UAAA,CAAAS,CAAA,OAAAd,KAAA,CAAAC,MAAA,KAAAA,MAAA,QAAA9B,MAAA,GAAA6B,KAAA,CAAAQ,UAAA,kBAAArC,MAAA,CAAApB,IAAA,QAAAmG,MAAA,GAAA/E,MAAA,CAAArB,GAAA,EAAAyD,aAAA,CAAAP,KAAA,YAAAkD,MAAA,gBAAArE,KAAA,8BAAAsE,aAAA,WAAAA,cAAAzC,QAAA,EAAAf,UAAA,EAAAE,OAAA,gBAAAd,QAAA,KAAAzD,QAAA,EAAAkC,MAAA,CAAAkD,QAAA,GAAAf,UAAA,EAAAA,UAAA,EAAAE,OAAA,EAAAA,OAAA,oBAAAjC,MAAA,UAAAd,GAAA,GAAA0C,SAAA,GAAAvC,gBAAA,OAAAxC,OAAA;AAAA,SAAA2I,mBAAAC,GAAA,EAAApF,OAAA,EAAAC,MAAA,EAAAoF,KAAA,EAAAC,MAAA,EAAAvI,GAAA,EAAA8B,GAAA,cAAA4C,IAAA,GAAA2D,GAAA,CAAArI,GAAA,EAAA8B,GAAA,OAAA5B,KAAA,GAAAwE,IAAA,CAAAxE,KAAA,WAAAuD,KAAA,IAAAP,MAAA,CAAAO,KAAA,iBAAAiB,IAAA,CAAAJ,IAAA,IAAArB,OAAA,CAAA/C,KAAA,YAAAwG,OAAA,CAAAzD,OAAA,CAAA/C,KAAA,EAAAqD,IAAA,CAAA+E,KAAA,EAAAC,MAAA;AAAA,SAAAC,kBAAA3G,EAAA,6BAAAV,IAAA,SAAAsH,IAAA,GAAAC,SAAA,aAAAhC,OAAA,WAAAzD,OAAA,EAAAC,MAAA,QAAAmF,GAAA,GAAAxG,EAAA,CAAA8G,KAAA,CAAAxH,IAAA,EAAAsH,IAAA,YAAAH,MAAApI,KAAA,IAAAkI,kBAAA,CAAAC,GAAA,EAAApF,OAAA,EAAAC,MAAA,EAAAoF,KAAA,EAAAC,MAAA,UAAArI,KAAA,cAAAqI,OAAAxH,GAAA,IAAAqH,kBAAA,CAAAC,GAAA,EAAApF,OAAA,EAAAC,MAAA,EAAAoF,KAAA,EAAAC,MAAA,WAAAxH,GAAA,KAAAuH,KAAA,CAAA9D,SAAA;AAAA,IAAMoE,SAAS;EAAA,IAAAC,IAAA,GAAAL,iBAAA,eAAAhJ,mBAAA,GAAA6G,IAAA,CAAG,SAAAyC,QAAOC,GAAG,EAACC,GAAG,EAACpE,IAAI;IAAA,IAAAqE,KAAA,EAAAC,KAAA,EAAAC,QAAA;IAAA,OAAA3J,mBAAA,GAAAwB,IAAA,UAAAoI,SAAAC,QAAA;MAAA,kBAAAA,QAAA,CAAAnC,IAAA,GAAAmC,QAAA,CAAAzE,IAAA;QAAA;UAC3BqE,KAAK,GAAEF,GAAG,CAACO,IAAI,CAAfL,KAAK;UACJC,KAAK,GAAEK,kBAAM,CAAbL,KAAK;UAAAG,QAAA,CAAAzE,IAAA;UAAA,OACUsE,KAAK,CAACM,OAAO,CAAC;YAChCC,KAAK,EAAC;cAACR,KAAK,EAACA;YAAK;UACtB,CAAC,CAAC;QAAA;UAFIE,QAAQ,GAAAE,QAAA,CAAAnF,IAAA;UAAA,KAGXiF,QAAQ;YAAAE,QAAA,CAAAzE,IAAA;YAAA;UAAA;UACPmE,GAAG,CAACW,IAAI,GAAGP,QAAQ;UAAA,OAAAE,QAAA,CAAAhF,MAAA,WACZO,IAAI,EAAE;QAAA;UAEjBmE,GAAG,CAACW,IAAI,GAAG,IAAI;UACf9E,IAAI,EAAE;QAAC;QAAA;UAAA,OAAAyE,QAAA,CAAAhC,IAAA;MAAA;IAAA,GAAAyB,OAAA;EAAA,CACV;EAAA,gBAZKF,SAASA,CAAAe,EAAA,EAAAC,GAAA,EAAAC,GAAA;IAAA,OAAAhB,IAAA,CAAAF,KAAA,OAAAD,SAAA;EAAA;AAAA,GAYd;AAAA,IAAAoB,QAAA,GAEclB,SAAS;AAAAnJ,OAAA,cAAAqK,QAAA"},"_coverageSchema":"1a1c01bbd47fc00a2c39e90264f33305004495a9","hash":"d4cff0e1d783f37c09c4719bdf88cdcb763a58a6","contentHash":"19e59b967880fae41b704e6393aa13cbee8ab962ef213ad30d4c5e2b6a53724a"}}