TN:
SF:src\server.js
FN:3,_interopRequireDefault
FN:13,(anonymous_1)
FNF:2
FNH:2
FNDA:3,_interopRequireDefault
FNDA:1,(anonymous_1)
DA:1,1
DA:2,1
DA:3,3
DA:5,1
DA:7,1
DA:8,1
DA:9,1
DA:10,1
DA:12,1
DA:13,1
DA:14,1
DA:17,1
LF:12
LH:12
BRDA:3,0,0,4
BRDA:3,0,1,5
BRDA:12,1,0,1
BRDA:12,1,1,0
BRF:4
BRH:3
end_of_record
TN:
SF:src\controller\authController.js
FN:8,_interopRequireDefault
FN:2,_regeneratorRuntime
FN:10,(anonymous_66)
FN:11,_callee
FN:11,_callee$
FN:48,signup
FN:50,_callee2
FN:50,_callee2$
FN:112,Login
FN:113,_callee3
FN:113,_callee3$
FN:158,(anonymous_79)
FN:179,forgotPassword
FN:181,_callee4
FN:181,_callee4$
FN:224,resetPassword
FNF:16
FNH:11
FNDA:15,_interopRequireDefault
FNDA:145,_regeneratorRuntime
FNDA:2,(anonymous_66)
FNDA:0,_callee
FNDA:0,_callee$
FNDA:1,signup
FNDA:0,_callee2
FNDA:0,_callee2$
FNDA:1,Login
FNDA:2,_callee3
FNDA:7,_callee3$
FNDA:0,(anonymous_79)
FNDA:3,forgotPassword
FNDA:1,_callee4
FNDA:7,_callee4$
FNDA:1,resetPassword
DA:1,1
DA:2,530
DA:3,1
DA:4,1
DA:5,1
DA:6,1
DA:7,1
DA:8,14
DA:9,1
DA:10,2
DA:11,0
DA:14,0
DA:15,0
DA:16,0
DA:19,0
DA:24,0
DA:27,0
DA:34,0
DA:38,0
DA:42,0
DA:45,0
DA:48,1
DA:50,0
DA:52,0
DA:53,0
DA:56,0
DA:57,0
DA:60,0
DA:63,0
DA:64,0
DA:65,0
DA:66,0
DA:67,0
DA:68,0
DA:70,0
DA:71,0
DA:72,0
DA:79,0
DA:80,0
DA:81,0
DA:82,0
DA:93,0
DA:96,0
DA:99,0
DA:102,0
DA:107,0
DA:110,0
DA:112,1
DA:113,17
DA:114,2
DA:116,2
DA:120,1
DA:122,1
DA:123,1
DA:127,1
DA:131,1
DA:139,1
DA:141,1
DA:157,1
DA:158,1
DA:159,0
DA:160,0
DA:162,0
DA:166,1
DA:167,1
DA:172,0
DA:177,2
DA:179,3
DA:181,15
DA:182,1
DA:183,1
DA:185,1
DA:186,1
DA:187,1
DA:188,2
DA:190,1
DA:193,1
DA:194,0
DA:199,1
DA:200,1
DA:201,1
DA:202,1
DA:210,1
DA:213,1
DA:217,2
DA:222,1
DA:224,3
DA:227,1
LF:88
LH:47
BRDA:8,0,0,7
BRDA:8,0,1,11
BRDA:8,1,0,0
BRDA:8,1,1,0
BRDA:8,1,2,0
BRDA:8,1,3,0
BRDA:2,2,0,108
BRDA:2,2,1,143
BRDA:2,3,0,1
BRDA:2,3,1,1
BRDA:2,3,2,1
BRDA:2,3,3,1
BRDA:2,4,0,8
BRDA:2,4,1,4
BRDA:2,4,2,0
BRDA:2,5,0,0
BRDA:2,5,1,0
BRDA:2,5,2,0
BRDA:2,5,3,0
BRDA:2,5,4,0
BRDA:2,6,0,4
BRDA:2,6,1,0
BRDA:2,6,2,0
BRDA:2,6,3,0
BRDA:2,6,4,0
BRDA:2,6,5,0
BRDA:11,7,0,0
BRDA:11,7,1,0
BRDA:11,7,2,0
BRDA:11,7,3,0
BRDA:11,7,4,0
BRDA:11,7,5,0
BRDA:11,7,6,0
BRDA:11,7,7,0
BRDA:11,7,8,0
BRDA:16,8,0,0
BRDA:16,8,1,0
BRDA:50,9,0,0
BRDA:50,9,1,0
BRDA:50,9,2,0
BRDA:50,9,3,0
BRDA:50,9,4,0
BRDA:50,9,5,0
BRDA:50,9,6,0
BRDA:50,9,7,0
BRDA:50,9,8,0
BRDA:50,9,9,0
BRDA:50,9,10,0
BRDA:50,9,11,0
BRDA:50,9,12,0
BRDA:53,10,0,0
BRDA:53,10,1,0
BRDA:68,11,0,0
BRDA:68,11,1,0
BRDA:70,12,0,0
BRDA:70,12,1,0
BRDA:113,13,0,2
BRDA:113,13,1,1
BRDA:113,13,2,1
BRDA:113,13,3,1
BRDA:113,13,4,1
BRDA:113,13,5,0
BRDA:113,13,6,0
BRDA:113,13,7,2
BRDA:114,14,0,1
BRDA:114,14,1,1
BRDA:159,15,0,0
BRDA:159,15,1,0
BRDA:181,16,0,1
BRDA:181,16,1,1
BRDA:181,16,2,1
BRDA:181,16,3,1
BRDA:181,16,4,1
BRDA:181,16,5,1
BRDA:181,16,6,0
BRDA:181,16,7,1
BRDA:193,17,0,0
BRDA:193,17,1,1
BRF:78
BRH:27
end_of_record
TN:
SF:src\db\config\config.js
FNF:0
FNH:0
DA:1,1
DA:3,1
DA:4,1
LF:3
LH:3
BRF:0
BRH:0
end_of_record
TN:
SF:src\db\models\index.js
FN:21,(anonymous_0)
FN:29,(anonymous_1)
FN:34,(anonymous_2)
FNF:3
FNH:3
FNDA:2,(anonymous_0)
FNDA:1,(anonymous_1)
FNDA:1,(anonymous_2)
DA:3,1
DA:4,1
DA:5,1
DA:6,1
DA:7,1
DA:8,1
DA:9,1
DA:10,1
DA:13,1
DA:14,0
DA:16,1
DA:19,1
DA:22,2
DA:30,1
DA:31,1
DA:34,1
DA:35,1
DA:36,1
DA:40,1
DA:41,1
DA:43,1
LF:21
LH:20
BRDA:8,0,0,1
BRDA:8,0,1,1
BRDA:13,1,0,0
BRDA:13,1,1,1
BRDA:23,2,0,2
BRDA:23,2,1,2
BRDA:23,2,2,1
BRDA:23,2,3,1
BRDA:35,3,0,1
BRDA:35,3,1,0
BRF:10
BRH:8
end_of_record
TN:
SF:src\db\models\users.js
FN:1,_typeof
FN:5,(anonymous_19)
FN:6,(anonymous_20)
FN:12,associate
FNF:4
FNH:4
FNDA:36,_typeof
FNDA:1,(anonymous_19)
FNDA:7,(anonymous_20)
FNDA:1,associate
DA:1,89
DA:3,1
DA:4,1
DA:5,1
DA:6,14
DA:14,1
DA:16,1
DA:26,1
LF:8
LH:8
BRDA:1,0,0,26
BRDA:1,0,1,15
BRDA:1,1,0,0
BRDA:1,1,1,0
BRDA:1,1,2,0
BRDA:1,1,3,0
BRDA:1,2,0,6
BRDA:1,2,1,6
BRDA:1,2,2,0
BRF:9
BRH:4
end_of_record
TN:
SF:src\helper\jwtTokenize.js
FN:2,_interopRequireDefault
FN:7,encode
FN:12,decode
FNF:3
FNH:1
FNDA:2,_interopRequireDefault
FNDA:0,encode
FNDA:0,decode
DA:1,1
DA:2,2
DA:5,1
DA:7,1
DA:8,0
DA:9,0
DA:10,1
DA:12,1
DA:13,0
DA:14,0
DA:15,1
LF:11
LH:7
BRDA:2,0,0,2
BRDA:2,0,1,4
BRF:2
BRH:2
end_of_record
TN:
SF:src\middelwares\checkUser.js
FN:1,_interopRequireDefault
FN:2,_regeneratorRuntime
FN:2,(anonymous_61)
FN:2,_callee
FN:2,_callee$
FN:2,checkUser
FNF:6
FNH:6
FNDA:2,_interopRequireDefault
FNDA:67,_regeneratorRuntime
FNDA:1,(anonymous_61)
FNDA:2,_callee
FNDA:5,_callee$
FNDA:2,checkUser
DA:1,1
DA:2,201
DA:3,2
DA:4,2
DA:5,2
DA:8,2
DA:9,1
DA:12,1
DA:13,2
DA:14,1
DA:16,1
LF:11
LH:11
BRDA:1,0,0,1
BRDA:1,0,1,2
BRDA:2,1,0,36
BRDA:2,1,1,48
BRDA:2,2,0,1
BRDA:2,2,1,1
BRDA:2,2,2,1
BRDA:2,2,3,1
BRDA:2,3,0,2
BRDA:2,3,1,0
BRDA:2,3,2,0
BRDA:2,4,0,0
BRDA:2,4,1,0
BRDA:2,4,2,0
BRDA:2,4,3,0
BRDA:2,4,4,0
BRDA:2,5,0,2
BRDA:2,5,1,0
BRDA:2,5,2,0
BRDA:2,5,3,0
BRDA:2,5,4,0
BRDA:2,5,5,0
BRDA:2,6,0,2
BRDA:2,6,1,2
BRDA:2,6,2,1
BRDA:2,6,3,1
BRDA:2,6,4,2
BRDA:5,7,0,1
BRDA:5,7,1,1
BRF:29
BRH:17
end_of_record
TN:
SF:src\routers\auth.routers.js
FN:3,_interopRequireDefault
FNF:1
FNH:1
FNDA:2,_interopRequireDefault
DA:1,1
DA:2,1
DA:3,2
DA:5,1
DA:7,1
DA:8,1
DA:9,1
DA:10,1
DA:11,1
LF:9
LH:9
BRDA:3,0,0,4
BRDA:3,0,1,2
BRF:2
BRH:2
end_of_record
TN:
SF:src\routers\index.js
FN:2,_interopRequireDefault
FNF:1
FNH:1
FNDA:1,_interopRequireDefault
DA:1,1
DA:2,1
DA:3,1
DA:5,1
DA:6,1
LF:5
LH:5
BRDA:2,0,0,2
BRDA:2,0,1,1
BRF:2
BRH:2
end_of_record
