TN:
SF:src\server.js
FN:5,_interopRequireDefault
FN:49,(anonymous_1)
FNF:2
FNH:2
FNDA:5,_interopRequireDefault
FNDA:1,(anonymous_1)
DA:1,1
DA:2,1
DA:3,1
DA:4,1
DA:5,5
DA:6,1
DA:7,1
DA:10,1
DA:33,1
DA:34,1
DA:44,1
DA:45,1
DA:46,1
DA:48,1
DA:49,1
DA:50,1
DA:53,1
LF:17
LH:17
BRDA:5,0,0,6
BRDA:5,0,1,9
BRDA:48,1,0,1
BRDA:48,1,1,0
BRF:4
BRH:3
end_of_record
TN:
SF:src\controller\authController.js
FN:8,_interopRequireDefault
FN:2,_regeneratorRuntime
FN:11,(anonymous_66)
FN:12,_callee
FN:12,_callee$
FN:49,signup
FN:51,_callee2
FN:51,_callee2$
FN:113,Login
FN:114,_callee3
FN:114,_callee3$
FN:159,(anonymous_79)
FN:180,forgotPassword
FN:182,_callee4
FN:182,_callee4$
FN:225,resetPassword
FNF:16
FNH:11
FNDA:15,_interopRequireDefault
FNDA:145,_regeneratorRuntime
FNDA:2,(anonymous_66)
FNDA:0,_callee
FNDA:0,_callee$
FNDA:1,signup
FNDA:0,_callee2
FNDA:0,_callee2$
FNDA:1,Login
FNDA:2,_callee3
FNDA:7,_callee3$
FNDA:0,(anonymous_79)
FNDA:3,forgotPassword
FNDA:1,_callee4
FNDA:7,_callee4$
FNDA:1,resetPassword
DA:1,1
DA:2,530
DA:3,1
DA:4,1
DA:5,1
DA:6,1
DA:7,1
DA:8,14
DA:10,1
DA:11,2
DA:12,0
DA:15,0
DA:16,0
DA:17,0
DA:20,0
DA:25,0
DA:28,0
DA:35,0
DA:39,0
DA:43,0
DA:46,0
DA:49,1
DA:51,0
DA:53,0
DA:54,0
DA:57,0
DA:58,0
DA:61,0
DA:64,0
DA:65,0
DA:66,0
DA:67,0
DA:68,0
DA:69,0
DA:71,0
DA:72,0
DA:73,0
DA:80,0
DA:81,0
DA:82,0
DA:83,0
DA:94,0
DA:97,0
DA:100,0
DA:103,0
DA:108,0
DA:111,0
DA:113,1
DA:114,17
DA:115,2
DA:117,2
DA:121,1
DA:123,1
DA:124,1
DA:128,1
DA:132,1
DA:140,1
DA:142,1
DA:158,1
DA:159,1
DA:160,0
DA:161,0
DA:163,0
DA:167,1
DA:168,1
DA:173,0
DA:178,2
DA:180,3
DA:182,15
DA:183,1
DA:184,1
DA:186,1
DA:187,1
DA:188,1
DA:189,2
DA:191,1
DA:194,1
DA:195,0
DA:200,1
DA:201,1
DA:202,1
DA:203,1
DA:211,1
DA:214,1
DA:218,2
DA:223,1
DA:225,3
DA:228,1
LF:88
LH:47
BRDA:8,0,0,7
BRDA:8,0,1,11
BRDA:8,1,0,0
BRDA:8,1,1,0
BRDA:8,1,2,0
BRDA:8,1,3,0
BRDA:2,2,0,108
BRDA:2,2,1,143
BRDA:2,3,0,1
BRDA:2,3,1,1
BRDA:2,3,2,1
BRDA:2,3,3,1
BRDA:2,4,0,8
BRDA:2,4,1,4
BRDA:2,4,2,0
BRDA:2,5,0,0
BRDA:2,5,1,0
BRDA:2,5,2,0
BRDA:2,5,3,0
BRDA:2,5,4,0
BRDA:2,6,0,4
BRDA:2,6,1,0
BRDA:2,6,2,0
BRDA:2,6,3,0
BRDA:2,6,4,0
BRDA:2,6,5,0
BRDA:12,7,0,0
BRDA:12,7,1,0
BRDA:12,7,2,0
BRDA:12,7,3,0
BRDA:12,7,4,0
BRDA:12,7,5,0
BRDA:12,7,6,0
BRDA:12,7,7,0
BRDA:12,7,8,0
BRDA:17,8,0,0
BRDA:17,8,1,0
BRDA:51,9,0,0
BRDA:51,9,1,0
BRDA:51,9,2,0
BRDA:51,9,3,0
BRDA:51,9,4,0
BRDA:51,9,5,0
BRDA:51,9,6,0
BRDA:51,9,7,0
BRDA:51,9,8,0
BRDA:51,9,9,0
BRDA:51,9,10,0
BRDA:51,9,11,0
BRDA:51,9,12,0
BRDA:54,10,0,0
BRDA:54,10,1,0
BRDA:69,11,0,0
BRDA:69,11,1,0
BRDA:71,12,0,0
BRDA:71,12,1,0
BRDA:114,13,0,2
BRDA:114,13,1,1
BRDA:114,13,2,1
BRDA:114,13,3,1
BRDA:114,13,4,1
BRDA:114,13,5,0
BRDA:114,13,6,0
BRDA:114,13,7,2
BRDA:115,14,0,1
BRDA:115,14,1,1
BRDA:160,15,0,0
BRDA:160,15,1,0
BRDA:182,16,0,1
BRDA:182,16,1,1
BRDA:182,16,2,1
BRDA:182,16,3,1
BRDA:182,16,4,1
BRDA:182,16,5,1
BRDA:182,16,6,0
BRDA:182,16,7,1
BRDA:194,17,0,0
BRDA:194,17,1,1
BRF:78
BRH:27
end_of_record
TN:
SF:src\controller\productController.js
FN:1,_interopRequireDefault
FN:2,_regeneratorRuntime
FN:4,(anonymous_61)
FN:4,_callee
FN:4,_callee$
FN:4,addproduct
FN:18,(anonymous_65)
FN:18,_callee2
FN:18,_callee2$
FN:18,searchProduct
FNF:10
FNH:4
FNDA:2,_interopRequireDefault
FNDA:27,_regeneratorRuntime
FNDA:1,(anonymous_61)
FNDA:0,_callee
FNDA:0,_callee$
FNDA:0,addproduct
FNDA:1,(anonymous_65)
FNDA:0,_callee2
FNDA:0,_callee2$
FNDA:0,searchProduct
DA:1,1
DA:2,50
DA:4,1
DA:6,0
DA:8,0
DA:9,0
DA:12,0
DA:14,0
DA:16,1
DA:18,1
DA:20,0
DA:25,0
DA:26,0
DA:31,0
DA:35,0
DA:37,0
DA:39,1
DA:40,1
LF:18
LH:7
BRDA:1,0,0,2
BRDA:1,0,1,1
BRDA:2,1,0,10
BRDA:2,1,1,1
BRDA:2,2,0,1
BRDA:2,2,1,1
BRDA:2,2,2,1
BRDA:2,2,3,1
BRDA:2,3,0,0
BRDA:2,3,1,0
BRDA:2,3,2,0
BRDA:2,4,0,0
BRDA:2,4,1,0
BRDA:2,4,2,0
BRDA:2,4,3,0
BRDA:2,4,4,0
BRDA:2,5,0,0
BRDA:2,5,1,0
BRDA:2,5,2,0
BRDA:2,5,3,0
BRDA:2,5,4,0
BRDA:2,5,5,0
BRDA:4,6,0,0
BRDA:4,6,1,0
BRDA:4,6,2,0
BRDA:4,6,3,0
BRDA:4,6,4,0
BRDA:4,6,5,0
BRDA:6,7,0,0
BRDA:6,7,1,0
BRDA:18,8,0,0
BRDA:18,8,1,0
BRDA:18,8,2,0
BRDA:18,8,3,0
BRDA:18,8,4,0
BRDA:25,9,0,0
BRDA:25,9,1,0
BRF:37
BRH:8
end_of_record
TN:
SF:src\db\config\config.js
FNF:0
FNH:0
DA:1,1
DA:3,1
DA:4,1
LF:3
LH:3
BRF:0
BRH:0
end_of_record
TN:
SF:src\db\models\index.js
FN:21,(anonymous_0)
FN:29,(anonymous_1)
FN:34,(anonymous_2)
FNF:3
FNH:3
FNDA:3,(anonymous_0)
FNDA:2,(anonymous_1)
FNDA:2,(anonymous_2)
DA:3,1
DA:4,1
DA:5,1
DA:6,1
DA:7,1
DA:8,1
DA:9,1
DA:10,1
DA:13,1
DA:14,0
DA:16,1
DA:19,1
DA:22,3
DA:30,2
DA:31,2
DA:34,1
DA:35,2
DA:36,2
DA:40,1
DA:41,1
DA:43,1
LF:21
LH:20
BRDA:8,0,0,1
BRDA:8,0,1,1
BRDA:13,1,0,0
BRDA:13,1,1,1
BRDA:23,2,0,3
BRDA:23,2,1,3
BRDA:23,2,2,2
BRDA:23,2,3,2
BRDA:35,3,0,2
BRDA:35,3,1,0
BRF:10
BRH:8
end_of_record
TN:
SF:src\db\models\products.js
FN:1,_typeof
FN:5,(anonymous_19)
FN:6,(anonymous_20)
FN:12,associate
FNF:4
FNH:4
FNDA:11,_typeof
FNDA:1,(anonymous_19)
FNDA:1,(anonymous_20)
FNDA:1,associate
DA:1,33
DA:3,1
DA:4,1
DA:5,1
DA:6,2
DA:14,1
DA:16,1
DA:26,1
LF:8
LH:8
BRDA:1,0,0,13
BRDA:1,0,1,9
BRDA:1,1,0,0
BRDA:1,1,1,0
BRDA:1,1,2,0
BRDA:1,1,3,0
BRDA:1,2,0,0
BRDA:1,2,1,0
BRDA:1,2,2,0
BRF:9
BRH:2
end_of_record
TN:
SF:src\db\models\users.js
FN:1,_typeof
FN:5,(anonymous_19)
FN:6,(anonymous_20)
FN:12,associate
FNF:4
FNH:4
FNDA:36,_typeof
FNDA:1,(anonymous_19)
FNDA:7,(anonymous_20)
FNDA:1,associate
DA:1,89
DA:3,1
DA:4,1
DA:5,1
DA:6,14
DA:14,1
DA:16,1
DA:26,1
LF:8
LH:8
BRDA:1,0,0,26
BRDA:1,0,1,15
BRDA:1,1,0,0
BRDA:1,1,1,0
BRDA:1,1,2,0
BRDA:1,1,3,0
BRDA:1,2,0,6
BRDA:1,2,1,6
BRDA:1,2,2,0
BRF:9
BRH:4
end_of_record
TN:
SF:src\helper\jwtTokenize.js
FN:2,_interopRequireDefault
FN:7,encode
FN:12,decode
FNF:3
FNH:1
FNDA:2,_interopRequireDefault
FNDA:0,encode
FNDA:0,decode
DA:1,1
DA:2,2
DA:5,1
DA:7,1
DA:8,0
DA:9,0
DA:10,1
DA:12,1
DA:13,0
DA:14,0
DA:15,1
LF:11
LH:7
BRDA:2,0,0,2
BRDA:2,0,1,4
BRF:2
BRH:2
end_of_record
TN:
SF:src\middelwares\checkUser.js
FN:1,_interopRequireDefault
FN:2,_regeneratorRuntime
FN:2,(anonymous_61)
FN:2,_callee
FN:2,_callee$
FN:2,checkUser
FNF:6
FNH:6
FNDA:2,_interopRequireDefault
FNDA:67,_regeneratorRuntime
FNDA:1,(anonymous_61)
FNDA:2,_callee
FNDA:5,_callee$
FNDA:2,checkUser
DA:1,1
DA:2,201
DA:3,2
DA:4,2
DA:5,2
DA:8,2
DA:9,1
DA:12,1
DA:13,2
DA:14,1
DA:16,1
LF:11
LH:11
BRDA:1,0,0,1
BRDA:1,0,1,2
BRDA:2,1,0,36
BRDA:2,1,1,48
BRDA:2,2,0,1
BRDA:2,2,1,1
BRDA:2,2,2,1
BRDA:2,2,3,1
BRDA:2,3,0,2
BRDA:2,3,1,0
BRDA:2,3,2,0
BRDA:2,4,0,0
BRDA:2,4,1,0
BRDA:2,4,2,0
BRDA:2,4,3,0
BRDA:2,4,4,0
BRDA:2,5,0,2
BRDA:2,5,1,0
BRDA:2,5,2,0
BRDA:2,5,3,0
BRDA:2,5,4,0
BRDA:2,5,5,0
BRDA:2,6,0,2
BRDA:2,6,1,2
BRDA:2,6,2,1
BRDA:2,6,3,1
BRDA:2,6,4,2
BRDA:5,7,0,1
BRDA:5,7,1,1
BRF:29
BRH:17
end_of_record
TN:
SF:src\routers\auth.routers.js
FN:46,_interopRequireDefault
FNF:1
FNH:1
FNDA:2,_interopRequireDefault
DA:44,1
DA:45,1
DA:46,2
DA:48,1
DA:50,1
DA:51,1
DA:52,1
DA:53,1
DA:54,1
LF:9
LH:9
BRDA:46,0,0,4
BRDA:46,0,1,2
BRF:2
BRH:2
end_of_record
TN:
SF:src\routers\index.js
FN:3,_interopRequireDefault
FNF:1
FNH:1
FNDA:2,_interopRequireDefault
DA:1,1
DA:2,1
DA:3,2
DA:4,1
DA:6,1
DA:7,1
DA:8,1
LF:7
LH:7
BRDA:3,0,0,4
BRDA:3,0,1,2
BRF:2
BRH:2
end_of_record
TN:
SF:src\routers\product.routers.js
FN:2,_interopRequireDefault
FNF:1
FNH:1
FNDA:1,_interopRequireDefault
DA:1,1
DA:2,1
DA:3,1
DA:4,1
DA:5,1
DA:6,1
LF:6
LH:6
BRDA:2,0,0,2
BRDA:2,0,1,1
BRF:2
BRH:2
end_of_record
TN:
SF:src\services\product.services.js
FN:3,_interopRequireDefault
FN:2,_regeneratorRuntime
FN:7,(anonymous_67)
FN:8,_callee
FN:8,_callee$
FN:25,addProduct
FN:28,_callee2
FN:28,_callee2$
FN:50,searchProducts
FNF:9
FNH:4
FNDA:7,_interopRequireDefault
FNDA:33,_regeneratorRuntime
FNDA:2,(anonymous_67)
FNDA:0,_callee
FNDA:0,_callee$
FNDA:1,addProduct
FNDA:0,_callee2
FNDA:0,_callee2$
FNDA:0,searchProducts
DA:1,1
DA:2,78
DA:3,6
DA:5,1
DA:7,2
DA:8,0
DA:10,0
DA:14,0
DA:16,0
DA:24,0
DA:25,1
DA:28,0
DA:29,0
DA:30,0
DA:32,0
DA:33,0
DA:35,0
DA:36,0
DA:37,0
DA:38,0
DA:49,0
DA:50,3
LF:22
LH:7
BRDA:3,0,0,3
BRDA:3,0,1,3
BRDA:3,1,0,0
BRDA:3,1,1,0
BRDA:3,1,2,0
BRDA:3,1,3,0
BRDA:2,2,0,19
BRDA:2,2,1,6
BRDA:2,3,0,1
BRDA:2,3,1,1
BRDA:2,3,2,1
BRDA:2,3,3,1
BRDA:2,4,0,0
BRDA:2,4,1,0
BRDA:2,4,2,0
BRDA:2,5,0,0
BRDA:2,5,1,0
BRDA:2,5,2,0
BRDA:2,5,3,0
BRDA:2,5,4,0
BRDA:2,6,0,0
BRDA:2,6,1,0
BRDA:2,6,2,0
BRDA:2,6,3,0
BRDA:2,6,4,0
BRDA:2,6,5,0
BRDA:8,7,0,0
BRDA:8,7,1,0
BRDA:8,7,2,0
BRDA:8,7,3,0
BRDA:28,8,0,0
BRDA:28,8,1,0
BRDA:28,8,2,0
BRDA:28,8,3,0
BRDA:29,9,0,0
BRDA:29,9,1,0
BRDA:32,10,0,0
BRDA:32,10,1,0
BRDA:32,11,0,0
BRDA:32,11,1,0
BRDA:35,12,0,0
BRDA:35,12,1,0
BRF:42
BRH:8
end_of_record
